[12:20:51] Main/Log: Name: Player => None
[12:20:51] Main/Log: Name: Player => None
[12:20:51] Main/Log: Name: Player => None
[12:20:51] Main/Log: Name: Player => None
[12:20:51] Main/Log: Name: Player => None
[12:20:51] Main/Log: Name: PlayerModel => None
[12:20:51] Main/Log: Name: PlayerModel => None
[12:20:51] Main/Log: Name: PlayerModel => None
[12:20:51] Main/Log: Name: PlayerModel => None
[12:20:51] Main/Log: Name: PlayerModel => None
[12:20:51] Main/Log: Name: PlayerModel => None
[12:20:51] Main/Log: Name: PlayerModel => None
[12:20:51] Main/Log: Name: PlayerModel => None
[12:20:51] Main/Log: Name: PlayerModel => None
[12:20:51] Main/Log: Name: PlayerModel => None
[12:20:51] Main/Log: Name: Camera => None
[12:20:51] Main/Log: Name: Camera => None
[12:20:51] Main/Log: Name: Camera => None
[12:20:51] Main/Log: Name: Camera => None
[12:20:51] Main/Log: DirectX: 45
[12:20:51] Main/Log: Max FPS: -1
[12:20:51] Main/Log: Time set to Midnight! (0)
[12:20:51] Main/Log: Started loading GTA.
[12:20:51] Main/Log: Loading loose archive: D:/JUEGOS/KPS GTA San Andreas
[12:20:51] Main/Log: Loading image archive: D:/JUEGOS/KPS GTA San Andreas/models/gta3.img
[12:20:51] Main/Log: New image archive extension: ".dff" for: "bbb_lr_slv1.dff"
[12:20:51] Main/Log: New image archive extension: ".col" for: "veh_mods.col"
[12:20:51] Main/Log: New image archive extension: ".txd" for: "bistro.txd"
[12:20:51] Main/Log: New image archive extension: ".ipl" for: "levelmap_stream0.ipl"
[12:20:51] Main/Log: New image archive extension: ".ifp" for: "levelxre.ifp"
[12:20:51] Main/Log: New image archive extension: ".dat" for: "nodes0.dat"
[12:20:51] Main/Log: Loading image archive: D:/JUEGOS/KPS GTA San Andreas/models/gta_int.img
[12:20:51] Main/Log: New image archive extension: ".dff" for: "ammo_box_c2.dff"
[12:20:51] Main/Log: New image archive extension: ".txd" for: "barrier.txd"
[12:20:51] Main/Log: New image archive extension: ".col" for: "proc_int.col"
[12:20:51] Main/Log: New image archive extension: ".ifp" for: "props2.ifp"
[12:20:51] Main/Log: New image archive extension: ".ipl" for: "int_la_stream0.ipl"
[12:20:51] Main/Log: Loading image archive: D:/JUEGOS/KPS GTA San Andreas/models/player.img
[12:20:51] Main/Log: New image archive extension: ".dff" for: "afro.dff"
[12:20:51] Main/Log: New image archive extension: ".txd" for: "10ls.txd"
[12:20:51] Main/Log: Loading image archive: D:/JUEGOS/KPS GTA San Andreas/anim/anim.img
[12:20:51] Main/Log: New image archive extension: ".ifp" for: "airport.ifp"
[12:20:51] Main/Log: Loading image archive: D:/JUEGOS/KPS GTA San Andreas/anim/cuts.img
[12:20:51] Main/Log: New image archive extension: ".ifp" for: "bcesa4w.ifp"
[12:20:51] Main/Log: New image archive extension: ".cut" for: "bcesa4w.cut"
[12:20:51] Main/Log: New image archive extension: ".dat" for: "bcesa4w.dat"
[12:20:51] Main/Log: Loading image archive: D:/JUEGOS/KPS GTA San Andreas/models/cutscene.img
[12:20:51] Main/Log: New image archive extension: ".dff" for: "beer_girla.dff"
[12:20:51] Main/Log: New image archive extension: ".txd" for: "beer_girla.txd"
[12:20:51] Main/Log: Loading image archive: D:/JUEGOS/KPS GTA San Andreas/data/paths/carrec.img
[12:20:51] Main/Log: New image archive extension: ".rrr" for: "carrec001.rrr"
[12:20:51] Main/Log: Loading image archive: D:/JUEGOS/KPS GTA San Andreas/data/script/script.img
[12:20:51] Main/Log: New image archive extension: ".scm" for: "aaa.scm"
[12:20:51] Main/Log: Archive load time: 662.12 ms
[12:20:51] Main/Warning: Error while reading peds.col at 0x1834 (28%)
             Stacktrace: UnityEngine.Debug:LogWarningFormat(String, Object[])
                         SanAndreasUnity.Importing.Collision.CollisionFile:Load(String) (at Assets/Scripts/Importing/Collision/CollisionFile.cs:72)
                         SanAndreasUnity.Behaviours.Loader:StaticUpdate() (at Assets/Scripts/Behaviours/Loader.cs:88)
                         SanAndreasUnity.Behaviours.Loader:Update() (at Assets/Scripts/Behaviours/Loader.cs:172)

[12:20:51] Main/Warning: The requested value 'OLL?' was not found.
             Stacktrace: UnityEngine.Debug:LogWarning(Object)
                         SanAndreasUnity.Importing.Collision.CollisionFile:Load(String) (at Assets/Scripts/Importing/Collision/CollisionFile.cs:74)
                         SanAndreasUnity.Behaviours.Loader:StaticUpdate() (at Assets/Scripts/Behaviours/Loader.cs:88)
                         SanAndreasUnity.Behaviours.Loader:Update() (at Assets/Scripts/Behaviours/Loader.cs:172)

[12:20:51] Main/Log: Known problem (size off by one). Attempting to fix by adjusting read pointer...
[12:20:51] Main/Warning: Error while reading peds.col at 0x232f (41%)
             Stacktrace: UnityEngine.Debug:LogWarningFormat(String, Object[])
                         SanAndreasUnity.Importing.Collision.CollisionFile:Load(String) (at Assets/Scripts/Importing/Collision/CollisionFile.cs:72)
                         SanAndreasUnity.Behaviours.Loader:StaticUpdate() (at Assets/Scripts/Behaviours/Loader.cs:88)
                         SanAndreasUnity.Behaviours.Loader:Update() (at Assets/Scripts/Behaviours/Loader.cs:172)

[12:20:51] Main/Warning: The requested value 'OLL?' was not found.
             Stacktrace: UnityEngine.Debug:LogWarning(Object)
                         SanAndreasUnity.Importing.Collision.CollisionFile:Load(String) (at Assets/Scripts/Importing/Collision/CollisionFile.cs:74)
                         SanAndreasUnity.Behaviours.Loader:StaticUpdate() (at Assets/Scripts/Behaviours/Loader.cs:88)
                         SanAndreasUnity.Behaviours.Loader:Update() (at Assets/Scripts/Behaviours/Loader.cs:172)

[12:20:51] Main/Log: Known problem (size off by one). Attempting to fix by adjusting read pointer...
[12:20:51] Main/Log: Known problem (duplicate ct_man2 collision). Skipping...
[12:20:51] Main/Warning: Error while reading peds.col at 0x4c12 (90%)
             Stacktrace: UnityEngine.Debug:LogWarningFormat(String, Object[])
                         SanAndreasUnity.Importing.Collision.CollisionFile:Load(String) (at Assets/Scripts/Importing/Collision/CollisionFile.cs:72)
                         SanAndreasUnity.Behaviours.Loader:StaticUpdate() (at Assets/Scripts/Behaviours/Loader.cs:88)
                         SanAndreasUnity.Behaviours.Loader:Update() (at Assets/Scripts/Behaviours/Loader.cs:172)

[12:20:51] Main/Warning: The requested value 'OLL?' was not found.
             Stacktrace: UnityEngine.Debug:LogWarning(Object)
                         SanAndreasUnity.Importing.Collision.CollisionFile:Load(String) (at Assets/Scripts/Importing/Collision/CollisionFile.cs:74)
                         SanAndreasUnity.Behaviours.Loader:StaticUpdate() (at Assets/Scripts/Behaviours/Loader.cs:88)
                         SanAndreasUnity.Behaviours.Loader:Update() (at Assets/Scripts/Behaviours/Loader.cs:172)

[12:20:51] Main/Log: Known problem (size off by one). Attempting to fix by adjusting read pointer...
[12:20:52] Main/Log: Number of collision files 254
[12:20:52] Main/Log: Collision load time: 229.54 ms
[12:20:53] Main/Log: Item info load time: 1038.39 ms
[12:20:53] Main/Log: Handling info load time: 17.73 ms
[12:20:53] Main/Log: Animation group info load time: 4.93 ms
[12:20:53] Main/Log: Entries: 199
[12:20:53] Main/Log: Car color info load time: 12.09 ms
[12:20:53] Main/Warning: Invalid texture used for cursor - check importer settings
             Stacktrace: UnityEngine.Cursor:SetCursor(Texture2D, Vector2, CursorMode)
                         SanAndreasUnity.Behaviours.Loader:StaticUpdate() (at Assets/Scripts/Behaviours/Loader.cs:160)
                         SanAndreasUnity.Behaviours.Loader:Update() (at Assets/Scripts/Behaviours/Loader.cs:172)

[12:20:53] Main/Log: special texture load time: 26.57 ms
[12:20:53] Main/Log: GTA loading finished.
[12:20:56] Main/Log: Num static geometries 45088.
[12:20:56] Main/Log: Num parked vehicles 1045.
[12:20:56] Main/Log: Cell partitioning time: 3580.99 ms
[12:20:56] Main/Log: Loading water file: "D:/JUEGOS/KPS GTA San Andreas/data/water.dat" with 307 faces
[12:20:56] Main/Log: Water load time: 32.21 ms
[12:20:57] Main/Log: Noise gen time: 21.92 ms
[12:20:57] Main/Log: Loading pedestrian model after startup.
[12:20:57] Main/Warning: Unable to find texture ceaserwall03_256
             Stacktrace: UnityEngine.Debug:LogWarningFormat(String, Object[])
                         SanAndreasUnity.Importing.Conversion.Geometry:Convert(Material, TextureDictionary[], MaterialFlags) (at Assets/Scripts/Importing/Conversion/Geometry.cs:216)
                         SanAndreasUnity.Importing.Conversion.<GetMaterials>c__AnonStorey2:<>m__0(Material) (at Assets/Scripts/Importing/Conversion/Geometry.cs:586)
                         System.Linq.Enumerable:ToArray(IEnumerable`1)
                         SanAndreasUnity.Importing.Conversion.Geometry:GetMaterials(MaterialFlags, Action`1) (at Assets/Scripts/Importing/Conversion/Geometry.cs:589)
                         SanAndreasUnity.Importing.Conversion.Geometry:GetMaterials(ObjectFlag, Action`1) (at Assets/Scripts/Importing/Conversion/Geometry.cs:568)
                         SanAndreasUnity.Behaviours.World.StaticGeometry:OnLoad() (at Assets/Scripts/Behaviours/World/StaticGeometry.cs:130)
                         SanAndreasUnity.Behaviours.MapObject:Show() (at Assets/Scripts/Behaviours/MapObject.cs:114)
                         SanAndreasUnity.Behaviours.World.Division:LoadWhile(Func`1) (at Assets/Scripts/Behaviours/World/Division.cs:301)
                         SanAndreasUnity.Behaviours.World.Cell:Update() (at Assets/Scripts/Behaviours/World/Cell.cs:127)

[12:20:57] Main/Exception: ArgumentException: File "vegaswaterfall02.dff" is not a Clump!
                           Parameter name: name

               Stacktrace: SanAndreasUnity.Importing.Archive.ArchiveManager.ReadFile[Clump] (System.String name) (at Assets/Scripts/Importing/Archive/ArchiveManager.cs:70)
                           SanAndreasUnity.Importing.Conversion.Geometry.Load (System.String modelName, SanAndreasUnity.Importing.Conversion.TextureDictionary[] txds) (at Assets/Scripts/Importing/Conversion/Geometry.cs:510)
                           SanAndreasUnity.Importing.Conversion.Geometry.Load (System.String modelName, System.String[] texDictNames) (at Assets/Scripts/Importing/Conversion/Geometry.cs:498)
                           SanAndreasUnity.Behaviours.World.StaticGeometry.OnLoad () (at Assets/Scripts/Behaviours/World/StaticGeometry.cs:118)
                           SanAndreasUnity.Behaviours.MapObject.Show () (at Assets/Scripts/Behaviours/MapObject.cs:114)
                           SanAndreasUnity.Behaviours.World.Division.LoadWhile (System.Func`1 predicate) (at Assets/Scripts/Behaviours/World/Division.cs:301)
                           SanAndreasUnity.Behaviours.World.Cell.Update () (at Assets/Scripts/Behaviours/World/Cell.cs:127)

[12:20:57] Main/Warning: Tried to re-add casinoblock41a_lod (diffuse casinoblock41nt_lod vs casinoblock41dy_lod)
             Stacktrace: UnityEngine.Debug:LogWarningFormat(String, Object[])
                         SanAndreasUnity.Importing.Conversion.TextureDictionary:.ctor(TextureDictionary) (at Assets/Scripts/Importing/Conversion/TextureDictionary.cs:311)
                         SanAndreasUnity.Importing.Conversion.TextureDictionary:Load(String) (at Assets/Scripts/Importing/Conversion/TextureDictionary.cs:221)
                         SanAndreasUnity.Importing.Conversion.Geometry:<Load>m__6(String) (at Assets/Scripts/Importing/Conversion/Geometry.cs:498)
                         System.Linq.Enumerable:ToArray(IEnumerable`1)
                         SanAndreasUnity.Importing.Conversion.Geometry:Load(String, String[]) (at Assets/Scripts/Importing/Conversion/Geometry.cs:498)
                         SanAndreasUnity.Behaviours.World.StaticGeometry:OnLoad() (at Assets/Scripts/Behaviours/World/StaticGeometry.cs:118)
                         SanAndreasUnity.Behaviours.MapObject:Show() (at Assets/Scripts/Behaviours/MapObject.cs:114)
                         SanAndreasUnity.Behaviours.World.Division:LoadWhile(Func`1) (at Assets/Scripts/Behaviours/World/Division.cs:301)
                         SanAndreasUnity.Behaviours.World.Cell:Update() (at Assets/Scripts/Behaviours/World/Cell.cs:127)

[12:20:57] Main/Warning: No colours defined for FBITRUK!
             Stacktrace: UnityEngine.Debug:LogWarningFormat(String, Object[])
                         SanAndreasUnity.Behaviours.Vehicles.Vehicle:Initialize(VehicleDef, Int32[]) (at Assets/Scripts/Behaviours/Vehicles/Vehicle_Spawning.cs:320)
                         SanAndreasUnity.Behaviours.Vehicles.Vehicle:Create(Int32, Int32[], Vector3, Quaternion) (at Assets/Scripts/Behaviours/Vehicles/Vehicle_Spawning.cs:120)
                         SanAndreasUnity.Behaviours.Vehicles.Vehicle:Create(VehicleSpawner) (at Assets/Scripts/Behaviours/Vehicles/Vehicle_Spawning.cs:102)
                         SanAndreasUnity.Behaviours.Vehicles.VehicleSpawner:OnLoad() (at Assets/Scripts/Behaviours/Vehicles/VehicleSpawner.cs:50)
                         SanAndreasUnity.Behaviours.MapObject:Show() (at Assets/Scripts/Behaviours/MapObject.cs:114)
                         SanAndreasUnity.Behaviours.World.Division:LoadWhile(Func`1) (at Assets/Scripts/Behaviours/World/Division.cs:301)
                         SanAndreasUnity.Behaviours.World.Cell:Update() (at Assets/Scripts/Behaviours/World/Cell.cs:127)

[12:20:58] Main/Warning: Unable to find texture cparkvgn2_256
             Stacktrace: UnityEngine.Debug:LogWarningFormat(String, Object[])
                         SanAndreasUnity.Importing.Conversion.Geometry:Convert(Material, TextureDictionary[], MaterialFlags) (at Assets/Scripts/Importing/Conversion/Geometry.cs:216)
                         SanAndreasUnity.Importing.Conversion.<GetMaterials>c__AnonStorey2:<>m__0(Material) (at Assets/Scripts/Importing/Conversion/Geometry.cs:586)
                         System.Linq.Enumerable:ToArray(IEnumerable`1)
                         SanAndreasUnity.Importing.Conversion.Geometry:GetMaterials(MaterialFlags, Action`1) (at Assets/Scripts/Importing/Conversion/Geometry.cs:589)
                         SanAndreasUnity.Importing.Conversion.Geometry:GetMaterials(ObjectFlag, Action`1) (at Assets/Scripts/Importing/Conversion/Geometry.cs:568)
                         SanAndreasUnity.Behaviours.World.StaticGeometry:OnLoad() (at Assets/Scripts/Behaviours/World/StaticGeometry.cs:130)
                         SanAndreasUnity.Behaviours.MapObject:Show() (at Assets/Scripts/Behaviours/MapObject.cs:114)
                         SanAndreasUnity.Behaviours.World.Division:LoadWhile(Func`1) (at Assets/Scripts/Behaviours/World/Division.cs:301)
                         SanAndreasUnity.Behaviours.World.Cell:Update() (at Assets/Scripts/Behaviours/World/Cell.cs:127)

[12:20:58] Main/Warning: Unable to find texture miragewall5_256
             Stacktrace: UnityEngine.Debug:LogWarningFormat(String, Object[])
                         SanAndreasUnity.Importing.Conversion.Geometry:Convert(Material, TextureDictionary[], MaterialFlags) (at Assets/Scripts/Importing/Conversion/Geometry.cs:216)
                         SanAndreasUnity.Importing.Conversion.<GetMaterials>c__AnonStorey2:<>m__0(Material) (at Assets/Scripts/Importing/Conversion/Geometry.cs:586)
                         System.Linq.Enumerable:ToArray(IEnumerable`1)
                         SanAndreasUnity.Importing.Conversion.Geometry:GetMaterials(MaterialFlags, Action`1) (at Assets/Scripts/Importing/Conversion/Geometry.cs:589)
                         SanAndreasUnity.Importing.Conversion.Geometry:GetMaterials(ObjectFlag, Action`1) (at Assets/Scripts/Importing/Conversion/Geometry.cs:568)
                         SanAndreasUnity.Behaviours.World.StaticGeometry:OnLoad() (at Assets/Scripts/Behaviours/World/StaticGeometry.cs:130)
                         SanAndreasUnity.Behaviours.MapObject:Show() (at Assets/Scripts/Behaviours/MapObject.cs:114)
                         SanAndreasUnity.Behaviours.World.Division:LoadWhile(Func`1) (at Assets/Scripts/Behaviours/World/Division.cs:301)
                         SanAndreasUnity.Behaviours.World.Cell:Update() (at Assets/Scripts/Behaviours/World/Cell.cs:127)

[12:20:58] Main/Warning: Unable to find texture miragedoor1_256
             Stacktrace: UnityEngine.Debug:LogWarningFormat(String, Object[])
                         SanAndreasUnity.Importing.Conversion.Geometry:Convert(Material, TextureDictionary[], MaterialFlags) (at Assets/Scripts/Importing/Conversion/Geometry.cs:216)
                         SanAndreasUnity.Importing.Conversion.<GetMaterials>c__AnonStorey2:<>m__0(Material) (at Assets/Scripts/Importing/Conversion/Geometry.cs:586)
                         System.Linq.Enumerable:ToArray(IEnumerable`1)
                         SanAndreasUnity.Importing.Conversion.Geometry:GetMaterials(MaterialFlags, Action`1) (at Assets/Scripts/Importing/Conversion/Geometry.cs:589)
                         SanAndreasUnity.Importing.Conversion.Geometry:GetMaterials(ObjectFlag, Action`1) (at Assets/Scripts/Importing/Conversion/Geometry.cs:568)
                         SanAndreasUnity.Behaviours.World.StaticGeometry:OnLoad() (at Assets/Scripts/Behaviours/World/StaticGeometry.cs:130)
                         SanAndreasUnity.Behaviours.MapObject:Show() (at Assets/Scripts/Behaviours/MapObject.cs:114)
                         SanAndreasUnity.Behaviours.World.Division:LoadWhile(Func`1) (at Assets/Scripts/Behaviours/World/Division.cs:301)
                         SanAndreasUnity.Behaviours.World.Cell:Update() (at Assets/Scripts/Behaviours/World/Cell.cs:127)

[12:20:58] Main/Warning: Unable to find texture ws_rooftarmac1
             Stacktrace: UnityEngine.Debug:LogWarningFormat(String, Object[])
                         SanAndreasUnity.Importing.Conversion.Geometry:Convert(Material, TextureDictionary[], MaterialFlags) (at Assets/Scripts/Importing/Conversion/Geometry.cs:216)
                         SanAndreasUnity.Importing.Conversion.<GetMaterials>c__AnonStorey2:<>m__0(Material) (at Assets/Scripts/Importing/Conversion/Geometry.cs:586)
                         System.Linq.Enumerable:ToArray(IEnumerable`1)
                         SanAndreasUnity.Importing.Conversion.Geometry:GetMaterials(MaterialFlags, Action`1) (at Assets/Scripts/Importing/Conversion/Geometry.cs:589)
                         SanAndreasUnity.Importing.Conversion.Geometry:GetMaterials(ObjectFlag, Action`1) (at Assets/Scripts/Importing/Conversion/Geometry.cs:568)
                         SanAndreasUnity.Behaviours.World.StaticGeometry:OnLoad() (at Assets/Scripts/Behaviours/World/StaticGeometry.cs:130)
                         SanAndreasUnity.Behaviours.MapObject:Show() (at Assets/Scripts/Behaviours/MapObject.cs:114)
                         SanAndreasUnity.Behaviours.World.Division:LoadWhile(Func`1) (at Assets/Scripts/Behaviours/World/Division.cs:301)
                         SanAndreasUnity.Behaviours.World.Cell:Update() (at Assets/Scripts/Behaviours/World/Cell.cs:127)

[12:20:58] Main/Warning: Unable to find texture ceaserwall03_256
             Stacktrace: UnityEngine.Debug:LogWarningFormat(String, Object[])
                         SanAndreasUnity.Importing.Conversion.Geometry:Convert(Material, TextureDictionary[], MaterialFlags) (at Assets/Scripts/Importing/Conversion/Geometry.cs:216)
                         SanAndreasUnity.Importing.Conversion.<GetMaterials>c__AnonStorey2:<>m__0(Material) (at Assets/Scripts/Importing/Conversion/Geometry.cs:586)
                         System.Linq.Enumerable:ToArray(IEnumerable`1)
                         SanAndreasUnity.Importing.Conversion.Geometry:GetMaterials(MaterialFlags, Action`1) (at Assets/Scripts/Importing/Conversion/Geometry.cs:589)
                         SanAndreasUnity.Importing.Conversion.Geometry:GetMaterials(ObjectFlag, Action`1) (at Assets/Scripts/Importing/Conversion/Geometry.cs:568)
                         SanAndreasUnity.Behaviours.World.StaticGeometry:OnLoad() (at Assets/Scripts/Behaviours/World/StaticGeometry.cs:130)
                         SanAndreasUnity.Behaviours.MapObject:Show() (at Assets/Scripts/Behaviours/MapObject.cs:114)
                         SanAndreasUnity.Behaviours.World.Division:LoadWhile(Func`1) (at Assets/Scripts/Behaviours/World/Division.cs:301)
                         SanAndreasUnity.Behaviours.World.Cell:Update() (at Assets/Scripts/Behaviours/World/Cell.cs:127)

[12:20:58] Main/Warning: Unable to find texture vgnlowbildwal1_256
             Stacktrace: UnityEngine.Debug:LogWarningFormat(String, Object[])
                         SanAndreasUnity.Importing.Conversion.Geometry:Convert(Material, TextureDictionary[], MaterialFlags) (at Assets/Scripts/Importing/Conversion/Geometry.cs:216)
                         SanAndreasUnity.Importing.Conversion.<GetMaterials>c__AnonStorey2:<>m__0(Material) (at Assets/Scripts/Importing/Conversion/Geometry.cs:586)
                         System.Linq.Enumerable:ToArray(IEnumerable`1)
                         SanAndreasUnity.Importing.Conversion.Geometry:GetMaterials(MaterialFlags, Action`1) (at Assets/Scripts/Importing/Conversion/Geometry.cs:589)
                         SanAndreasUnity.Importing.Conversion.Geometry:GetMaterials(ObjectFlag, Action`1) (at Assets/Scripts/Importing/Conversion/Geometry.cs:568)
                         SanAndreasUnity.Behaviours.World.StaticGeometry:OnLoad() (at Assets/Scripts/Behaviours/World/StaticGeometry.cs:130)
                         SanAndreasUnity.Behaviours.MapObject:Show() (at Assets/Scripts/Behaviours/MapObject.cs:114)
                         SanAndreasUnity.Behaviours.World.Division:LoadWhile(Func`1) (at Assets/Scripts/Behaviours/World/Division.cs:301)
                         SanAndreasUnity.Behaviours.World.Cell:Update() (at Assets/Scripts/Behaviours/World/Cell.cs:127)

[12:20:58] Main/Warning: Unable to find texture ceaserwall03_256
             Stacktrace: UnityEngine.Debug:LogWarningFormat(String, Object[])
                         SanAndreasUnity.Importing.Conversion.Geometry:Convert(Material, TextureDictionary[], MaterialFlags) (at Assets/Scripts/Importing/Conversion/Geometry.cs:216)
                         SanAndreasUnity.Importing.Conversion.<GetMaterials>c__AnonStorey2:<>m__0(Material) (at Assets/Scripts/Importing/Conversion/Geometry.cs:586)
                         System.Linq.Enumerable:ToArray(IEnumerable`1)
                         SanAndreasUnity.Importing.Conversion.Geometry:GetMaterials(MaterialFlags, Action`1) (at Assets/Scripts/Importing/Conversion/Geometry.cs:589)
                         SanAndreasUnity.Importing.Conversion.Geometry:GetMaterials(ObjectFlag, Action`1) (at Assets/Scripts/Importing/Conversion/Geometry.cs:568)
                         SanAndreasUnity.Behaviours.World.StaticGeometry:OnLoad() (at Assets/Scripts/Behaviours/World/StaticGeometry.cs:130)
                         SanAndreasUnity.Behaviours.MapObject:Show() (at Assets/Scripts/Behaviours/MapObject.cs:114)
                         SanAndreasUnity.Behaviours.World.Division:LoadWhile(Func`1) (at Assets/Scripts/Behaviours/World/Division.cs:301)
                         SanAndreasUnity.Behaviours.World.Cell:Update() (at Assets/Scripts/Behaviours/World/Cell.cs:127)

[12:20:58] Main/Warning: Unable to find texture greyground256128
             Stacktrace: UnityEngine.Debug:LogWarningFormat(String, Object[])
                         SanAndreasUnity.Importing.Conversion.Geometry:Convert(Material, TextureDictionary[], MaterialFlags) (at Assets/Scripts/Importing/Conversion/Geometry.cs:216)
                         SanAndreasUnity.Importing.Conversion.<GetMaterials>c__AnonStorey2:<>m__0(Material) (at Assets/Scripts/Importing/Conversion/Geometry.cs:586)
                         System.Linq.Enumerable:ToArray(IEnumerable`1)
                         SanAndreasUnity.Importing.Conversion.Geometry:GetMaterials(MaterialFlags, Action`1) (at Assets/Scripts/Importing/Conversion/Geometry.cs:589)
                         SanAndreasUnity.Importing.Conversion.Geometry:GetMaterials(ObjectFlag, Action`1) (at Assets/Scripts/Importing/Conversion/Geometry.cs:568)
                         SanAndreasUnity.Behaviours.World.StaticGeometry:OnLoad() (at Assets/Scripts/Behaviours/World/StaticGeometry.cs:130)
                         SanAndreasUnity.Behaviours.MapObject:Show() (at Assets/Scripts/Behaviours/MapObject.cs:114)
                         SanAndreasUnity.Behaviours.World.Division:LoadWhile(Func`1) (at Assets/Scripts/Behaviours/World/Division.cs:301)
                         SanAndreasUnity.Behaviours.World.Cell:Update() (at Assets/Scripts/Behaviours/World/Cell.cs:127)

[12:20:58] Main/Warning: Unable to find texture vgnburger_256_lod
             Stacktrace: UnityEngine.Debug:LogWarningFormat(String, Object[])
                         SanAndreasUnity.Importing.Conversion.Geometry:Convert(Material, TextureDictionary[], MaterialFlags) (at Assets/Scripts/Importing/Conversion/Geometry.cs:216)
                         SanAndreasUnity.Importing.Conversion.<GetMaterials>c__AnonStorey2:<>m__0(Material) (at Assets/Scripts/Importing/Conversion/Geometry.cs:586)
                         System.Linq.Enumerable:ToArray(IEnumerable`1)
                         SanAndreasUnity.Importing.Conversion.Geometry:GetMaterials(MaterialFlags, Action`1) (at Assets/Scripts/Importing/Conversion/Geometry.cs:589)
                         SanAndreasUnity.Importing.Conversion.Geometry:GetMaterials(ObjectFlag, Action`1) (at Assets/Scripts/Importing/Conversion/Geometry.cs:568)
                         SanAndreasUnity.Behaviours.World.StaticGeometry:OnLoad() (at Assets/Scripts/Behaviours/World/StaticGeometry.cs:130)
                         SanAndreasUnity.Behaviours.MapObject:Show() (at Assets/Scripts/Behaviours/MapObject.cs:114)
                         SanAndreasUnity.Behaviours.World.Division:LoadWhile(Func`1) (at Assets/Scripts/Behaviours/World/Division.cs:301)
                         SanAndreasUnity.Behaviours.World.Cell:Update() (at Assets/Scripts/Behaviours/World/Cell.cs:127)

[12:20:58] Main/Warning: Unable to find texture vegaspavement2_256
             Stacktrace: UnityEngine.Debug:LogWarningFormat(String, Object[])
                         SanAndreasUnity.Importing.Conversion.Geometry:Convert(Material, TextureDictionary[], MaterialFlags) (at Assets/Scripts/Importing/Conversion/Geometry.cs:216)
                         SanAndreasUnity.Importing.Conversion.<GetMaterials>c__AnonStorey2:<>m__0(Material) (at Assets/Scripts/Importing/Conversion/Geometry.cs:586)
                         System.Linq.Enumerable:ToArray(IEnumerable`1)
                         SanAndreasUnity.Importing.Conversion.Geometry:GetMaterials(MaterialFlags, Action`1) (at Assets/Scripts/Importing/Conversion/Geometry.cs:589)
                         SanAndreasUnity.Importing.Conversion.Geometry:GetMaterials(ObjectFlag, Action`1) (at Assets/Scripts/Importing/Conversion/Geometry.cs:568)
                         SanAndreasUnity.Behaviours.World.StaticGeometry:OnLoad() (at Assets/Scripts/Behaviours/World/StaticGeometry.cs:130)
                         SanAndreasUnity.Behaviours.MapObject:Show() (at Assets/Scripts/Behaviours/MapObject.cs:114)
                         SanAndreasUnity.Behaviours.World.Division:LoadWhile(Func`1) (at Assets/Scripts/Behaviours/World/Division.cs:301)
                         SanAndreasUnity.Behaviours.World.Cell:Update() (at Assets/Scripts/Behaviours/World/Cell.cs:127)

[12:20:58] Main/Warning: Unable to find texture highshopwall1256
             Stacktrace: UnityEngine.Debug:LogWarningFormat(String, Object[])
                         SanAndreasUnity.Importing.Conversion.Geometry:Convert(Material, TextureDictionary[], MaterialFlags) (at Assets/Scripts/Importing/Conversion/Geometry.cs:216)
                         SanAndreasUnity.Importing.Conversion.<GetMaterials>c__AnonStorey2:<>m__0(Material) (at Assets/Scripts/Importing/Conversion/Geometry.cs:586)
                         System.Linq.Enumerable:ToArray(IEnumerable`1)
                         SanAndreasUnity.Importing.Conversion.Geometry:GetMaterials(MaterialFlags, Action`1) (at Assets/Scripts/Importing/Conversion/Geometry.cs:589)
                         SanAndreasUnity.Importing.Conversion.Geometry:GetMaterials(ObjectFlag, Action`1) (at Assets/Scripts/Importing/Conversion/Geometry.cs:568)
                         SanAndreasUnity.Behaviours.World.StaticGeometry:OnLoad() (at Assets/Scripts/Behaviours/World/StaticGeometry.cs:130)
                         SanAndreasUnity.Behaviours.MapObject:Show() (at Assets/Scripts/Behaviours/MapObject.cs:114)
                         SanAndreasUnity.Behaviours.World.Division:LoadWhile(Func`1) (at Assets/Scripts/Behaviours/World/Division.cs:301)
                         SanAndreasUnity.Behaviours.World.Cell:Update() (at Assets/Scripts/Behaviours/World/Cell.cs:127)

[12:20:58] Main/Warning: Unable to find texture vegaspavement2_256
             Stacktrace: UnityEngine.Debug:LogWarningFormat(String, Object[])
                         SanAndreasUnity.Importing.Conversion.Geometry:Convert(Material, TextureDictionary[], MaterialFlags) (at Assets/Scripts/Importing/Conversion/Geometry.cs:216)
                         SanAndreasUnity.Importing.Conversion.<GetMaterials>c__AnonStorey2:<>m__0(Material) (at Assets/Scripts/Importing/Conversion/Geometry.cs:586)
                         System.Linq.Enumerable:ToArray(IEnumerable`1)
                         SanAndreasUnity.Importing.Conversion.Geometry:GetMaterials(MaterialFlags, Action`1) (at Assets/Scripts/Importing/Conversion/Geometry.cs:589)
                         SanAndreasUnity.Importing.Conversion.Geometry:GetMaterials(ObjectFlag, Action`1) (at Assets/Scripts/Importing/Conversion/Geometry.cs:568)
                         SanAndreasUnity.Behaviours.World.StaticGeometry:OnLoad() (at Assets/Scripts/Behaviours/World/StaticGeometry.cs:130)
                         SanAndreasUnity.Behaviours.MapObject:Show() (at Assets/Scripts/Behaviours/MapObject.cs:114)
                         SanAndreasUnity.Behaviours.World.Division:LoadWhile(Func`1) (at Assets/Scripts/Behaviours/World/Division.cs:301)
                         SanAndreasUnity.Behaviours.World.Cell:Update() (at Assets/Scripts/Behaviours/World/Cell.cs:127)

[12:20:59] Main/Warning: Unable to find texture vgnacmotel5_128
             Stacktrace: UnityEngine.Debug:LogWarningFormat(String, Object[])
                         SanAndreasUnity.Importing.Conversion.Geometry:Convert(Material, TextureDictionary[], MaterialFlags) (at Assets/Scripts/Importing/Conversion/Geometry.cs:216)
                         SanAndreasUnity.Importing.Conversion.<GetMaterials>c__AnonStorey2:<>m__0(Material) (at Assets/Scripts/Importing/Conversion/Geometry.cs:586)
                         System.Linq.Enumerable:ToArray(IEnumerable`1)
                         SanAndreasUnity.Importing.Conversion.Geometry:GetMaterials(MaterialFlags, Action`1) (at Assets/Scripts/Importing/Conversion/Geometry.cs:589)
                         SanAndreasUnity.Importing.Conversion.Geometry:GetMaterials(ObjectFlag, Action`1) (at Assets/Scripts/Importing/Conversion/Geometry.cs:568)
                         SanAndreasUnity.Behaviours.World.StaticGeometry:OnLoad() (at Assets/Scripts/Behaviours/World/StaticGeometry.cs:130)
                         SanAndreasUnity.Behaviours.MapObject:Show() (at Assets/Scripts/Behaviours/MapObject.cs:114)
                         SanAndreasUnity.Behaviours.World.Division:LoadWhile(Func`1) (at Assets/Scripts/Behaviours/World/Division.cs:301)
                         SanAndreasUnity.Behaviours.World.Cell:Update() (at Assets/Scripts/Behaviours/World/Cell.cs:127)

[12:20:59] Main/Warning: Unable to find texture vgnacmotel2_256
             Stacktrace: UnityEngine.Debug:LogWarningFormat(String, Object[])
                         SanAndreasUnity.Importing.Conversion.Geometry:Convert(Material, TextureDictionary[], MaterialFlags) (at Assets/Scripts/Importing/Conversion/Geometry.cs:216)
                         SanAndreasUnity.Importing.Conversion.<GetMaterials>c__AnonStorey2:<>m__0(Material) (at Assets/Scripts/Importing/Conversion/Geometry.cs:586)
                         System.Linq.Enumerable:ToArray(IEnumerable`1)
                         SanAndreasUnity.Importing.Conversion.Geometry:GetMaterials(MaterialFlags, Action`1) (at Assets/Scripts/Importing/Conversion/Geometry.cs:589)
                         SanAndreasUnity.Importing.Conversion.Geometry:GetMaterials(ObjectFlag, Action`1) (at Assets/Scripts/Importing/Conversion/Geometry.cs:568)
                         SanAndreasUnity.Behaviours.World.StaticGeometry:OnLoad() (at Assets/Scripts/Behaviours/World/StaticGeometry.cs:130)
                         SanAndreasUnity.Behaviours.MapObject:Show() (at Assets/Scripts/Behaviours/MapObject.cs:114)
                         SanAndreasUnity.Behaviours.World.Division:LoadWhile(Func`1) (at Assets/Scripts/Behaviours/World/Division.cs:301)
                         SanAndreasUnity.Behaviours.World.Cell:Update() (at Assets/Scripts/Behaviours/World/Cell.cs:127)

[12:20:59] Main/Warning: Unable to find texture elcid3_256
             Stacktrace: UnityEngine.Debug:LogWarningFormat(String, Object[])
                         SanAndreasUnity.Importing.Conversion.Geometry:Convert(Material, TextureDictionary[], MaterialFlags) (at Assets/Scripts/Importing/Conversion/Geometry.cs:216)
                         SanAndreasUnity.Importing.Conversion.<GetMaterials>c__AnonStorey2:<>m__0(Material) (at Assets/Scripts/Importing/Conversion/Geometry.cs:586)
                         System.Linq.Enumerable:ToArray(IEnumerable`1)
                         SanAndreasUnity.Importing.Conversion.Geometry:GetMaterials(MaterialFlags, Action`1) (at Assets/Scripts/Importing/Conversion/Geometry.cs:589)
                         SanAndreasUnity.Importing.Conversion.Geometry:GetMaterials(ObjectFlag, Action`1) (at Assets/Scripts/Importing/Conversion/Geometry.cs:568)
                         SanAndreasUnity.Behaviours.World.StaticGeometry:OnLoad() (at Assets/Scripts/Behaviours/World/StaticGeometry.cs:130)
                         SanAndreasUnity.Behaviours.MapObject:Show() (at Assets/Scripts/Behaviours/MapObject.cs:114)
                         SanAndreasUnity.Behaviours.World.Division:LoadWhile(Func`1) (at Assets/Scripts/Behaviours/World/Division.cs:301)
                         SanAndreasUnity.Behaviours.World.Cell:Update() (at Assets/Scripts/Behaviours/World/Cell.cs:127)

[12:20:59] Main/Warning: Unable to find texture bluapartwall1_256
             Stacktrace: UnityEngine.Debug:LogWarningFormat(String, Object[])
                         SanAndreasUnity.Importing.Conversion.Geometry:Convert(Material, TextureDictionary[], MaterialFlags) (at Assets/Scripts/Importing/Conversion/Geometry.cs:216)
                         SanAndreasUnity.Importing.Conversion.<GetMaterials>c__AnonStorey2:<>m__0(Material) (at Assets/Scripts/Importing/Conversion/Geometry.cs:586)
                         System.Linq.Enumerable:ToArray(IEnumerable`1)
                         SanAndreasUnity.Importing.Conversion.Geometry:GetMaterials(MaterialFlags, Action`1) (at Assets/Scripts/Importing/Conversion/Geometry.cs:589)
                         SanAndreasUnity.Importing.Conversion.Geometry:GetMaterials(ObjectFlag, Action`1) (at Assets/Scripts/Importing/Conversion/Geometry.cs:568)
                         SanAndreasUnity.Behaviours.World.StaticGeometry:OnLoad() (at Assets/Scripts/Behaviours/World/StaticGeometry.cs:130)
                         SanAndreasUnity.Behaviours.MapObject:Show() (at Assets/Scripts/Behaviours/MapObject.cs:114)
                         SanAndreasUnity.Behaviours.World.Division:LoadWhile(Func`1) (at Assets/Scripts/Behaviours/World/Division.cs:301)
                         SanAndreasUnity.Behaviours.World.Cell:Update() (at Assets/Scripts/Behaviours/World/Cell.cs:127)

[12:20:59] Main/Warning: Unable to find texture vgnhsewall1_256
             Stacktrace: UnityEngine.Debug:LogWarningFormat(String, Object[])
                         SanAndreasUnity.Importing.Conversion.Geometry:Convert(Material, TextureDictionary[], MaterialFlags) (at Assets/Scripts/Importing/Conversion/Geometry.cs:216)
                         SanAndreasUnity.Importing.Conversion.<GetMaterials>c__AnonStorey2:<>m__0(Material) (at Assets/Scripts/Importing/Conversion/Geometry.cs:586)
                         System.Linq.Enumerable:ToArray(IEnumerable`1)
                         SanAndreasUnity.Importing.Conversion.Geometry:GetMaterials(MaterialFlags, Action`1) (at Assets/Scripts/Importing/Conversion/Geometry.cs:589)
                         SanAndreasUnity.Importing.Conversion.Geometry:GetMaterials(ObjectFlag, Action`1) (at Assets/Scripts/Importing/Conversion/Geometry.cs:568)
                         SanAndreasUnity.Behaviours.World.StaticGeometry:OnLoad() (at Assets/Scripts/Behaviours/World/StaticGeometry.cs:130)
                         SanAndreasUnity.Behaviours.MapObject:Show() (at Assets/Scripts/Behaviours/MapObject.cs:114)
                         SanAndreasUnity.Behaviours.World.Division:LoadWhile(Func`1) (at Assets/Scripts/Behaviours/World/Division.cs:301)
                         SanAndreasUnity.Behaviours.World.Cell:Update() (at Assets/Scripts/Behaviours/World/Cell.cs:127)

[12:20:59] Main/Warning: Unable to find texture vgnhsewall1_256
             Stacktrace: UnityEngine.Debug:LogWarningFormat(String, Object[])
                         SanAndreasUnity.Importing.Conversion.Geometry:Convert(Material, TextureDictionary[], MaterialFlags) (at Assets/Scripts/Importing/Conversion/Geometry.cs:216)
                         SanAndreasUnity.Importing.Conversion.<GetMaterials>c__AnonStorey2:<>m__0(Material) (at Assets/Scripts/Importing/Conversion/Geometry.cs:586)
                         System.Linq.Enumerable:ToArray(IEnumerable`1)
                         SanAndreasUnity.Importing.Conversion.Geometry:GetMaterials(MaterialFlags, Action`1) (at Assets/Scripts/Importing/Conversion/Geometry.cs:589)
                         SanAndreasUnity.Importing.Conversion.Geometry:GetMaterials(ObjectFlag, Action`1) (at Assets/Scripts/Importing/Conversion/Geometry.cs:568)
                         SanAndreasUnity.Behaviours.World.StaticGeometry:OnLoad() (at Assets/Scripts/Behaviours/World/StaticGeometry.cs:130)
                         SanAndreasUnity.Behaviours.MapObject:Show() (at Assets/Scripts/Behaviours/MapObject.cs:114)
                         SanAndreasUnity.Behaviours.World.Division:LoadWhile(Func`1) (at Assets/Scripts/Behaviours/World/Division.cs:301)
                         SanAndreasUnity.Behaviours.World.Cell:Update() (at Assets/Scripts/Behaviours/World/Cell.cs:127)

[12:20:59] Main/Warning: Unable to find texture sw_brewbrick01
             Stacktrace: UnityEngine.Debug:LogWarningFormat(String, Object[])
                         SanAndreasUnity.Importing.Conversion.Geometry:Convert(Material, TextureDictionary[], MaterialFlags) (at Assets/Scripts/Importing/Conversion/Geometry.cs:216)
                         SanAndreasUnity.Importing.Conversion.<GetMaterials>c__AnonStorey2:<>m__0(Material) (at Assets/Scripts/Importing/Conversion/Geometry.cs:586)
                         System.Linq.Enumerable:ToArray(IEnumerable`1)
                         SanAndreasUnity.Importing.Conversion.Geometry:GetMaterials(MaterialFlags, Action`1) (at Assets/Scripts/Importing/Conversion/Geometry.cs:589)
                         SanAndreasUnity.Importing.Conversion.Geometry:GetMaterials(ObjectFlag, Action`1) (at Assets/Scripts/Importing/Conversion/Geometry.cs:568)
                         SanAndreasUnity.Behaviours.World.StaticGeometry:OnLoad() (at Assets/Scripts/Behaviours/World/StaticGeometry.cs:130)
                         SanAndreasUnity.Behaviours.MapObject:Show() (at Assets/Scripts/Behaviours/MapObject.cs:114)
                         SanAndreasUnity.Behaviours.World.Division:LoadWhile(Func`1) (at Assets/Scripts/Behaviours/World/Division.cs:301)
                         SanAndreasUnity.Behaviours.World.Cell:Update() (at Assets/Scripts/Behaviours/World/Cell.cs:127)

[12:20:59] Main/Warning: Unable to find texture pizza_wellstacked_lod
             Stacktrace: UnityEngine.Debug:LogWarningFormat(String, Object[])
                         SanAndreasUnity.Importing.Conversion.Geometry:Convert(Material, TextureDictionary[], MaterialFlags) (at Assets/Scripts/Importing/Conversion/Geometry.cs:216)
                         SanAndreasUnity.Importing.Conversion.<GetMaterials>c__AnonStorey2:<>m__0(Material) (at Assets/Scripts/Importing/Conversion/Geometry.cs:586)
                         System.Linq.Enumerable:ToArray(IEnumerable`1)
                         SanAndreasUnity.Importing.Conversion.Geometry:GetMaterials(MaterialFlags, Action`1) (at Assets/Scripts/Importing/Conversion/Geometry.cs:589)
                         SanAndreasUnity.Importing.Conversion.Geometry:GetMaterials(ObjectFlag, Action`1) (at Assets/Scripts/Importing/Conversion/Geometry.cs:568)
                         SanAndreasUnity.Behaviours.World.StaticGeometry:OnLoad() (at Assets/Scripts/Behaviours/World/StaticGeometry.cs:130)
                         SanAndreasUnity.Behaviours.MapObject:Show() (at Assets/Scripts/Behaviours/MapObject.cs:114)
                         SanAndreasUnity.Behaviours.World.Division:LoadWhile(Func`1) (at Assets/Scripts/Behaviours/World/Division.cs:301)
                         SanAndreasUnity.Behaviours.World.Cell:Update() (at Assets/Scripts/Behaviours/World/Cell.cs:127)

[12:20:59] Main/Warning: Unable to find texture vgnfirestat1_256
             Stacktrace: UnityEngine.Debug:LogWarningFormat(String, Object[])
                         SanAndreasUnity.Importing.Conversion.Geometry:Convert(Material, TextureDictionary[], MaterialFlags) (at Assets/Scripts/Importing/Conversion/Geometry.cs:216)
                         SanAndreasUnity.Importing.Conversion.<GetMaterials>c__AnonStorey2:<>m__0(Material) (at Assets/Scripts/Importing/Conversion/Geometry.cs:586)
                         System.Linq.Enumerable:ToArray(IEnumerable`1)
                         SanAndreasUnity.Importing.Conversion.Geometry:GetMaterials(MaterialFlags, Action`1) (at Assets/Scripts/Importing/Conversion/Geometry.cs:589)
                         SanAndreasUnity.Importing.Conversion.Geometry:GetMaterials(ObjectFlag, Action`1) (at Assets/Scripts/Importing/Conversion/Geometry.cs:568)
                         SanAndreasUnity.Behaviours.World.StaticGeometry:OnLoad() (at Assets/Scripts/Behaviours/World/StaticGeometry.cs:130)
                         SanAndreasUnity.Behaviours.MapObject:Show() (at Assets/Scripts/Behaviours/MapObject.cs:114)
                         SanAndreasUnity.Behaviours.World.Division:LoadWhile(Func`1) (at Assets/Scripts/Behaviours/World/Division.cs:301)
                         SanAndreasUnity.Behaviours.World.Cell:Update() (at Assets/Scripts/Behaviours/World/Cell.cs:127)

[12:20:59] Main/Warning: Unable to find texture alleywall3
             Stacktrace: UnityEngine.Debug:LogWarningFormat(String, Object[])
                         SanAndreasUnity.Importing.Conversion.Geometry:Convert(Material, TextureDictionary[], MaterialFlags) (at Assets/Scripts/Importing/Conversion/Geometry.cs:216)
                         SanAndreasUnity.Importing.Conversion.<GetMaterials>c__AnonStorey2:<>m__0(Material) (at Assets/Scripts/Importing/Conversion/Geometry.cs:586)
                         System.Linq.Enumerable:ToArray(IEnumerable`1)
                         SanAndreasUnity.Importing.Conversion.Geometry:GetMaterials(MaterialFlags, Action`1) (at Assets/Scripts/Importing/Conversion/Geometry.cs:589)
                         SanAndreasUnity.Importing.Conversion.Geometry:GetMaterials(ObjectFlag, Action`1) (at Assets/Scripts/Importing/Conversion/Geometry.cs:568)
                         SanAndreasUnity.Behaviours.World.StaticGeometry:OnLoad() (at Assets/Scripts/Behaviours/World/StaticGeometry.cs:130)
                         SanAndreasUnity.Behaviours.MapObject:Show() (at Assets/Scripts/Behaviours/MapObject.cs:114)
                         SanAndreasUnity.Behaviours.World.Division:LoadWhile(Func`1) (at Assets/Scripts/Behaviours/World/Division.cs:301)
                         SanAndreasUnity.Behaviours.World.Cell:Update() (at Assets/Scripts/Behaviours/World/Cell.cs:127)

[12:20:59] Main/Warning: Unable to find texture garageledge01_64
             Stacktrace: UnityEngine.Debug:LogWarningFormat(String, Object[])
                         SanAndreasUnity.Importing.Conversion.Geometry:Convert(Material, TextureDictionary[], MaterialFlags) (at Assets/Scripts/Importing/Conversion/Geometry.cs:216)
                         SanAndreasUnity.Importing.Conversion.<GetMaterials>c__AnonStorey2:<>m__0(Material) (at Assets/Scripts/Importing/Conversion/Geometry.cs:586)
                         System.Linq.Enumerable:ToArray(IEnumerable`1)
                         SanAndreasUnity.Importing.Conversion.Geometry:GetMaterials(MaterialFlags, Action`1) (at Assets/Scripts/Importing/Conversion/Geometry.cs:589)
                         SanAndreasUnity.Importing.Conversion.Geometry:GetMaterials(ObjectFlag, Action`1) (at Assets/Scripts/Importing/Conversion/Geometry.cs:568)
                         SanAndreasUnity.Behaviours.World.StaticGeometry:OnLoad() (at Assets/Scripts/Behaviours/World/StaticGeometry.cs:130)
                         SanAndreasUnity.Behaviours.MapObject:Show() (at Assets/Scripts/Behaviours/MapObject.cs:114)
                         SanAndreasUnity.Behaviours.World.Division:LoadWhile(Func`1) (at Assets/Scripts/Behaviours/World/Division.cs:301)
                         SanAndreasUnity.Behaviours.World.Cell:Update() (at Assets/Scripts/Behaviours/World/Cell.cs:127)

[12:20:59] Main/Warning: Unable to find texture sw_wind12
             Stacktrace: UnityEngine.Debug:LogWarningFormat(String, Object[])
                         SanAndreasUnity.Importing.Conversion.Geometry:Convert(Material, TextureDictionary[], MaterialFlags) (at Assets/Scripts/Importing/Conversion/Geometry.cs:216)
                         SanAndreasUnity.Importing.Conversion.<GetMaterials>c__AnonStorey2:<>m__0(Material) (at Assets/Scripts/Importing/Conversion/Geometry.cs:586)
                         System.Linq.Enumerable:ToArray(IEnumerable`1)
                         SanAndreasUnity.Importing.Conversion.Geometry:GetMaterials(MaterialFlags, Action`1) (at Assets/Scripts/Importing/Conversion/Geometry.cs:589)
                         SanAndreasUnity.Importing.Conversion.Geometry:GetMaterials(ObjectFlag, Action`1) (at Assets/Scripts/Importing/Conversion/Geometry.cs:568)
                         SanAndreasUnity.Behaviours.World.StaticGeometry:OnLoad() (at Assets/Scripts/Behaviours/World/StaticGeometry.cs:130)
                         SanAndreasUnity.Behaviours.MapObject:Show() (at Assets/Scripts/Behaviours/MapObject.cs:114)
                         SanAndreasUnity.Behaviours.World.Division:LoadWhile(Func`1) (at Assets/Scripts/Behaviours/World/Division.cs:301)
                         SanAndreasUnity.Behaviours.World.Cell:Update() (at Assets/Scripts/Behaviours/World/Cell.cs:127)

[12:20:59] Main/Warning: Unable to find texture GB_nastybar20
             Stacktrace: UnityEngine.Debug:LogWarningFormat(String, Object[])
                         SanAndreasUnity.Importing.Conversion.Geometry:Convert(Material, TextureDictionary[], MaterialFlags) (at Assets/Scripts/Importing/Conversion/Geometry.cs:216)
                         SanAndreasUnity.Importing.Conversion.<GetMaterials>c__AnonStorey2:<>m__0(Material) (at Assets/Scripts/Importing/Conversion/Geometry.cs:586)
                         System.Linq.Enumerable:ToArray(IEnumerable`1)
                         SanAndreasUnity.Importing.Conversion.Geometry:GetMaterials(MaterialFlags, Action`1) (at Assets/Scripts/Importing/Conversion/Geometry.cs:589)
                         SanAndreasUnity.Importing.Conversion.Geometry:GetMaterials(ObjectFlag, Action`1) (at Assets/Scripts/Importing/Conversion/Geometry.cs:568)
                         SanAndreasUnity.Behaviours.World.StaticGeometry:OnLoad() (at Assets/Scripts/Behaviours/World/StaticGeometry.cs:130)
                         SanAndreasUnity.Behaviours.MapObject:Show() (at Assets/Scripts/Behaviours/MapObject.cs:114)
                         SanAndreasUnity.Behaviours.World.Division:LoadWhile(Func`1) (at Assets/Scripts/Behaviours/World/Division.cs:301)
                         SanAndreasUnity.Behaviours.World.Cell:Update() (at Assets/Scripts/Behaviours/World/Cell.cs:127)

[12:20:59] Main/Warning: Unable to find texture Grass
             Stacktrace: UnityEngine.Debug:LogWarningFormat(String, Object[])
                         SanAndreasUnity.Importing.Conversion.Geometry:Convert(Material, TextureDictionary[], MaterialFlags) (at Assets/Scripts/Importing/Conversion/Geometry.cs:216)
                         SanAndreasUnity.Importing.Conversion.<GetMaterials>c__AnonStorey2:<>m__0(Material) (at Assets/Scripts/Importing/Conversion/Geometry.cs:586)
                         System.Linq.Enumerable:ToArray(IEnumerable`1)
                         SanAndreasUnity.Importing.Conversion.Geometry:GetMaterials(MaterialFlags, Action`1) (at Assets/Scripts/Importing/Conversion/Geometry.cs:589)
                         SanAndreasUnity.Importing.Conversion.Geometry:GetMaterials(ObjectFlag, Action`1) (at Assets/Scripts/Importing/Conversion/Geometry.cs:568)
                         SanAndreasUnity.Behaviours.World.StaticGeometry:OnLoad() (at Assets/Scripts/Behaviours/World/StaticGeometry.cs:130)
                         SanAndreasUnity.Behaviours.MapObject:Show() (at Assets/Scripts/Behaviours/MapObject.cs:114)
                         SanAndreasUnity.Behaviours.World.Division:LoadWhile(Func`1) (at Assets/Scripts/Behaviours/World/Division.cs:301)
                         SanAndreasUnity.Behaviours.World.Cell:Update() (at Assets/Scripts/Behaviours/World/Cell.cs:127)

