[11:06:59] Main/Log: Name: Player => None
[11:06:59] Main/Log: Name: Player => None
[11:06:59] Main/Log: Name: Player => None
[11:06:59] Main/Log: Name: Player => None
[11:06:59] Main/Log: Name: Player => None
[11:06:59] Main/Log: Name: PlayerModel => None
[11:06:59] Main/Log: Name: PlayerModel => None
[11:06:59] Main/Log: Name: PlayerModel => None
[11:06:59] Main/Log: Name: PlayerModel => None
[11:06:59] Main/Log: Name: PlayerModel => None
[11:06:59] Main/Log: Name: PlayerModel => None
[11:06:59] Main/Log: Name: PlayerModel => None
[11:06:59] Main/Log: Name: PlayerModel => None
[11:06:59] Main/Log: Name: PlayerModel => None
[11:06:59] Main/Log: Name: unnamed => None
[11:06:59] Main/Log: Name: unnamed => None
[11:06:59] Main/Log: Name: Root => None
[11:06:59] Main/Log: Name: Root => None
[11:06:59] Main/Log: Name:  Pelvis => None
[11:06:59] Main/Log: Name:  Pelvis => None
[11:06:59] Main/Log: Name:  Pelvis => None
[11:06:59] Main/Log: Name:  R Thigh => None
[11:06:59] Main/Log: Name:  R Thigh => None
[11:06:59] Main/Log: Name:  R Calf => None
[11:06:59] Main/Log: Name:  R Calf => None
[11:06:59] Main/Log: Name:  R Foot => None
[11:06:59] Main/Log: Name:  R Foot => None
[11:06:59] Main/Log: Name:  R Toe0 => None
[11:06:59] Main/Log: Name:  R Toe0 => None
[11:06:59] Main/Log: Name:  L Thigh => None
[11:06:59] Main/Log: Name:  L Thigh => None
[11:06:59] Main/Log: Name:  L Calf => None
[11:06:59] Main/Log: Name:  L Calf => None
[11:06:59] Main/Log: Name:  L Foot => None
[11:06:59] Main/Log: Name:  L Foot => None
[11:06:59] Main/Log: Name:  L Toe0 => None
[11:06:59] Main/Log: Name:  L Toe0 => None
[11:06:59] Main/Log: Name:  Spine => None
[11:06:59] Main/Log: Name:  Spine => None
[11:06:59] Main/Log: Name: Belly => None
[11:06:59] Main/Log: Name: Belly => None
[11:06:59] Main/Log: Name:  Spine1 => None
[11:06:59] Main/Log: Name:  Spine1 => None
[11:06:59] Main/Log: Name: R breast => None
[11:06:59] Main/Log: Name: R breast => None
[11:06:59] Main/Log: Name: L breast => None
[11:06:59] Main/Log: Name: L breast => None
[11:06:59] Main/Log: Name:  Neck => None
[11:06:59] Main/Log: Name:  Neck => None
[11:06:59] Main/Log: Name: Bip01 R Clavicle => None
[11:06:59] Main/Log: Name: Bip01 R Clavicle => None
[11:06:59] Main/Log: Name:  R UpperArm => None
[11:06:59] Main/Log: Name:  R UpperArm => None
[11:06:59] Main/Log: Name:  R ForeArm => None
[11:06:59] Main/Log: Name:  R ForeArm => None
[11:06:59] Main/Log: Name:  R Hand => None
[11:06:59] Main/Log: Name:  R Hand => None
[11:06:59] Main/Log: Name:  R Finger => None
[11:06:59] Main/Log: Name:  R Finger => None
[11:06:59] Main/Log: Name: R Finger01 => None
[11:06:59] Main/Log: Name: R Finger01 => None
[11:06:59] Main/Log: Name: Bip01 L Clavicle => None
[11:06:59] Main/Log: Name: Bip01 L Clavicle => None
[11:06:59] Main/Log: Name:  L UpperArm => None
[11:06:59] Main/Log: Name:  L UpperArm => None
[11:06:59] Main/Log: Name:  L ForeArm => None
[11:06:59] Main/Log: Name:  L ForeArm => None
[11:06:59] Main/Log: Name:  L Hand => None
[11:06:59] Main/Log: Name:  L Hand => None
[11:06:59] Main/Log: Name:  L Finger => None
[11:06:59] Main/Log: Name:  L Finger => None
[11:06:59] Main/Log: Name: L Finger01 => None
[11:06:59] Main/Log: Name: L Finger01 => None
[11:06:59] Main/Log: Name:  Head => None
[11:06:59] Main/Log: Name:  Head => None
[11:06:59] Main/Log: Name: R Brow => None
[11:06:59] Main/Log: Name: R Brow => None
[11:06:59] Main/Log: Name: L Brow => None
[11:06:59] Main/Log: Name: L Brow => None
[11:06:59] Main/Log: Name: Jaw => None
[11:06:59] Main/Log: Name: Jaw => None
[11:06:59] Main/Log: Name: Camera => None
[11:06:59] Main/Log: Name: Camera => None
[11:06:59] Main/Log: Name: Camera => None
[11:06:59] Main/Log: Name: Camera => None
[11:06:59] Main/Log: DirectX: 45
[11:06:59] Main/Log: Max FPS: -1
[11:06:59] Main/Log: Started loading GTA.
[11:06:59] Main/Log: Loading loose archive: D:/JUEGOS/KPS GTA San Andreas
[11:06:59] Main/Log: Loading image archive: D:/JUEGOS/KPS GTA San Andreas/models/gta3.img
[11:06:59] Main/Log: New image archive extension: ".dff" for: "bbb_lr_slv1.dff"
[11:06:59] Main/Log: New image archive extension: ".col" for: "veh_mods.col"
[11:06:59] Main/Log: New image archive extension: ".txd" for: "bistro.txd"
[11:06:59] Main/Log: New image archive extension: ".ipl" for: "levelmap_stream0.ipl"
[11:06:59] Main/Log: New image archive extension: ".ifp" for: "levelxre.ifp"
[11:06:59] Main/Log: New image archive extension: ".dat" for: "nodes0.dat"
[11:07:00] Main/Log: Loading image archive: D:/JUEGOS/KPS GTA San Andreas/models/gta_int.img
[11:07:00] Main/Log: New image archive extension: ".dff" for: "ammo_box_c2.dff"
[11:07:00] Main/Log: New image archive extension: ".txd" for: "barrier.txd"
[11:07:00] Main/Log: New image archive extension: ".col" for: "proc_int.col"
[11:07:00] Main/Log: New image archive extension: ".ifp" for: "props2.ifp"
[11:07:00] Main/Log: New image archive extension: ".ipl" for: "int_la_stream0.ipl"
[11:07:00] Main/Log: Loading image archive: D:/JUEGOS/KPS GTA San Andreas/models/player.img
[11:07:00] Main/Log: New image archive extension: ".dff" for: "afro.dff"
[11:07:00] Main/Log: New image archive extension: ".txd" for: "10ls.txd"
[11:07:00] Main/Log: Loading image archive: D:/JUEGOS/KPS GTA San Andreas/anim/anim.img
[11:07:00] Main/Log: New image archive extension: ".ifp" for: "airport.ifp"
[11:07:00] Main/Log: Loading image archive: D:/JUEGOS/KPS GTA San Andreas/anim/cuts.img
[11:07:00] Main/Log: New image archive extension: ".ifp" for: "bcesa4w.ifp"
[11:07:00] Main/Log: New image archive extension: ".cut" for: "bcesa4w.cut"
[11:07:00] Main/Log: New image archive extension: ".dat" for: "bcesa4w.dat"
[11:07:00] Main/Log: Loading image archive: D:/JUEGOS/KPS GTA San Andreas/models/cutscene.img
[11:07:00] Main/Log: New image archive extension: ".dff" for: "beer_girla.dff"
[11:07:00] Main/Log: New image archive extension: ".txd" for: "beer_girla.txd"
[11:07:00] Main/Log: Loading image archive: D:/JUEGOS/KPS GTA San Andreas/data/paths/carrec.img
[11:07:00] Main/Log: New image archive extension: ".rrr" for: "carrec001.rrr"
[11:07:00] Main/Log: Loading image archive: D:/JUEGOS/KPS GTA San Andreas/data/script/script.img
[11:07:00] Main/Log: New image archive extension: ".scm" for: "aaa.scm"
[11:07:00] Main/Log: Archive load time: 644.40 ms
[11:07:00] Main/Warning: Error while reading peds.col at 0x1834 (28%)
             StackTrace: UnityEngine.Debug:LogWarningFormat(String, Object[])
                         SanAndreasUnity.Importing.Collision.CollisionFile:Load(String) (at Assets/Scripts/Importing/Collision/CollisionFile.cs:72)
                         SanAndreasUnity.Behaviours.Loader:StaticUpdate() (at Assets/Scripts/Behaviours/Loader.cs:88)
                         SanAndreasUnity.Behaviours.Loader:Update() (at Assets/Scripts/Behaviours/Loader.cs:172)

[11:07:00] Main/Warning: The requested value 'OLL?' was not found.
             StackTrace: UnityEngine.Debug:LogWarning(Object)
                         SanAndreasUnity.Importing.Collision.CollisionFile:Load(String) (at Assets/Scripts/Importing/Collision/CollisionFile.cs:74)
                         SanAndreasUnity.Behaviours.Loader:StaticUpdate() (at Assets/Scripts/Behaviours/Loader.cs:88)
                         SanAndreasUnity.Behaviours.Loader:Update() (at Assets/Scripts/Behaviours/Loader.cs:172)

[11:07:00] Main/Log: Known problem (size off by one). Attempting to fix by adjusting read pointer...
[11:07:00] Main/Warning: Error while reading peds.col at 0x232f (41%)
             StackTrace: UnityEngine.Debug:LogWarningFormat(String, Object[])
                         SanAndreasUnity.Importing.Collision.CollisionFile:Load(String) (at Assets/Scripts/Importing/Collision/CollisionFile.cs:72)
                         SanAndreasUnity.Behaviours.Loader:StaticUpdate() (at Assets/Scripts/Behaviours/Loader.cs:88)
                         SanAndreasUnity.Behaviours.Loader:Update() (at Assets/Scripts/Behaviours/Loader.cs:172)

[11:07:00] Main/Warning: The requested value 'OLL?' was not found.
             StackTrace: UnityEngine.Debug:LogWarning(Object)
                         SanAndreasUnity.Importing.Collision.CollisionFile:Load(String) (at Assets/Scripts/Importing/Collision/CollisionFile.cs:74)
                         SanAndreasUnity.Behaviours.Loader:StaticUpdate() (at Assets/Scripts/Behaviours/Loader.cs:88)
                         SanAndreasUnity.Behaviours.Loader:Update() (at Assets/Scripts/Behaviours/Loader.cs:172)

[11:07:00] Main/Log: Known problem (size off by one). Attempting to fix by adjusting read pointer...
[11:07:00] Main/Log: Known problem (duplicate ct_man2 collision). Skipping...
[11:07:00] Main/Warning: Error while reading peds.col at 0x4c12 (90%)
             StackTrace: UnityEngine.Debug:LogWarningFormat(String, Object[])
                         SanAndreasUnity.Importing.Collision.CollisionFile:Load(String) (at Assets/Scripts/Importing/Collision/CollisionFile.cs:72)
                         SanAndreasUnity.Behaviours.Loader:StaticUpdate() (at Assets/Scripts/Behaviours/Loader.cs:88)
                         SanAndreasUnity.Behaviours.Loader:Update() (at Assets/Scripts/Behaviours/Loader.cs:172)

[11:07:00] Main/Warning: The requested value 'OLL?' was not found.
             StackTrace: UnityEngine.Debug:LogWarning(Object)
                         SanAndreasUnity.Importing.Collision.CollisionFile:Load(String) (at Assets/Scripts/Importing/Collision/CollisionFile.cs:74)
                         SanAndreasUnity.Behaviours.Loader:StaticUpdate() (at Assets/Scripts/Behaviours/Loader.cs:88)
                         SanAndreasUnity.Behaviours.Loader:Update() (at Assets/Scripts/Behaviours/Loader.cs:172)

[11:07:00] Main/Log: Known problem (size off by one). Attempting to fix by adjusting read pointer...
[11:07:00] Main/Log: Number of collision files 254
[11:07:00] Main/Log: Collision load time: 221.72 ms
[11:07:01] Main/Log: Item info load time: 1030.02 ms
[11:07:01] Main/Log: Handling info load time: 18.11 ms
[11:07:01] Main/Log: Animation group info load time: 4.98 ms
[11:07:01] Main/Log: Entries: 199
[11:07:01] Main/Log: Car color info load time: 11.89 ms
[11:07:01] Main/Warning: Invalid texture used for cursor - check importer settings
             StackTrace: UnityEngine.Cursor:SetCursor(Texture2D, Vector2, CursorMode)
                         SanAndreasUnity.Behaviours.Loader:StaticUpdate() (at Assets/Scripts/Behaviours/Loader.cs:160)
                         SanAndreasUnity.Behaviours.Loader:Update() (at Assets/Scripts/Behaviours/Loader.cs:172)

[11:07:01] Main/Log: special texture load time: 42.83 ms
[11:07:01] Main/Log: GTA loading finished.
[11:07:04] Main/Log: Num static geometries 45088.
[11:07:05] Main/Log: Num parked vehicles 1045.
[11:07:05] Main/Log: Cell partitioning time: 3519.05 ms
[11:07:05] Main/Log: Loading water file: "D:/JUEGOS/KPS GTA San Andreas/data/water.dat" with 307 faces
[11:07:05] Main/Log: Water load time: 32.49 ms
[11:07:05] Main/Log: Noise gen time: 18.20 ms
[11:07:05] Main/Log: Loading pedestrian model after startup.
[11:07:05] Main/Warning: Unable to find texture ceaserwall03_256
             StackTrace: UnityEngine.Debug:LogWarningFormat(String, Object[])
                         SanAndreasUnity.Importing.Conversion.Geometry:Convert(Material, TextureDictionary[], MaterialFlags) (at Assets/Scripts/Importing/Conversion/Geometry.cs:216)
                         SanAndreasUnity.Importing.Conversion.<GetMaterials>c__AnonStorey2:<>m__0(Material) (at Assets/Scripts/Importing/Conversion/Geometry.cs:586)
                         System.Linq.Enumerable:ToArray(IEnumerable`1)
                         SanAndreasUnity.Importing.Conversion.Geometry:GetMaterials(MaterialFlags, Action`1) (at Assets/Scripts/Importing/Conversion/Geometry.cs:589)
                         SanAndreasUnity.Importing.Conversion.Geometry:GetMaterials(ObjectFlag, Action`1) (at Assets/Scripts/Importing/Conversion/Geometry.cs:568)
                         SanAndreasUnity.Behaviours.World.StaticGeometry:OnLoad() (at Assets/Scripts/Behaviours/World/StaticGeometry.cs:130)
                         SanAndreasUnity.Behaviours.MapObject:Show() (at Assets/Scripts/Behaviours/MapObject.cs:114)
                         SanAndreasUnity.Behaviours.World.Division:LoadWhile(Func`1) (at Assets/Scripts/Behaviours/World/Division.cs:301)
                         SanAndreasUnity.Behaviours.World.Cell:Update() (at Assets/Scripts/Behaviours/World/Cell.cs:127)

[11:07:05] Main/Exception: ArgumentException: File "vegaswaterfall02.dff" is not a Clump!
                           Parameter name: name

               StackTrace: SanAndreasUnity.Importing.Archive.ArchiveManager.ReadFile[Clump] (System.String name) (at Assets/Scripts/Importing/Archive/ArchiveManager.cs:70)
                           SanAndreasUnity.Importing.Conversion.Geometry.Load (System.String modelName, SanAndreasUnity.Importing.Conversion.TextureDictionary[] txds) (at Assets/Scripts/Importing/Conversion/Geometry.cs:510)
                           SanAndreasUnity.Importing.Conversion.Geometry.Load (System.String modelName, System.String[] texDictNames) (at Assets/Scripts/Importing/Conversion/Geometry.cs:498)
                           SanAndreasUnity.Behaviours.World.StaticGeometry.OnLoad () (at Assets/Scripts/Behaviours/World/StaticGeometry.cs:118)
                           SanAndreasUnity.Behaviours.MapObject.Show () (at Assets/Scripts/Behaviours/MapObject.cs:114)
                           SanAndreasUnity.Behaviours.World.Division.LoadWhile (System.Func`1 predicate) (at Assets/Scripts/Behaviours/World/Division.cs:301)
                           SanAndreasUnity.Behaviours.World.Cell.Update () (at Assets/Scripts/Behaviours/World/Cell.cs:127)

[11:07:06] Main/Warning: Tried to re-add casinoblock41a_lod (diffuse casinoblock41nt_lod vs casinoblock41dy_lod)
             StackTrace: UnityEngine.Debug:LogWarningFormat(String, Object[])
                         SanAndreasUnity.Importing.Conversion.TextureDictionary:.ctor(TextureDictionary) (at Assets/Scripts/Importing/Conversion/TextureDictionary.cs:311)
                         SanAndreasUnity.Importing.Conversion.TextureDictionary:Load(String) (at Assets/Scripts/Importing/Conversion/TextureDictionary.cs:221)
                         SanAndreasUnity.Importing.Conversion.Geometry:<Load>m__6(String) (at Assets/Scripts/Importing/Conversion/Geometry.cs:498)
                         System.Linq.Enumerable:ToArray(IEnumerable`1)
                         SanAndreasUnity.Importing.Conversion.Geometry:Load(String, String[]) (at Assets/Scripts/Importing/Conversion/Geometry.cs:498)
                         SanAndreasUnity.Behaviours.World.StaticGeometry:OnLoad() (at Assets/Scripts/Behaviours/World/StaticGeometry.cs:118)
                         SanAndreasUnity.Behaviours.MapObject:Show() (at Assets/Scripts/Behaviours/MapObject.cs:114)
                         SanAndreasUnity.Behaviours.World.Division:LoadWhile(Func`1) (at Assets/Scripts/Behaviours/World/Division.cs:301)
                         SanAndreasUnity.Behaviours.World.Cell:Update() (at Assets/Scripts/Behaviours/World/Cell.cs:127)

[11:07:06] Main/Warning: Unable to find texture miragewall5_256
             StackTrace: UnityEngine.Debug:LogWarningFormat(String, Object[])
                         SanAndreasUnity.Importing.Conversion.Geometry:Convert(Material, TextureDictionary[], MaterialFlags) (at Assets/Scripts/Importing/Conversion/Geometry.cs:216)
                         SanAndreasUnity.Importing.Conversion.<GetMaterials>c__AnonStorey2:<>m__0(Material) (at Assets/Scripts/Importing/Conversion/Geometry.cs:586)
                         System.Linq.Enumerable:ToArray(IEnumerable`1)
                         SanAndreasUnity.Importing.Conversion.Geometry:GetMaterials(MaterialFlags, Action`1) (at Assets/Scripts/Importing/Conversion/Geometry.cs:589)
                         SanAndreasUnity.Importing.Conversion.Geometry:GetMaterials(ObjectFlag, Action`1) (at Assets/Scripts/Importing/Conversion/Geometry.cs:568)
                         SanAndreasUnity.Behaviours.World.StaticGeometry:OnLoad() (at Assets/Scripts/Behaviours/World/StaticGeometry.cs:130)
                         SanAndreasUnity.Behaviours.MapObject:Show() (at Assets/Scripts/Behaviours/MapObject.cs:114)
                         SanAndreasUnity.Behaviours.World.Division:LoadWhile(Func`1) (at Assets/Scripts/Behaviours/World/Division.cs:301)
                         SanAndreasUnity.Behaviours.World.Cell:Update() (at Assets/Scripts/Behaviours/World/Cell.cs:127)

[11:07:06] Main/Warning: Unable to find texture miragedoor1_256
             StackTrace: UnityEngine.Debug:LogWarningFormat(String, Object[])
                         SanAndreasUnity.Importing.Conversion.Geometry:Convert(Material, TextureDictionary[], MaterialFlags) (at Assets/Scripts/Importing/Conversion/Geometry.cs:216)
                         SanAndreasUnity.Importing.Conversion.<GetMaterials>c__AnonStorey2:<>m__0(Material) (at Assets/Scripts/Importing/Conversion/Geometry.cs:586)
                         System.Linq.Enumerable:ToArray(IEnumerable`1)
                         SanAndreasUnity.Importing.Conversion.Geometry:GetMaterials(MaterialFlags, Action`1) (at Assets/Scripts/Importing/Conversion/Geometry.cs:589)
                         SanAndreasUnity.Importing.Conversion.Geometry:GetMaterials(ObjectFlag, Action`1) (at Assets/Scripts/Importing/Conversion/Geometry.cs:568)
                         SanAndreasUnity.Behaviours.World.StaticGeometry:OnLoad() (at Assets/Scripts/Behaviours/World/StaticGeometry.cs:130)
                         SanAndreasUnity.Behaviours.MapObject:Show() (at Assets/Scripts/Behaviours/MapObject.cs:114)
                         SanAndreasUnity.Behaviours.World.Division:LoadWhile(Func`1) (at Assets/Scripts/Behaviours/World/Division.cs:301)
                         SanAndreasUnity.Behaviours.World.Cell:Update() (at Assets/Scripts/Behaviours/World/Cell.cs:127)

[11:07:06] Main/Warning: Unable to find texture ws_rooftarmac1
             StackTrace: UnityEngine.Debug:LogWarningFormat(String, Object[])
                         SanAndreasUnity.Importing.Conversion.Geometry:Convert(Material, TextureDictionary[], MaterialFlags) (at Assets/Scripts/Importing/Conversion/Geometry.cs:216)
                         SanAndreasUnity.Importing.Conversion.<GetMaterials>c__AnonStorey2:<>m__0(Material) (at Assets/Scripts/Importing/Conversion/Geometry.cs:586)
                         System.Linq.Enumerable:ToArray(IEnumerable`1)
                         SanAndreasUnity.Importing.Conversion.Geometry:GetMaterials(MaterialFlags, Action`1) (at Assets/Scripts/Importing/Conversion/Geometry.cs:589)
                         SanAndreasUnity.Importing.Conversion.Geometry:GetMaterials(ObjectFlag, Action`1) (at Assets/Scripts/Importing/Conversion/Geometry.cs:568)
                         SanAndreasUnity.Behaviours.World.StaticGeometry:OnLoad() (at Assets/Scripts/Behaviours/World/StaticGeometry.cs:130)
                         SanAndreasUnity.Behaviours.MapObject:Show() (at Assets/Scripts/Behaviours/MapObject.cs:114)
                         SanAndreasUnity.Behaviours.World.Division:LoadWhile(Func`1) (at Assets/Scripts/Behaviours/World/Division.cs:301)
                         SanAndreasUnity.Behaviours.World.Cell:Update() (at Assets/Scripts/Behaviours/World/Cell.cs:127)

[11:07:06] Main/Warning: Unable to find texture cparkvgn2_256
             StackTrace: UnityEngine.Debug:LogWarningFormat(String, Object[])
                         SanAndreasUnity.Importing.Conversion.Geometry:Convert(Material, TextureDictionary[], MaterialFlags) (at Assets/Scripts/Importing/Conversion/Geometry.cs:216)
                         SanAndreasUnity.Importing.Conversion.<GetMaterials>c__AnonStorey2:<>m__0(Material) (at Assets/Scripts/Importing/Conversion/Geometry.cs:586)
                         System.Linq.Enumerable:ToArray(IEnumerable`1)
                         SanAndreasUnity.Importing.Conversion.Geometry:GetMaterials(MaterialFlags, Action`1) (at Assets/Scripts/Importing/Conversion/Geometry.cs:589)
                         SanAndreasUnity.Importing.Conversion.Geometry:GetMaterials(ObjectFlag, Action`1) (at Assets/Scripts/Importing/Conversion/Geometry.cs:568)
                         SanAndreasUnity.Behaviours.World.StaticGeometry:OnLoad() (at Assets/Scripts/Behaviours/World/StaticGeometry.cs:130)
                         SanAndreasUnity.Behaviours.MapObject:Show() (at Assets/Scripts/Behaviours/MapObject.cs:114)
                         SanAndreasUnity.Behaviours.World.Division:LoadWhile(Func`1) (at Assets/Scripts/Behaviours/World/Division.cs:301)
                         SanAndreasUnity.Behaviours.World.Cell:Update() (at Assets/Scripts/Behaviours/World/Cell.cs:127)

[11:07:07] Main/Warning: Unable to find texture ceaserwall03_256
             StackTrace: UnityEngine.Debug:LogWarningFormat(String, Object[])
                         SanAndreasUnity.Importing.Conversion.Geometry:Convert(Material, TextureDictionary[], MaterialFlags) (at Assets/Scripts/Importing/Conversion/Geometry.cs:216)
                         SanAndreasUnity.Importing.Conversion.<GetMaterials>c__AnonStorey2:<>m__0(Material) (at Assets/Scripts/Importing/Conversion/Geometry.cs:586)
                         System.Linq.Enumerable:ToArray(IEnumerable`1)
                         SanAndreasUnity.Importing.Conversion.Geometry:GetMaterials(MaterialFlags, Action`1) (at Assets/Scripts/Importing/Conversion/Geometry.cs:589)
                         SanAndreasUnity.Importing.Conversion.Geometry:GetMaterials(ObjectFlag, Action`1) (at Assets/Scripts/Importing/Conversion/Geometry.cs:568)
                         SanAndreasUnity.Behaviours.World.StaticGeometry:OnLoad() (at Assets/Scripts/Behaviours/World/StaticGeometry.cs:130)
                         SanAndreasUnity.Behaviours.MapObject:Show() (at Assets/Scripts/Behaviours/MapObject.cs:114)
                         SanAndreasUnity.Behaviours.World.Division:LoadWhile(Func`1) (at Assets/Scripts/Behaviours/World/Division.cs:301)
                         SanAndreasUnity.Behaviours.World.Cell:Update() (at Assets/Scripts/Behaviours/World/Cell.cs:127)

[11:07:07] Main/Warning: Unable to find texture vgnlowbildwal1_256
             StackTrace: UnityEngine.Debug:LogWarningFormat(String, Object[])
                         SanAndreasUnity.Importing.Conversion.Geometry:Convert(Material, TextureDictionary[], MaterialFlags) (at Assets/Scripts/Importing/Conversion/Geometry.cs:216)
                         SanAndreasUnity.Importing.Conversion.<GetMaterials>c__AnonStorey2:<>m__0(Material) (at Assets/Scripts/Importing/Conversion/Geometry.cs:586)
                         System.Linq.Enumerable:ToArray(IEnumerable`1)
                         SanAndreasUnity.Importing.Conversion.Geometry:GetMaterials(MaterialFlags, Action`1) (at Assets/Scripts/Importing/Conversion/Geometry.cs:589)
                         SanAndreasUnity.Importing.Conversion.Geometry:GetMaterials(ObjectFlag, Action`1) (at Assets/Scripts/Importing/Conversion/Geometry.cs:568)
                         SanAndreasUnity.Behaviours.World.StaticGeometry:OnLoad() (at Assets/Scripts/Behaviours/World/StaticGeometry.cs:130)
                         SanAndreasUnity.Behaviours.MapObject:Show() (at Assets/Scripts/Behaviours/MapObject.cs:114)
                         SanAndreasUnity.Behaviours.World.Division:LoadWhile(Func`1) (at Assets/Scripts/Behaviours/World/Division.cs:301)
                         SanAndreasUnity.Behaviours.World.Cell:Update() (at Assets/Scripts/Behaviours/World/Cell.cs:127)

[11:07:07] Main/Warning: Unable to find texture ceaserwall03_256
             StackTrace: UnityEngine.Debug:LogWarningFormat(String, Object[])
                         SanAndreasUnity.Importing.Conversion.Geometry:Convert(Material, TextureDictionary[], MaterialFlags) (at Assets/Scripts/Importing/Conversion/Geometry.cs:216)
                         SanAndreasUnity.Importing.Conversion.<GetMaterials>c__AnonStorey2:<>m__0(Material) (at Assets/Scripts/Importing/Conversion/Geometry.cs:586)
                         System.Linq.Enumerable:ToArray(IEnumerable`1)
                         SanAndreasUnity.Importing.Conversion.Geometry:GetMaterials(MaterialFlags, Action`1) (at Assets/Scripts/Importing/Conversion/Geometry.cs:589)
                         SanAndreasUnity.Importing.Conversion.Geometry:GetMaterials(ObjectFlag, Action`1) (at Assets/Scripts/Importing/Conversion/Geometry.cs:568)
                         SanAndreasUnity.Behaviours.World.StaticGeometry:OnLoad() (at Assets/Scripts/Behaviours/World/StaticGeometry.cs:130)
                         SanAndreasUnity.Behaviours.MapObject:Show() (at Assets/Scripts/Behaviours/MapObject.cs:114)
                         SanAndreasUnity.Behaviours.World.Division:LoadWhile(Func`1) (at Assets/Scripts/Behaviours/World/Division.cs:301)
                         SanAndreasUnity.Behaviours.World.Cell:Update() (at Assets/Scripts/Behaviours/World/Cell.cs:127)

[11:07:07] Main/Warning: Unable to find texture greyground256128
             StackTrace: UnityEngine.Debug:LogWarningFormat(String, Object[])
                         SanAndreasUnity.Importing.Conversion.Geometry:Convert(Material, TextureDictionary[], MaterialFlags) (at Assets/Scripts/Importing/Conversion/Geometry.cs:216)
                         SanAndreasUnity.Importing.Conversion.<GetMaterials>c__AnonStorey2:<>m__0(Material) (at Assets/Scripts/Importing/Conversion/Geometry.cs:586)
                         System.Linq.Enumerable:ToArray(IEnumerable`1)
                         SanAndreasUnity.Importing.Conversion.Geometry:GetMaterials(MaterialFlags, Action`1) (at Assets/Scripts/Importing/Conversion/Geometry.cs:589)
                         SanAndreasUnity.Importing.Conversion.Geometry:GetMaterials(ObjectFlag, Action`1) (at Assets/Scripts/Importing/Conversion/Geometry.cs:568)
                         SanAndreasUnity.Behaviours.World.StaticGeometry:OnLoad() (at Assets/Scripts/Behaviours/World/StaticGeometry.cs:130)
                         SanAndreasUnity.Behaviours.MapObject:Show() (at Assets/Scripts/Behaviours/MapObject.cs:114)
                         SanAndreasUnity.Behaviours.World.Division:LoadWhile(Func`1) (at Assets/Scripts/Behaviours/World/Division.cs:301)
                         SanAndreasUnity.Behaviours.World.Cell:Update() (at Assets/Scripts/Behaviours/World/Cell.cs:127)

[11:07:07] Main/Warning: Unable to find texture vgnburger_256_lod
             StackTrace: UnityEngine.Debug:LogWarningFormat(String, Object[])
                         SanAndreasUnity.Importing.Conversion.Geometry:Convert(Material, TextureDictionary[], MaterialFlags) (at Assets/Scripts/Importing/Conversion/Geometry.cs:216)
                         SanAndreasUnity.Importing.Conversion.<GetMaterials>c__AnonStorey2:<>m__0(Material) (at Assets/Scripts/Importing/Conversion/Geometry.cs:586)
                         System.Linq.Enumerable:ToArray(IEnumerable`1)
                         SanAndreasUnity.Importing.Conversion.Geometry:GetMaterials(MaterialFlags, Action`1) (at Assets/Scripts/Importing/Conversion/Geometry.cs:589)
                         SanAndreasUnity.Importing.Conversion.Geometry:GetMaterials(ObjectFlag, Action`1) (at Assets/Scripts/Importing/Conversion/Geometry.cs:568)
                         SanAndreasUnity.Behaviours.World.StaticGeometry:OnLoad() (at Assets/Scripts/Behaviours/World/StaticGeometry.cs:130)
                         SanAndreasUnity.Behaviours.MapObject:Show() (at Assets/Scripts/Behaviours/MapObject.cs:114)
                         SanAndreasUnity.Behaviours.World.Division:LoadWhile(Func`1) (at Assets/Scripts/Behaviours/World/Division.cs:301)
                         SanAndreasUnity.Behaviours.World.Cell:Update() (at Assets/Scripts/Behaviours/World/Cell.cs:127)

[11:07:07] Main/Warning: Unable to find texture vegaspavement2_256
             StackTrace: UnityEngine.Debug:LogWarningFormat(String, Object[])
                         SanAndreasUnity.Importing.Conversion.Geometry:Convert(Material, TextureDictionary[], MaterialFlags) (at Assets/Scripts/Importing/Conversion/Geometry.cs:216)
                         SanAndreasUnity.Importing.Conversion.<GetMaterials>c__AnonStorey2:<>m__0(Material) (at Assets/Scripts/Importing/Conversion/Geometry.cs:586)
                         System.Linq.Enumerable:ToArray(IEnumerable`1)
                         SanAndreasUnity.Importing.Conversion.Geometry:GetMaterials(MaterialFlags, Action`1) (at Assets/Scripts/Importing/Conversion/Geometry.cs:589)
                         SanAndreasUnity.Importing.Conversion.Geometry:GetMaterials(ObjectFlag, Action`1) (at Assets/Scripts/Importing/Conversion/Geometry.cs:568)
                         SanAndreasUnity.Behaviours.World.StaticGeometry:OnLoad() (at Assets/Scripts/Behaviours/World/StaticGeometry.cs:130)
                         SanAndreasUnity.Behaviours.MapObject:Show() (at Assets/Scripts/Behaviours/MapObject.cs:114)
                         SanAndreasUnity.Behaviours.World.Division:LoadWhile(Func`1) (at Assets/Scripts/Behaviours/World/Division.cs:301)
                         SanAndreasUnity.Behaviours.World.Cell:Update() (at Assets/Scripts/Behaviours/World/Cell.cs:127)

[11:07:07] Main/Warning: Unable to find texture highshopwall1256
             StackTrace: UnityEngine.Debug:LogWarningFormat(String, Object[])
                         SanAndreasUnity.Importing.Conversion.Geometry:Convert(Material, TextureDictionary[], MaterialFlags) (at Assets/Scripts/Importing/Conversion/Geometry.cs:216)
                         SanAndreasUnity.Importing.Conversion.<GetMaterials>c__AnonStorey2:<>m__0(Material) (at Assets/Scripts/Importing/Conversion/Geometry.cs:586)
                         System.Linq.Enumerable:ToArray(IEnumerable`1)
                         SanAndreasUnity.Importing.Conversion.Geometry:GetMaterials(MaterialFlags, Action`1) (at Assets/Scripts/Importing/Conversion/Geometry.cs:589)
                         SanAndreasUnity.Importing.Conversion.Geometry:GetMaterials(ObjectFlag, Action`1) (at Assets/Scripts/Importing/Conversion/Geometry.cs:568)
                         SanAndreasUnity.Behaviours.World.StaticGeometry:OnLoad() (at Assets/Scripts/Behaviours/World/StaticGeometry.cs:130)
                         SanAndreasUnity.Behaviours.MapObject:Show() (at Assets/Scripts/Behaviours/MapObject.cs:114)
                         SanAndreasUnity.Behaviours.World.Division:LoadWhile(Func`1) (at Assets/Scripts/Behaviours/World/Division.cs:301)
                         SanAndreasUnity.Behaviours.World.Cell:Update() (at Assets/Scripts/Behaviours/World/Cell.cs:127)

[11:07:07] Main/Warning: Unable to find texture vegaspavement2_256
             StackTrace: UnityEngine.Debug:LogWarningFormat(String, Object[])
                         SanAndreasUnity.Importing.Conversion.Geometry:Convert(Material, TextureDictionary[], MaterialFlags) (at Assets/Scripts/Importing/Conversion/Geometry.cs:216)
                         SanAndreasUnity.Importing.Conversion.<GetMaterials>c__AnonStorey2:<>m__0(Material) (at Assets/Scripts/Importing/Conversion/Geometry.cs:586)
                         System.Linq.Enumerable:ToArray(IEnumerable`1)
                         SanAndreasUnity.Importing.Conversion.Geometry:GetMaterials(MaterialFlags, Action`1) (at Assets/Scripts/Importing/Conversion/Geometry.cs:589)
                         SanAndreasUnity.Importing.Conversion.Geometry:GetMaterials(ObjectFlag, Action`1) (at Assets/Scripts/Importing/Conversion/Geometry.cs:568)
                         SanAndreasUnity.Behaviours.World.StaticGeometry:OnLoad() (at Assets/Scripts/Behaviours/World/StaticGeometry.cs:130)
                         SanAndreasUnity.Behaviours.MapObject:Show() (at Assets/Scripts/Behaviours/MapObject.cs:114)
                         SanAndreasUnity.Behaviours.World.Division:LoadWhile(Func`1) (at Assets/Scripts/Behaviours/World/Division.cs:301)
                         SanAndreasUnity.Behaviours.World.Cell:Update() (at Assets/Scripts/Behaviours/World/Cell.cs:127)

[11:07:07] Main/Warning: Unable to find texture vgnacmotel5_128
             StackTrace: UnityEngine.Debug:LogWarningFormat(String, Object[])
                         SanAndreasUnity.Importing.Conversion.Geometry:Convert(Material, TextureDictionary[], MaterialFlags) (at Assets/Scripts/Importing/Conversion/Geometry.cs:216)
                         SanAndreasUnity.Importing.Conversion.<GetMaterials>c__AnonStorey2:<>m__0(Material) (at Assets/Scripts/Importing/Conversion/Geometry.cs:586)
                         System.Linq.Enumerable:ToArray(IEnumerable`1)
                         SanAndreasUnity.Importing.Conversion.Geometry:GetMaterials(MaterialFlags, Action`1) (at Assets/Scripts/Importing/Conversion/Geometry.cs:589)
                         SanAndreasUnity.Importing.Conversion.Geometry:GetMaterials(ObjectFlag, Action`1) (at Assets/Scripts/Importing/Conversion/Geometry.cs:568)
                         SanAndreasUnity.Behaviours.World.StaticGeometry:OnLoad() (at Assets/Scripts/Behaviours/World/StaticGeometry.cs:130)
                         SanAndreasUnity.Behaviours.MapObject:Show() (at Assets/Scripts/Behaviours/MapObject.cs:114)
                         SanAndreasUnity.Behaviours.World.Division:LoadWhile(Func`1) (at Assets/Scripts/Behaviours/World/Division.cs:301)
                         SanAndreasUnity.Behaviours.World.Cell:Update() (at Assets/Scripts/Behaviours/World/Cell.cs:127)

[11:07:07] Main/Warning: Unable to find texture vgnacmotel2_256
             StackTrace: UnityEngine.Debug:LogWarningFormat(String, Object[])
                         SanAndreasUnity.Importing.Conversion.Geometry:Convert(Material, TextureDictionary[], MaterialFlags) (at Assets/Scripts/Importing/Conversion/Geometry.cs:216)
                         SanAndreasUnity.Importing.Conversion.<GetMaterials>c__AnonStorey2:<>m__0(Material) (at Assets/Scripts/Importing/Conversion/Geometry.cs:586)
                         System.Linq.Enumerable:ToArray(IEnumerable`1)
                         SanAndreasUnity.Importing.Conversion.Geometry:GetMaterials(MaterialFlags, Action`1) (at Assets/Scripts/Importing/Conversion/Geometry.cs:589)
                         SanAndreasUnity.Importing.Conversion.Geometry:GetMaterials(ObjectFlag, Action`1) (at Assets/Scripts/Importing/Conversion/Geometry.cs:568)
                         SanAndreasUnity.Behaviours.World.StaticGeometry:OnLoad() (at Assets/Scripts/Behaviours/World/StaticGeometry.cs:130)
                         SanAndreasUnity.Behaviours.MapObject:Show() (at Assets/Scripts/Behaviours/MapObject.cs:114)
                         SanAndreasUnity.Behaviours.World.Division:LoadWhile(Func`1) (at Assets/Scripts/Behaviours/World/Division.cs:301)
                         SanAndreasUnity.Behaviours.World.Cell:Update() (at Assets/Scripts/Behaviours/World/Cell.cs:127)

[11:07:07] Main/Warning: Unable to find texture vgnhsewall1_256
             StackTrace: UnityEngine.Debug:LogWarningFormat(String, Object[])
                         SanAndreasUnity.Importing.Conversion.Geometry:Convert(Material, TextureDictionary[], MaterialFlags) (at Assets/Scripts/Importing/Conversion/Geometry.cs:216)
                         SanAndreasUnity.Importing.Conversion.<GetMaterials>c__AnonStorey2:<>m__0(Material) (at Assets/Scripts/Importing/Conversion/Geometry.cs:586)
                         System.Linq.Enumerable:ToArray(IEnumerable`1)
                         SanAndreasUnity.Importing.Conversion.Geometry:GetMaterials(MaterialFlags, Action`1) (at Assets/Scripts/Importing/Conversion/Geometry.cs:589)
                         SanAndreasUnity.Importing.Conversion.Geometry:GetMaterials(ObjectFlag, Action`1) (at Assets/Scripts/Importing/Conversion/Geometry.cs:568)
                         SanAndreasUnity.Behaviours.World.StaticGeometry:OnLoad() (at Assets/Scripts/Behaviours/World/StaticGeometry.cs:130)
                         SanAndreasUnity.Behaviours.MapObject:Show() (at Assets/Scripts/Behaviours/MapObject.cs:114)
                         SanAndreasUnity.Behaviours.World.Division:LoadWhile(Func`1) (at Assets/Scripts/Behaviours/World/Division.cs:301)
                         SanAndreasUnity.Behaviours.World.Cell:Update() (at Assets/Scripts/Behaviours/World/Cell.cs:127)

[11:07:07] Main/Warning: Unable to find texture vgnhsewall1_256
             StackTrace: UnityEngine.Debug:LogWarningFormat(String, Object[])
                         SanAndreasUnity.Importing.Conversion.Geometry:Convert(Material, TextureDictionary[], MaterialFlags) (at Assets/Scripts/Importing/Conversion/Geometry.cs:216)
                         SanAndreasUnity.Importing.Conversion.<GetMaterials>c__AnonStorey2:<>m__0(Material) (at Assets/Scripts/Importing/Conversion/Geometry.cs:586)
                         System.Linq.Enumerable:ToArray(IEnumerable`1)
                         SanAndreasUnity.Importing.Conversion.Geometry:GetMaterials(MaterialFlags, Action`1) (at Assets/Scripts/Importing/Conversion/Geometry.cs:589)
                         SanAndreasUnity.Importing.Conversion.Geometry:GetMaterials(ObjectFlag, Action`1) (at Assets/Scripts/Importing/Conversion/Geometry.cs:568)
                         SanAndreasUnity.Behaviours.World.StaticGeometry:OnLoad() (at Assets/Scripts/Behaviours/World/StaticGeometry.cs:130)
                         SanAndreasUnity.Behaviours.MapObject:Show() (at Assets/Scripts/Behaviours/MapObject.cs:114)
                         SanAndreasUnity.Behaviours.World.Division:LoadWhile(Func`1) (at Assets/Scripts/Behaviours/World/Division.cs:301)
                         SanAndreasUnity.Behaviours.World.Cell:Update() (at Assets/Scripts/Behaviours/World/Cell.cs:127)

[11:07:07] Main/Warning: Unable to find texture elcid3_256
             StackTrace: UnityEngine.Debug:LogWarningFormat(String, Object[])
                         SanAndreasUnity.Importing.Conversion.Geometry:Convert(Material, TextureDictionary[], MaterialFlags) (at Assets/Scripts/Importing/Conversion/Geometry.cs:216)
                         SanAndreasUnity.Importing.Conversion.<GetMaterials>c__AnonStorey2:<>m__0(Material) (at Assets/Scripts/Importing/Conversion/Geometry.cs:586)
                         System.Linq.Enumerable:ToArray(IEnumerable`1)
                         SanAndreasUnity.Importing.Conversion.Geometry:GetMaterials(MaterialFlags, Action`1) (at Assets/Scripts/Importing/Conversion/Geometry.cs:589)
                         SanAndreasUnity.Importing.Conversion.Geometry:GetMaterials(ObjectFlag, Action`1) (at Assets/Scripts/Importing/Conversion/Geometry.cs:568)
                         SanAndreasUnity.Behaviours.World.StaticGeometry:OnLoad() (at Assets/Scripts/Behaviours/World/StaticGeometry.cs:130)
                         SanAndreasUnity.Behaviours.MapObject:Show() (at Assets/Scripts/Behaviours/MapObject.cs:114)
                         SanAndreasUnity.Behaviours.World.Division:LoadWhile(Func`1) (at Assets/Scripts/Behaviours/World/Division.cs:301)
                         SanAndreasUnity.Behaviours.World.Cell:Update() (at Assets/Scripts/Behaviours/World/Cell.cs:127)

[11:07:07] Main/Warning: Unable to find texture bluapartwall1_256
             StackTrace: UnityEngine.Debug:LogWarningFormat(String, Object[])
                         SanAndreasUnity.Importing.Conversion.Geometry:Convert(Material, TextureDictionary[], MaterialFlags) (at Assets/Scripts/Importing/Conversion/Geometry.cs:216)
                         SanAndreasUnity.Importing.Conversion.<GetMaterials>c__AnonStorey2:<>m__0(Material) (at Assets/Scripts/Importing/Conversion/Geometry.cs:586)
                         System.Linq.Enumerable:ToArray(IEnumerable`1)
                         SanAndreasUnity.Importing.Conversion.Geometry:GetMaterials(MaterialFlags, Action`1) (at Assets/Scripts/Importing/Conversion/Geometry.cs:589)
                         SanAndreasUnity.Importing.Conversion.Geometry:GetMaterials(ObjectFlag, Action`1) (at Assets/Scripts/Importing/Conversion/Geometry.cs:568)
                         SanAndreasUnity.Behaviours.World.StaticGeometry:OnLoad() (at Assets/Scripts/Behaviours/World/StaticGeometry.cs:130)
                         SanAndreasUnity.Behaviours.MapObject:Show() (at Assets/Scripts/Behaviours/MapObject.cs:114)
                         SanAndreasUnity.Behaviours.World.Division:LoadWhile(Func`1) (at Assets/Scripts/Behaviours/World/Division.cs:301)
                         SanAndreasUnity.Behaviours.World.Cell:Update() (at Assets/Scripts/Behaviours/World/Cell.cs:127)

[11:07:07] Main/Warning: Unable to find texture sw_brewbrick01
             StackTrace: UnityEngine.Debug:LogWarningFormat(String, Object[])
                         SanAndreasUnity.Importing.Conversion.Geometry:Convert(Material, TextureDictionary[], MaterialFlags) (at Assets/Scripts/Importing/Conversion/Geometry.cs:216)
                         SanAndreasUnity.Importing.Conversion.<GetMaterials>c__AnonStorey2:<>m__0(Material) (at Assets/Scripts/Importing/Conversion/Geometry.cs:586)
                         System.Linq.Enumerable:ToArray(IEnumerable`1)
                         SanAndreasUnity.Importing.Conversion.Geometry:GetMaterials(MaterialFlags, Action`1) (at Assets/Scripts/Importing/Conversion/Geometry.cs:589)
                         SanAndreasUnity.Importing.Conversion.Geometry:GetMaterials(ObjectFlag, Action`1) (at Assets/Scripts/Importing/Conversion/Geometry.cs:568)
                         SanAndreasUnity.Behaviours.World.StaticGeometry:OnLoad() (at Assets/Scripts/Behaviours/World/StaticGeometry.cs:130)
                         SanAndreasUnity.Behaviours.MapObject:Show() (at Assets/Scripts/Behaviours/MapObject.cs:114)
                         SanAndreasUnity.Behaviours.World.Division:LoadWhile(Func`1) (at Assets/Scripts/Behaviours/World/Division.cs:301)
                         SanAndreasUnity.Behaviours.World.Cell:Update() (at Assets/Scripts/Behaviours/World/Cell.cs:127)

[11:07:07] Main/Warning: Unable to find texture pizza_wellstacked_lod
             StackTrace: UnityEngine.Debug:LogWarningFormat(String, Object[])
                         SanAndreasUnity.Importing.Conversion.Geometry:Convert(Material, TextureDictionary[], MaterialFlags) (at Assets/Scripts/Importing/Conversion/Geometry.cs:216)
                         SanAndreasUnity.Importing.Conversion.<GetMaterials>c__AnonStorey2:<>m__0(Material) (at Assets/Scripts/Importing/Conversion/Geometry.cs:586)
                         System.Linq.Enumerable:ToArray(IEnumerable`1)
                         SanAndreasUnity.Importing.Conversion.Geometry:GetMaterials(MaterialFlags, Action`1) (at Assets/Scripts/Importing/Conversion/Geometry.cs:589)
                         SanAndreasUnity.Importing.Conversion.Geometry:GetMaterials(ObjectFlag, Action`1) (at Assets/Scripts/Importing/Conversion/Geometry.cs:568)
                         SanAndreasUnity.Behaviours.World.StaticGeometry:OnLoad() (at Assets/Scripts/Behaviours/World/StaticGeometry.cs:130)
                         SanAndreasUnity.Behaviours.MapObject:Show() (at Assets/Scripts/Behaviours/MapObject.cs:114)
                         SanAndreasUnity.Behaviours.World.Division:LoadWhile(Func`1) (at Assets/Scripts/Behaviours/World/Division.cs:301)
                         SanAndreasUnity.Behaviours.World.Cell:Update() (at Assets/Scripts/Behaviours/World/Cell.cs:127)

[11:07:07] Main/Warning: Unable to find texture vgnfirestat1_256
             StackTrace: UnityEngine.Debug:LogWarningFormat(String, Object[])
                         SanAndreasUnity.Importing.Conversion.Geometry:Convert(Material, TextureDictionary[], MaterialFlags) (at Assets/Scripts/Importing/Conversion/Geometry.cs:216)
                         SanAndreasUnity.Importing.Conversion.<GetMaterials>c__AnonStorey2:<>m__0(Material) (at Assets/Scripts/Importing/Conversion/Geometry.cs:586)
                         System.Linq.Enumerable:ToArray(IEnumerable`1)
                         SanAndreasUnity.Importing.Conversion.Geometry:GetMaterials(MaterialFlags, Action`1) (at Assets/Scripts/Importing/Conversion/Geometry.cs:589)
                         SanAndreasUnity.Importing.Conversion.Geometry:GetMaterials(ObjectFlag, Action`1) (at Assets/Scripts/Importing/Conversion/Geometry.cs:568)
                         SanAndreasUnity.Behaviours.World.StaticGeometry:OnLoad() (at Assets/Scripts/Behaviours/World/StaticGeometry.cs:130)
                         SanAndreasUnity.Behaviours.MapObject:Show() (at Assets/Scripts/Behaviours/MapObject.cs:114)
                         SanAndreasUnity.Behaviours.World.Division:LoadWhile(Func`1) (at Assets/Scripts/Behaviours/World/Division.cs:301)
                         SanAndreasUnity.Behaviours.World.Cell:Update() (at Assets/Scripts/Behaviours/World/Cell.cs:127)

[11:07:07] Main/Warning: Unable to find texture alleywall3
             StackTrace: UnityEngine.Debug:LogWarningFormat(String, Object[])
                         SanAndreasUnity.Importing.Conversion.Geometry:Convert(Material, TextureDictionary[], MaterialFlags) (at Assets/Scripts/Importing/Conversion/Geometry.cs:216)
                         SanAndreasUnity.Importing.Conversion.<GetMaterials>c__AnonStorey2:<>m__0(Material) (at Assets/Scripts/Importing/Conversion/Geometry.cs:586)
                         System.Linq.Enumerable:ToArray(IEnumerable`1)
                         SanAndreasUnity.Importing.Conversion.Geometry:GetMaterials(MaterialFlags, Action`1) (at Assets/Scripts/Importing/Conversion/Geometry.cs:589)
                         SanAndreasUnity.Importing.Conversion.Geometry:GetMaterials(ObjectFlag, Action`1) (at Assets/Scripts/Importing/Conversion/Geometry.cs:568)
                         SanAndreasUnity.Behaviours.World.StaticGeometry:OnLoad() (at Assets/Scripts/Behaviours/World/StaticGeometry.cs:130)
                         SanAndreasUnity.Behaviours.MapObject:Show() (at Assets/Scripts/Behaviours/MapObject.cs:114)
                         SanAndreasUnity.Behaviours.World.Division:LoadWhile(Func`1) (at Assets/Scripts/Behaviours/World/Division.cs:301)
                         SanAndreasUnity.Behaviours.World.Cell:Update() (at Assets/Scripts/Behaviours/World/Cell.cs:127)

[11:07:07] Main/Warning: Unable to find texture garageledge01_64
             StackTrace: UnityEngine.Debug:LogWarningFormat(String, Object[])
                         SanAndreasUnity.Importing.Conversion.Geometry:Convert(Material, TextureDictionary[], MaterialFlags) (at Assets/Scripts/Importing/Conversion/Geometry.cs:216)
                         SanAndreasUnity.Importing.Conversion.<GetMaterials>c__AnonStorey2:<>m__0(Material) (at Assets/Scripts/Importing/Conversion/Geometry.cs:586)
                         System.Linq.Enumerable:ToArray(IEnumerable`1)
                         SanAndreasUnity.Importing.Conversion.Geometry:GetMaterials(MaterialFlags, Action`1) (at Assets/Scripts/Importing/Conversion/Geometry.cs:589)
                         SanAndreasUnity.Importing.Conversion.Geometry:GetMaterials(ObjectFlag, Action`1) (at Assets/Scripts/Importing/Conversion/Geometry.cs:568)
                         SanAndreasUnity.Behaviours.World.StaticGeometry:OnLoad() (at Assets/Scripts/Behaviours/World/StaticGeometry.cs:130)
                         SanAndreasUnity.Behaviours.MapObject:Show() (at Assets/Scripts/Behaviours/MapObject.cs:114)
                         SanAndreasUnity.Behaviours.World.Division:LoadWhile(Func`1) (at Assets/Scripts/Behaviours/World/Division.cs:301)
                         SanAndreasUnity.Behaviours.World.Cell:Update() (at Assets/Scripts/Behaviours/World/Cell.cs:127)

[11:07:07] Main/Warning: Unable to find texture sw_wind12
             StackTrace: UnityEngine.Debug:LogWarningFormat(String, Object[])
                         SanAndreasUnity.Importing.Conversion.Geometry:Convert(Material, TextureDictionary[], MaterialFlags) (at Assets/Scripts/Importing/Conversion/Geometry.cs:216)
                         SanAndreasUnity.Importing.Conversion.<GetMaterials>c__AnonStorey2:<>m__0(Material) (at Assets/Scripts/Importing/Conversion/Geometry.cs:586)
                         System.Linq.Enumerable:ToArray(IEnumerable`1)
                         SanAndreasUnity.Importing.Conversion.Geometry:GetMaterials(MaterialFlags, Action`1) (at Assets/Scripts/Importing/Conversion/Geometry.cs:589)
                         SanAndreasUnity.Importing.Conversion.Geometry:GetMaterials(ObjectFlag, Action`1) (at Assets/Scripts/Importing/Conversion/Geometry.cs:568)
                         SanAndreasUnity.Behaviours.World.StaticGeometry:OnLoad() (at Assets/Scripts/Behaviours/World/StaticGeometry.cs:130)
                         SanAndreasUnity.Behaviours.MapObject:Show() (at Assets/Scripts/Behaviours/MapObject.cs:114)
                         SanAndreasUnity.Behaviours.World.Division:LoadWhile(Func`1) (at Assets/Scripts/Behaviours/World/Division.cs:301)
                         SanAndreasUnity.Behaviours.World.Cell:Update() (at Assets/Scripts/Behaviours/World/Cell.cs:127)

[11:07:07] Main/Warning: Unable to find texture GB_nastybar20
             StackTrace: UnityEngine.Debug:LogWarningFormat(String, Object[])
                         SanAndreasUnity.Importing.Conversion.Geometry:Convert(Material, TextureDictionary[], MaterialFlags) (at Assets/Scripts/Importing/Conversion/Geometry.cs:216)
                         SanAndreasUnity.Importing.Conversion.<GetMaterials>c__AnonStorey2:<>m__0(Material) (at Assets/Scripts/Importing/Conversion/Geometry.cs:586)
                         System.Linq.Enumerable:ToArray(IEnumerable`1)
                         SanAndreasUnity.Importing.Conversion.Geometry:GetMaterials(MaterialFlags, Action`1) (at Assets/Scripts/Importing/Conversion/Geometry.cs:589)
                         SanAndreasUnity.Importing.Conversion.Geometry:GetMaterials(ObjectFlag, Action`1) (at Assets/Scripts/Importing/Conversion/Geometry.cs:568)
                         SanAndreasUnity.Behaviours.World.StaticGeometry:OnLoad() (at Assets/Scripts/Behaviours/World/StaticGeometry.cs:130)
                         SanAndreasUnity.Behaviours.MapObject:Show() (at Assets/Scripts/Behaviours/MapObject.cs:114)
                         SanAndreasUnity.Behaviours.World.Division:LoadWhile(Func`1) (at Assets/Scripts/Behaviours/World/Division.cs:301)
                         SanAndreasUnity.Behaviours.World.Cell:Update() (at Assets/Scripts/Behaviours/World/Cell.cs:127)

[11:07:07] Main/Warning: Unable to find texture Grass
             StackTrace: UnityEngine.Debug:LogWarningFormat(String, Object[])
                         SanAndreasUnity.Importing.Conversion.Geometry:Convert(Material, TextureDictionary[], MaterialFlags) (at Assets/Scripts/Importing/Conversion/Geometry.cs:216)
                         SanAndreasUnity.Importing.Conversion.<GetMaterials>c__AnonStorey2:<>m__0(Material) (at Assets/Scripts/Importing/Conversion/Geometry.cs:586)
                         System.Linq.Enumerable:ToArray(IEnumerable`1)
                         SanAndreasUnity.Importing.Conversion.Geometry:GetMaterials(MaterialFlags, Action`1) (at Assets/Scripts/Importing/Conversion/Geometry.cs:589)
                         SanAndreasUnity.Importing.Conversion.Geometry:GetMaterials(ObjectFlag, Action`1) (at Assets/Scripts/Importing/Conversion/Geometry.cs:568)
                         SanAndreasUnity.Behaviours.World.StaticGeometry:OnLoad() (at Assets/Scripts/Behaviours/World/StaticGeometry.cs:130)
                         SanAndreasUnity.Behaviours.MapObject:Show() (at Assets/Scripts/Behaviours/MapObject.cs:114)
                         SanAndreasUnity.Behaviours.World.Division:LoadWhile(Func`1) (at Assets/Scripts/Behaviours/World/Division.cs:301)
                         SanAndreasUnity.Behaviours.World.Cell:Update() (at Assets/Scripts/Behaviours/World/Cell.cs:127)

