[07:17:00] Main/Log: [start] 0.0.0.0:7776
[07:17:01] Main/Log: [connect] 127.0.0.1:4147
[07:17:01] Main/Log: New image archive extension: ".dat" for: "nodes0.dat"
[07:17:01] Main/Log: Loading image archive: D:/JUEGOS/KPS GTA San Andreas/models/gta_int.img
[07:17:01] Main/Log: New image archive extension: ".dff" for: "ammo_box_c2.dff"
[07:17:01] Main/Log: New image archive extension: ".txd" for: "barrier.txd"
[07:17:01] Main/Log: New image archive extension: ".col" for: "proc_int.col"
[07:17:01] Main/Log: New image archive extension: ".ifp" for: "props2.ifp"
[07:17:01] Main/Log: New image archive extension: ".ipl" for: "int_la_stream0.ipl"
[07:17:01] Main/Log: Loading image archive: D:/JUEGOS/KPS GTA San Andreas/models/player.img
[07:17:01] Main/Log: New image archive extension: ".dff" for: "afro.dff"
[07:17:01] Main/Log: New image archive extension: ".txd" for: "10ls.txd"
[07:17:01] Main/Log: Loading image archive: D:/JUEGOS/KPS GTA San Andreas/anim/anim.img
[07:17:01] Main/Log: New image archive extension: ".ifp" for: "airport.ifp"
[07:17:01] Main/Log: Loading image archive: D:/JUEGOS/KPS GTA San Andreas/anim/cuts.img
[07:17:01] Main/Log: New image archive extension: ".ifp" for: "bcesa4w.ifp"
[07:17:01] Main/Log: New image archive extension: ".cut" for: "bcesa4w.cut"
[07:17:01] Main/Log: New image archive extension: ".dat" for: "bcesa4w.dat"
[07:17:01] Main/Log: Loading image archive: D:/JUEGOS/KPS GTA San Andreas/models/cutscene.img
[07:17:01] Main/Log: New image archive extension: ".dff" for: "beer_girla.dff"
[07:17:01] Main/Log: New image archive extension: ".txd" for: "beer_girla.txd"
[07:17:01] Main/Log: Loading image archive: D:/JUEGOS/KPS GTA San Andreas/data/paths/carrec.img
[07:17:01] Main/Log: New image archive extension: ".rrr" for: "carrec001.rrr"
[07:17:01] Main/Log: Loading image archive: D:/JUEGOS/KPS GTA San Andreas/data/script/script.img
[07:17:01] Main/Log: New image archive extension: ".scm" for: "aaa.scm"
[07:17:01] Main/Log: Archive load time: 668.50 ms
[07:17:01] Main/Warning: Error while reading peds.col at 0x1834 (28%)UnityEngine.Debug:LogWarningFormat(String, Object[])
SanAndreasUnity.Importing.Collision.CollisionFile:Load(String) (at Assets/Scripts/Importing/Collision/CollisionFile.cs:72)
SanAndreasUnity.Behaviours.Loader:StaticUpdate() (at Assets/Scripts/Behaviours/Loader.cs:88)
SanAndreasUnity.Behaviours.Loader:Update() (at Assets/Scripts/Behaviours/Loader.cs:172)


[07:17:01] Main/Warning: The requested value 'OLL?' was not found.UnityEngine.Debug:LogWarning(Object)
SanAndreasUnity.Importing.Collision.CollisionFile:Load(String) (at Assets/Scripts/Importing/Collision/CollisionFile.cs:74)
SanAndreasUnity.Behaviours.Loader:StaticUpdate() (at Assets/Scripts/Behaviours/Loader.cs:88)
SanAndreasUnity.Behaviours.Loader:Update() (at Assets/Scripts/Behaviours/Loader.cs:172)


[07:17:01] Main/Warning: Error while reading peds.col at 0x232f (41%)UnityEngine.Debug:LogWarningFormat(String, Object[])
SanAndreasUnity.Importing.Collision.CollisionFile:Load(String) (at Assets/Scripts/Importing/Collision/CollisionFile.cs:72)
SanAndreasUnity.Behaviours.Loader:StaticUpdate() (at Assets/Scripts/Behaviours/Loader.cs:88)
SanAndreasUnity.Behaviours.Loader:Update() (at Assets/Scripts/Behaviours/Loader.cs:172)


[07:17:01] Main/Warning: The requested value 'OLL?' was not found.UnityEngine.Debug:LogWarning(Object)
SanAndreasUnity.Importing.Collision.CollisionFile:Load(String) (at Assets/Scripts/Importing/Collision/CollisionFile.cs:74)
SanAndreasUnity.Behaviours.Loader:StaticUpdate() (at Assets/Scripts/Behaviours/Loader.cs:88)
SanAndreasUnity.Behaviours.Loader:Update() (at Assets/Scripts/Behaviours/Loader.cs:172)


[07:17:01] Main/Log: Known problem (size off by one). Attempting to fix by adjusting read pointer...
[07:17:01] Main/Log: Known problem (duplicate ct_man2 collision). Skipping...
[07:17:01] Main/Warning: Error while reading peds.col at 0x4c12 (90%)UnityEngine.Debug:LogWarningFormat(String, Object[])
SanAndreasUnity.Importing.Collision.CollisionFile:Load(String) (at Assets/Scripts/Importing/Collision/CollisionFile.cs:72)
SanAndreasUnity.Behaviours.Loader:StaticUpdate() (at Assets/Scripts/Behaviours/Loader.cs:88)
SanAndreasUnity.Behaviours.Loader:Update() (at Assets/Scripts/Behaviours/Loader.cs:172)


[07:17:01] Main/Warning: The requested value 'OLL?' was not found.UnityEngine.Debug:LogWarning(Object)
SanAndreasUnity.Importing.Collision.CollisionFile:Load(String) (at Assets/Scripts/Importing/Collision/CollisionFile.cs:74)
SanAndreasUnity.Behaviours.Loader:StaticUpdate() (at Assets/Scripts/Behaviours/Loader.cs:88)
SanAndreasUnity.Behaviours.Loader:Update() (at Assets/Scripts/Behaviours/Loader.cs:172)


[07:17:01] Main/Log: Known problem (size off by one). Attempting to fix by adjusting read pointer...
[07:17:01] Main/Log: Number of collision files 254
[07:17:01] Main/Log: Collision load time: 250.80 ms
[07:17:03] Main/Log: Item info load time: 1063.25 ms
[07:17:03] Main/Log: Handling info load time: 17.36 ms
[07:17:03] Main/Log: Animation group info load time: 5.11 ms
[07:17:03] Main/Log: Entries: 199
[07:17:03] Main/Log: Car color info load time: 11.91 ms
[07:17:03] Main/Warning: Invalid texture used for cursor - check importer settingsUnityEngine.Cursor:SetCursor(Texture2D, Vector2, CursorMode)
SanAndreasUnity.Behaviours.Loader:StaticUpdate() (at Assets/Scripts/Behaviours/Loader.cs:160)
SanAndreasUnity.Behaviours.Loader:Update() (at Assets/Scripts/Behaviours/Loader.cs:172)


[07:17:03] Main/Log: special texture load time: 31.91 ms
[07:17:03] Main/Log: GTA loading finished.
[07:17:04] Main/Log: Num static geometries 45088.
[07:17:05] Main/Log: Num parked vehicles 1045.
[07:17:05] Main/Log: Cell partitioning time: 2338.82 ms
[07:17:05] Main/Log: Loading water file: "D:/JUEGOS/KPS GTA San Andreas/data/water.dat" with 307 faces
[07:17:05] Main/Log: Water load time: 36.04 ms
[07:17:05] Main/Log: Noise gen time: 24.51 ms
[07:17:05] Main/Log: Loading pedestrian model after startup.
[07:17:06] Main/Warning: Unable to find texture ceaserwall03_256UnityEngine.Debug:LogWarningFormat(String, Object[])
SanAndreasUnity.Importing.Conversion.Geometry:Convert(Material, TextureDictionary[], MaterialFlags) (at Assets/Scripts/Importing/Conversion/Geometry.cs:216)
SanAndreasUnity.Importing.Conversion.<GetMaterials>c__AnonStorey2:<>m__0(Material) (at Assets/Scripts/Importing/Conversion/Geometry.cs:586)
System.Linq.Enumerable:ToArray(IEnumerable`1)
SanAndreasUnity.Importing.Conversion.Geometry:GetMaterials(MaterialFlags, Action`1) (at Assets/Scripts/Importing/Conversion/Geometry.cs:589)
SanAndreasUnity.Importing.Conversion.Geometry:GetMaterials(ObjectFlag, Action`1) (at Assets/Scripts/Importing/Conversion/Geometry.cs:568)
SanAndreasUnity.Behaviours.World.StaticGeometry:OnLoad() (at Assets/Scripts/Behaviours/World/StaticGeometry.cs:130)
SanAndreasUnity.Behaviours.MapObject:Show() (at Assets/Scripts/Behaviours/MapObject.cs:114)
SanAndreasUnity.Behaviours.World.Division:LoadWhile(Func`1) (at Assets/Scripts/Behaviours/World/Division.cs:301)
SanAndreasUnity.Behaviours.World.Cell:Update() (at Assets/Scripts/Behaviours/World/Cell.cs:127)


[07:17:06] Main/Warning: Tried to re-add casinoblock41a_lod (diffuse casinoblock41nt_lod vs casinoblock41dy_lod)UnityEngine.Debug:LogWarningFormat(String, Object[])
SanAndreasUnity.Importing.Conversion.TextureDictionary:.ctor(TextureDictionary) (at Assets/Scripts/Importing/Conversion/TextureDictionary.cs:311)
SanAndreasUnity.Importing.Conversion.TextureDictionary:Load(String) (at Assets/Scripts/Importing/Conversion/TextureDictionary.cs:221)
SanAndreasUnity.Importing.Conversion.Geometry:<Load>m__6(String) (at Assets/Scripts/Importing/Conversion/Geometry.cs:498)
System.Linq.Enumerable:ToArray(IEnumerable`1)
SanAndreasUnity.Importing.Conversion.Geometry:Load(String, String[]) (at Assets/Scripts/Importing/Conversion/Geometry.cs:498)
SanAndreasUnity.Behaviours.World.StaticGeometry:OnLoad() (at Assets/Scripts/Behaviours/World/StaticGeometry.cs:118)
SanAndreasUnity.Behaviours.MapObject:Show() (at Assets/Scripts/Behaviours/MapObject.cs:114)
SanAndreasUnity.Behaviours.World.Division:LoadWhile(Func`1) (at Assets/Scripts/Behaviours/World/Division.cs:301)
SanAndreasUnity.Behaviours.World.Cell:Update() (at Assets/Scripts/Behaviours/World/Cell.cs:127)


[07:17:06] Main/Warning: No wheels defined for BUCCANE!UnityEngine.Debug:LogWarningFormat(String, Object[])
SanAndreasUnity.Behaviours.Vehicles.Vehicle:Initialize(VehicleDef, Int32[]) (at Assets/Scripts/Behaviours/Vehicles/Vehicle_Spawning.cs:337)
SanAndreasUnity.Behaviours.Vehicles.Vehicle:Create(Int32, Int32[], Vector3, Quaternion) (at Assets/Scripts/Behaviours/Vehicles/Vehicle_Spawning.cs:120)
SanAndreasUnity.Behaviours.Vehicles.Vehicle:Create(VehicleSpawner) (at Assets/Scripts/Behaviours/Vehicles/Vehicle_Spawning.cs:102)
SanAndreasUnity.Behaviours.Vehicles.VehicleSpawner:OnLoad() (at Assets/Scripts/Behaviours/Vehicles/VehicleSpawner.cs:50)
SanAndreasUnity.Behaviours.MapObject:Show() (at Assets/Scripts/Behaviours/MapObject.cs:114)
SanAndreasUnity.Behaviours.World.Division:LoadWhile(Func`1) (at Assets/Scripts/Behaviours/World/Division.cs:301)
SanAndreasUnity.Behaviours.World.Cell:Update() (at Assets/Scripts/Behaviours/World/Cell.cs:127)


[07:17:06] Main/Warning: Unable to find texture miragewall5_256UnityEngine.Debug:LogWarningFormat(String, Object[])
SanAndreasUnity.Importing.Conversion.Geometry:Convert(Material, TextureDictionary[], MaterialFlags) (at Assets/Scripts/Importing/Conversion/Geometry.cs:216)
SanAndreasUnity.Importing.Conversion.<GetMaterials>c__AnonStorey2:<>m__0(Material) (at Assets/Scripts/Importing/Conversion/Geometry.cs:586)
System.Linq.Enumerable:ToArray(IEnumerable`1)
SanAndreasUnity.Importing.Conversion.Geometry:GetMaterials(MaterialFlags, Action`1) (at Assets/Scripts/Importing/Conversion/Geometry.cs:589)
SanAndreasUnity.Importing.Conversion.Geometry:GetMaterials(ObjectFlag, Action`1) (at Assets/Scripts/Importing/Conversion/Geometry.cs:568)
SanAndreasUnity.Behaviours.World.StaticGeometry:OnLoad() (at Assets/Scripts/Behaviours/World/StaticGeometry.cs:130)
SanAndreasUnity.Behaviours.MapObject:Show() (at Assets/Scripts/Behaviours/MapObject.cs:114)
SanAndreasUnity.Behaviours.World.Division:LoadWhile(Func`1) (at Assets/Scripts/Behaviours/World/Division.cs:301)
SanAndreasUnity.Behaviours.World.Cell:Update() (at Assets/Scripts/Behaviours/World/Cell.cs:127)


[07:17:06] Main/Warning: Unable to find texture miragedoor1_256UnityEngine.Debug:LogWarningFormat(String, Object[])
SanAndreasUnity.Importing.Conversion.Geometry:Convert(Material, TextureDictionary[], MaterialFlags) (at Assets/Scripts/Importing/Conversion/Geometry.cs:216)
SanAndreasUnity.Importing.Conversion.<GetMaterials>c__AnonStorey2:<>m__0(Material) (at Assets/Scripts/Importing/Conversion/Geometry.cs:586)
System.Linq.Enumerable:ToArray(IEnumerable`1)
SanAndreasUnity.Importing.Conversion.Geometry:GetMaterials(MaterialFlags, Action`1) (at Assets/Scripts/Importing/Conversion/Geometry.cs:589)
SanAndreasUnity.Importing.Conversion.Geometry:GetMaterials(ObjectFlag, Action`1) (at Assets/Scripts/Importing/Conversion/Geometry.cs:568)
SanAndreasUnity.Behaviours.World.StaticGeometry:OnLoad() (at Assets/Scripts/Behaviours/World/StaticGeometry.cs:130)
SanAndreasUnity.Behaviours.MapObject:Show() (at Assets/Scripts/Behaviours/MapObject.cs:114)
SanAndreasUnity.Behaviours.World.Division:LoadWhile(Func`1) (at Assets/Scripts/Behaviours/World/Division.cs:301)
SanAndreasUnity.Behaviours.World.Cell:Update() (at Assets/Scripts/Behaviours/World/Cell.cs:127)


[07:17:06] Main/Warning: Unable to find texture cparkvgn2_256UnityEngine.Debug:LogWarningFormat(String, Object[])
SanAndreasUnity.Importing.Conversion.Geometry:Convert(Material, TextureDictionary[], MaterialFlags) (at Assets/Scripts/Importing/Conversion/Geometry.cs:216)
SanAndreasUnity.Importing.Conversion.<GetMaterials>c__AnonStorey2:<>m__0(Material) (at Assets/Scripts/Importing/Conversion/Geometry.cs:586)
System.Linq.Enumerable:ToArray(IEnumerable`1)
SanAndreasUnity.Importing.Conversion.Geometry:GetMaterials(MaterialFlags, Action`1) (at Assets/Scripts/Importing/Conversion/Geometry.cs:589)
SanAndreasUnity.Importing.Conversion.Geometry:GetMaterials(ObjectFlag, Action`1) (at Assets/Scripts/Importing/Conversion/Geometry.cs:568)
SanAndreasUnity.Behaviours.World.StaticGeometry:OnLoad() (at Assets/Scripts/Behaviours/World/StaticGeometry.cs:130)
SanAndreasUnity.Behaviours.MapObject:Show() (at Assets/Scripts/Behaviours/MapObject.cs:114)
SanAndreasUnity.Behaviours.World.Division:LoadWhile(Func`1) (at Assets/Scripts/Behaviours/World/Division.cs:301)
SanAndreasUnity.Behaviours.World.Cell:Update() (at Assets/Scripts/Behaviours/World/Cell.cs:127)


[07:17:07] Main/Warning: Unable to find texture ceaserwall03_256UnityEngine.Debug:LogWarningFormat(String, Object[])
SanAndreasUnity.Importing.Conversion.Geometry:Convert(Material, TextureDictionary[], MaterialFlags) (at Assets/Scripts/Importing/Conversion/Geometry.cs:216)
SanAndreasUnity.Importing.Conversion.<GetMaterials>c__AnonStorey2:<>m__0(Material) (at Assets/Scripts/Importing/Conversion/Geometry.cs:586)
System.Linq.Enumerable:ToArray(IEnumerable`1)
SanAndreasUnity.Importing.Conversion.Geometry:GetMaterials(MaterialFlags, Action`1) (at Assets/Scripts/Importing/Conversion/Geometry.cs:589)
SanAndreasUnity.Importing.Conversion.Geometry:GetMaterials(ObjectFlag, Action`1) (at Assets/Scripts/Importing/Conversion/Geometry.cs:568)
SanAndreasUnity.Behaviours.World.StaticGeometry:OnLoad() (at Assets/Scripts/Behaviours/World/StaticGeometry.cs:130)
SanAndreasUnity.Behaviours.MapObject:Show() (at Assets/Scripts/Behaviours/MapObject.cs:114)
SanAndreasUnity.Behaviours.World.Division:LoadWhile(Func`1) (at Assets/Scripts/Behaviours/World/Division.cs:301)
SanAndreasUnity.Behaviours.World.Cell:Update() (at Assets/Scripts/Behaviours/World/Cell.cs:127)


[07:17:07] Main/Warning: Unable to find texture vgnlowbildwal1_256UnityEngine.Debug:LogWarningFormat(String, Object[])
SanAndreasUnity.Importing.Conversion.Geometry:Convert(Material, TextureDictionary[], MaterialFlags) (at Assets/Scripts/Importing/Conversion/Geometry.cs:216)
SanAndreasUnity.Importing.Conversion.<GetMaterials>c__AnonStorey2:<>m__0(Material) (at Assets/Scripts/Importing/Conversion/Geometry.cs:586)
System.Linq.Enumerable:ToArray(IEnumerable`1)
SanAndreasUnity.Importing.Conversion.Geometry:GetMaterials(MaterialFlags, Action`1) (at Assets/Scripts/Importing/Conversion/Geometry.cs:589)
SanAndreasUnity.Importing.Conversion.Geometry:GetMaterials(ObjectFlag, Action`1) (at Assets/Scripts/Importing/Conversion/Geometry.cs:568)
SanAndreasUnity.Behaviours.World.StaticGeometry:OnLoad() (at Assets/Scripts/Behaviours/World/StaticGeometry.cs:130)
SanAndreasUnity.Behaviours.MapObject:Show() (at Assets/Scripts/Behaviours/MapObject.cs:114)
SanAndreasUnity.Behaviours.World.Division:LoadWhile(Func`1) (at Assets/Scripts/Behaviours/World/Division.cs:301)
SanAndreasUnity.Behaviours.World.Cell:Update() (at Assets/Scripts/Behaviours/World/Cell.cs:127)


[07:17:07] Main/Warning: Unable to find texture ceaserwall03_256UnityEngine.Debug:LogWarningFormat(String, Object[])
SanAndreasUnity.Importing.Conversion.Geometry:Convert(Material, TextureDictionary[], MaterialFlags) (at Assets/Scripts/Importing/Conversion/Geometry.cs:216)
SanAndreasUnity.Importing.Conversion.<GetMaterials>c__AnonStorey2:<>m__0(Material) (at Assets/Scripts/Importing/Conversion/Geometry.cs:586)
System.Linq.Enumerable:ToArray(IEnumerable`1)
SanAndreasUnity.Importing.Conversion.Geometry:GetMaterials(MaterialFlags, Action`1) (at Assets/Scripts/Importing/Conversion/Geometry.cs:589)
SanAndreasUnity.Importing.Conversion.Geometry:GetMaterials(ObjectFlag, Action`1) (at Assets/Scripts/Importing/Conversion/Geometry.cs:568)
SanAndreasUnity.Behaviours.World.StaticGeometry:OnLoad() (at Assets/Scripts/Behaviours/World/StaticGeometry.cs:130)
SanAndreasUnity.Behaviours.MapObject:Show() (at Assets/Scripts/Behaviours/MapObject.cs:114)
SanAndreasUnity.Behaviours.World.Division:LoadWhile(Func`1) (at Assets/Scripts/Behaviours/World/Division.cs:301)
SanAndreasUnity.Behaviours.World.Cell:Update() (at Assets/Scripts/Behaviours/World/Cell.cs:127)


[07:17:07] Main/Warning: Unable to find texture greyground256128UnityEngine.Debug:LogWarningFormat(String, Object[])
SanAndreasUnity.Importing.Conversion.Geometry:Convert(Material, TextureDictionary[], MaterialFlags) (at Assets/Scripts/Importing/Conversion/Geometry.cs:216)
SanAndreasUnity.Importing.Conversion.<GetMaterials>c__AnonStorey2:<>m__0(Material) (at Assets/Scripts/Importing/Conversion/Geometry.cs:586)
System.Linq.Enumerable:ToArray(IEnumerable`1)
SanAndreasUnity.Importing.Conversion.Geometry:GetMaterials(MaterialFlags, Action`1) (at Assets/Scripts/Importing/Conversion/Geometry.cs:589)
SanAndreasUnity.Importing.Conversion.Geometry:GetMaterials(ObjectFlag, Action`1) (at Assets/Scripts/Importing/Conversion/Geometry.cs:568)
SanAndreasUnity.Behaviours.World.StaticGeometry:OnLoad() (at Assets/Scripts/Behaviours/World/StaticGeometry.cs:130)
SanAndreasUnity.Behaviours.MapObject:Show() (at Assets/Scripts/Behaviours/MapObject.cs:114)
SanAndreasUnity.Behaviours.World.Division:LoadWhile(Func`1) (at Assets/Scripts/Behaviours/World/Division.cs:301)
SanAndreasUnity.Behaviours.World.Cell:Update() (at Assets/Scripts/Behaviours/World/Cell.cs:127)


[07:17:07] Main/Warning: Unable to find texture vegaspavement2_256UnityEngine.Debug:LogWarningFormat(String, Object[])
SanAndreasUnity.Importing.Conversion.Geometry:Convert(Material, TextureDictionary[], MaterialFlags) (at Assets/Scripts/Importing/Conversion/Geometry.cs:216)
SanAndreasUnity.Importing.Conversion.<GetMaterials>c__AnonStorey2:<>m__0(Material) (at Assets/Scripts/Importing/Conversion/Geometry.cs:586)
System.Linq.Enumerable:ToArray(IEnumerable`1)
SanAndreasUnity.Importing.Conversion.Geometry:GetMaterials(MaterialFlags, Action`1) (at Assets/Scripts/Importing/Conversion/Geometry.cs:589)
SanAndreasUnity.Importing.Conversion.Geometry:GetMaterials(ObjectFlag, Action`1) (at Assets/Scripts/Importing/Conversion/Geometry.cs:568)
SanAndreasUnity.Behaviours.World.StaticGeometry:OnLoad() (at Assets/Scripts/Behaviours/World/StaticGeometry.cs:130)
SanAndreasUnity.Behaviours.MapObject:Show() (at Assets/Scripts/Behaviours/MapObject.cs:114)
SanAndreasUnity.Behaviours.World.Division:LoadWhile(Func`1) (at Assets/Scripts/Behaviours/World/Division.cs:301)
SanAndreasUnity.Behaviours.World.Cell:Update() (at Assets/Scripts/Behaviours/World/Cell.cs:127)


[07:17:07] Main/Warning: Unable to find texture sw_brewbrick01UnityEngine.Debug:LogWarningFormat(String, Object[])
SanAndreasUnity.Importing.Conversion.Geometry:Convert(Material, TextureDictionary[], MaterialFlags) (at Assets/Scripts/Importing/Conversion/Geometry.cs:216)
SanAndreasUnity.Importing.Conversion.<GetMaterials>c__AnonStorey2:<>m__0(Material) (at Assets/Scripts/Importing/Conversion/Geometry.cs:586)
System.Linq.Enumerable:ToArray(IEnumerable`1)
SanAndreasUnity.Importing.Conversion.Geometry:GetMaterials(MaterialFlags, Action`1) (at Assets/Scripts/Importing/Conversion/Geometry.cs:589)
SanAndreasUnity.Importing.Conversion.Geometry:GetMaterials(ObjectFlag, Action`1) (at Assets/Scripts/Importing/Conversion/Geometry.cs:568)
SanAndreasUnity.Behaviours.World.StaticGeometry:OnLoad() (at Assets/Scripts/Behaviours/World/StaticGeometry.cs:130)
SanAndreasUnity.Behaviours.MapObject:Show() (at Assets/Scripts/Behaviours/MapObject.cs:114)
SanAndreasUnity.Behaviours.World.Division:LoadWhile(Func`1) (at Assets/Scripts/Behaviours/World/Division.cs:301)
SanAndreasUnity.Behaviours.World.Cell:Update() (at Assets/Scripts/Behaviours/World/Cell.cs:127)


[07:17:07] Main/Warning: Unable to find texture vgnburger_256_lodUnityEngine.Debug:LogWarningFormat(String, Object[])
SanAndreasUnity.Importing.Conversion.Geometry:Convert(Material, TextureDictionary[], MaterialFlags) (at Assets/Scripts/Importing/Conversion/Geometry.cs:216)
SanAndreasUnity.Importing.Conversion.<GetMaterials>c__AnonStorey2:<>m__0(Material) (at Assets/Scripts/Importing/Conversion/Geometry.cs:586)
System.Linq.Enumerable:ToArray(IEnumerable`1)
SanAndreasUnity.Importing.Conversion.Geometry:GetMaterials(MaterialFlags, Action`1) (at Assets/Scripts/Importing/Conversion/Geometry.cs:589)
SanAndreasUnity.Importing.Conversion.Geometry:GetMaterials(ObjectFlag, Action`1) (at Assets/Scripts/Importing/Conversion/Geometry.cs:568)
SanAndreasUnity.Behaviours.World.StaticGeometry:OnLoad() (at Assets/Scripts/Behaviours/World/StaticGeometry.cs:130)
SanAndreasUnity.Behaviours.MapObject:Show() (at Assets/Scripts/Behaviours/MapObject.cs:114)
SanAndreasUnity.Behaviours.World.Division:LoadWhile(Func`1) (at Assets/Scripts/Behaviours/World/Division.cs:301)
SanAndreasUnity.Behaviours.World.Cell:Update() (at Assets/Scripts/Behaviours/World/Cell.cs:127)


[07:17:07] Main/Warning: Unable to find texture vgnacmotel5_128UnityEngine.Debug:LogWarningFormat(String, Object[])
SanAndreasUnity.Importing.Conversion.Geometry:Convert(Material, TextureDictionary[], MaterialFlags) (at Assets/Scripts/Importing/Conversion/Geometry.cs:216)
SanAndreasUnity.Importing.Conversion.<GetMaterials>c__AnonStorey2:<>m__0(Material) (at Assets/Scripts/Importing/Conversion/Geometry.cs:586)
System.Linq.Enumerable:ToArray(IEnumerable`1)
SanAndreasUnity.Importing.Conversion.Geometry:GetMaterials(MaterialFlags, Action`1) (at Assets/Scripts/Importing/Conversion/Geometry.cs:589)
SanAndreasUnity.Importing.Conversion.Geometry:GetMaterials(ObjectFlag, Action`1) (at Assets/Scripts/Importing/Conversion/Geometry.cs:568)
SanAndreasUnity.Behaviours.World.StaticGeometry:OnLoad() (at Assets/Scripts/Behaviours/World/StaticGeometry.cs:130)
SanAndreasUnity.Behaviours.MapObject:Show() (at Assets/Scripts/Behaviours/MapObject.cs:114)
SanAndreasUnity.Behaviours.World.Division:LoadWhile(Func`1) (at Assets/Scripts/Behaviours/World/Division.cs:301)
SanAndreasUnity.Behaviours.World.Cell:Update() (at Assets/Scripts/Behaviours/World/Cell.cs:127)


[07:17:07] Main/Warning: Unable to find texture vgnacmotel2_256UnityEngine.Debug:LogWarningFormat(String, Object[])
SanAndreasUnity.Importing.Conversion.Geometry:Convert(Material, TextureDictionary[], MaterialFlags) (at Assets/Scripts/Importing/Conversion/Geometry.cs:216)
SanAndreasUnity.Importing.Conversion.<GetMaterials>c__AnonStorey2:<>m__0(Material) (at Assets/Scripts/Importing/Conversion/Geometry.cs:586)
System.Linq.Enumerable:ToArray(IEnumerable`1)
SanAndreasUnity.Importing.Conversion.Geometry:GetMaterials(MaterialFlags, Action`1) (at Assets/Scripts/Importing/Conversion/Geometry.cs:589)
SanAndreasUnity.Importing.Conversion.Geometry:GetMaterials(ObjectFlag, Action`1) (at Assets/Scripts/Importing/Conversion/Geometry.cs:568)
SanAndreasUnity.Behaviours.World.StaticGeometry:OnLoad() (at Assets/Scripts/Behaviours/World/StaticGeometry.cs:130)
SanAndreasUnity.Behaviours.MapObject:Show() (at Assets/Scripts/Behaviours/MapObject.cs:114)
SanAndreasUnity.Behaviours.World.Division:LoadWhile(Func`1) (at Assets/Scripts/Behaviours/World/Division.cs:301)
SanAndreasUnity.Behaviours.World.Cell:Update() (at Assets/Scripts/Behaviours/World/Cell.cs:127)


[07:17:07] Main/Warning: Unable to find texture highshopwall1256UnityEngine.Debug:LogWarningFormat(String, Object[])
SanAndreasUnity.Importing.Conversion.Geometry:Convert(Material, TextureDictionary[], MaterialFlags) (at Assets/Scripts/Importing/Conversion/Geometry.cs:216)
SanAndreasUnity.Importing.Conversion.<GetMaterials>c__AnonStorey2:<>m__0(Material) (at Assets/Scripts/Importing/Conversion/Geometry.cs:586)
System.Linq.Enumerable:ToArray(IEnumerable`1)
SanAndreasUnity.Importing.Conversion.Geometry:GetMaterials(MaterialFlags, Action`1) (at Assets/Scripts/Importing/Conversion/Geometry.cs:589)
SanAndreasUnity.Importing.Conversion.Geometry:GetMaterials(ObjectFlag, Action`1) (at Assets/Scripts/Importing/Conversion/Geometry.cs:568)
SanAndreasUnity.Behaviours.World.StaticGeometry:OnLoad() (at Assets/Scripts/Behaviours/World/StaticGeometry.cs:130)
SanAndreasUnity.Behaviours.MapObject:Show() (at Assets/Scripts/Behaviours/MapObject.cs:114)
SanAndreasUnity.Behaviours.World.Division:LoadWhile(Func`1) (at Assets/Scripts/Behaviours/World/Division.cs:301)
SanAndreasUnity.Behaviours.World.Cell:Update() (at Assets/Scripts/Behaviours/World/Cell.cs:127)


[07:17:07] Main/Warning: Unable to find texture vegaspavement2_256UnityEngine.Debug:LogWarningFormat(String, Object[])
SanAndreasUnity.Importing.Conversion.Geometry:Convert(Material, TextureDictionary[], MaterialFlags) (at Assets/Scripts/Importing/Conversion/Geometry.cs:216)
SanAndreasUnity.Importing.Conversion.<GetMaterials>c__AnonStorey2:<>m__0(Material) (at Assets/Scripts/Importing/Conversion/Geometry.cs:586)
System.Linq.Enumerable:ToArray(IEnumerable`1)
SanAndreasUnity.Importing.Conversion.Geometry:GetMaterials(MaterialFlags, Action`1) (at Assets/Scripts/Importing/Conversion/Geometry.cs:589)
SanAndreasUnity.Importing.Conversion.Geometry:GetMaterials(ObjectFlag, Action`1) (at Assets/Scripts/Importing/Conversion/Geometry.cs:568)
SanAndreasUnity.Behaviours.World.StaticGeometry:OnLoad() (at Assets/Scripts/Behaviours/World/StaticGeometry.cs:130)
SanAndreasUnity.Behaviours.MapObject:Show() (at Assets/Scripts/Behaviours/MapObject.cs:114)
SanAndreasUnity.Behaviours.World.Division:LoadWhile(Func`1) (at Assets/Scripts/Behaviours/World/Division.cs:301)
SanAndreasUnity.Behaviours.World.Cell:Update() (at Assets/Scripts/Behaviours/World/Cell.cs:127)


[07:17:07] Main/Warning: Unable to find texture elcid3_256UnityEngine.Debug:LogWarningFormat(String, Object[])
SanAndreasUnity.Importing.Conversion.Geometry:Convert(Material, TextureDictionary[], MaterialFlags) (at Assets/Scripts/Importing/Conversion/Geometry.cs:216)
SanAndreasUnity.Importing.Conversion.<GetMaterials>c__AnonStorey2:<>m__0(Material) (at Assets/Scripts/Importing/Conversion/Geometry.cs:586)
System.Linq.Enumerable:ToArray(IEnumerable`1)
SanAndreasUnity.Importing.Conversion.Geometry:GetMaterials(MaterialFlags, Action`1) (at Assets/Scripts/Importing/Conversion/Geometry.cs:589)
SanAndreasUnity.Importing.Conversion.Geometry:GetMaterials(ObjectFlag, Action`1) (at Assets/Scripts/Importing/Conversion/Geometry.cs:568)
SanAndreasUnity.Behaviours.World.StaticGeometry:OnLoad() (at Assets/Scripts/Behaviours/World/StaticGeometry.cs:130)
SanAndreasUnity.Behaviours.MapObject:Show() (at Assets/Scripts/Behaviours/MapObject.cs:114)
SanAndreasUnity.Behaviours.World.Division:LoadWhile(Func`1) (at Assets/Scripts/Behaviours/World/Division.cs:301)
SanAndreasUnity.Behaviours.World.Cell:Update() (at Assets/Scripts/Behaviours/World/Cell.cs:127)


[07:17:07] Main/Warning: Unable to find texture bluapartwall1_256UnityEngine.Debug:LogWarningFormat(String, Object[])
SanAndreasUnity.Importing.Conversion.Geometry:Convert(Material, TextureDictionary[], MaterialFlags) (at Assets/Scripts/Importing/Conversion/Geometry.cs:216)
SanAndreasUnity.Importing.Conversion.<GetMaterials>c__AnonStorey2:<>m__0(Material) (at Assets/Scripts/Importing/Conversion/Geometry.cs:586)
System.Linq.Enumerable:ToArray(IEnumerable`1)
SanAndreasUnity.Importing.Conversion.Geometry:GetMaterials(MaterialFlags, Action`1) (at Assets/Scripts/Importing/Conversion/Geometry.cs:589)
SanAndreasUnity.Importing.Conversion.Geometry:GetMaterials(ObjectFlag, Action`1) (at Assets/Scripts/Importing/Conversion/Geometry.cs:568)
SanAndreasUnity.Behaviours.World.StaticGeometry:OnLoad() (at Assets/Scripts/Behaviours/World/StaticGeometry.cs:130)
SanAndreasUnity.Behaviours.MapObject:Show() (at Assets/Scripts/Behaviours/MapObject.cs:114)
SanAndreasUnity.Behaviours.World.Division:LoadWhile(Func`1) (at Assets/Scripts/Behaviours/World/Division.cs:301)
SanAndreasUnity.Behaviours.World.Cell:Update() (at Assets/Scripts/Behaviours/World/Cell.cs:127)


[07:17:08] Main/Warning: Unable to find texture vgnhsewall1_256UnityEngine.Debug:LogWarningFormat(String, Object[])
SanAndreasUnity.Importing.Conversion.Geometry:Convert(Material, TextureDictionary[], MaterialFlags) (at Assets/Scripts/Importing/Conversion/Geometry.cs:216)
SanAndreasUnity.Importing.Conversion.<GetMaterials>c__AnonStorey2:<>m__0(Material) (at Assets/Scripts/Importing/Conversion/Geometry.cs:586)
System.Linq.Enumerable:ToArray(IEnumerable`1)
SanAndreasUnity.Importing.Conversion.Geometry:GetMaterials(MaterialFlags, Action`1) (at Assets/Scripts/Importing/Conversion/Geometry.cs:589)
SanAndreasUnity.Importing.Conversion.Geometry:GetMaterials(ObjectFlag, Action`1) (at Assets/Scripts/Importing/Conversion/Geometry.cs:568)
SanAndreasUnity.Behaviours.World.StaticGeometry:OnLoad() (at Assets/Scripts/Behaviours/World/StaticGeometry.cs:130)
SanAndreasUnity.Behaviours.MapObject:Show() (at Assets/Scripts/Behaviours/MapObject.cs:114)
SanAndreasUnity.Behaviours.World.Division:LoadWhile(Func`1) (at Assets/Scripts/Behaviours/World/Division.cs:301)
SanAndreasUnity.Behaviours.World.Cell:Update() (at Assets/Scripts/Behaviours/World/Cell.cs:127)


[07:17:08] Main/Warning: Unable to find texture vgnhsewall1_256UnityEngine.Debug:LogWarningFormat(String, Object[])
SanAndreasUnity.Importing.Conversion.Geometry:Convert(Material, TextureDictionary[], MaterialFlags) (at Assets/Scripts/Importing/Conversion/Geometry.cs:216)
SanAndreasUnity.Importing.Conversion.<GetMaterials>c__AnonStorey2:<>m__0(Material) (at Assets/Scripts/Importing/Conversion/Geometry.cs:586)
System.Linq.Enumerable:ToArray(IEnumerable`1)
SanAndreasUnity.Importing.Conversion.Geometry:GetMaterials(MaterialFlags, Action`1) (at Assets/Scripts/Importing/Conversion/Geometry.cs:589)
SanAndreasUnity.Importing.Conversion.Geometry:GetMaterials(ObjectFlag, Action`1) (at Assets/Scripts/Importing/Conversion/Geometry.cs:568)
SanAndreasUnity.Behaviours.World.StaticGeometry:OnLoad() (at Assets/Scripts/Behaviours/World/StaticGeometry.cs:130)
SanAndreasUnity.Behaviours.MapObject:Show() (at Assets/Scripts/Behaviours/MapObject.cs:114)
SanAndreasUnity.Behaviours.World.Division:LoadWhile(Func`1) (at Assets/Scripts/Behaviours/World/Division.cs:301)
SanAndreasUnity.Behaviours.World.Cell:Update() (at Assets/Scripts/Behaviours/World/Cell.cs:127)


[07:17:08] Main/Warning: Unable to find texture pizza_wellstacked_lodUnityEngine.Debug:LogWarningFormat(String, Object[])
SanAndreasUnity.Importing.Conversion.Geometry:Convert(Material, TextureDictionary[], MaterialFlags) (at Assets/Scripts/Importing/Conversion/Geometry.cs:216)
SanAndreasUnity.Importing.Conversion.<GetMaterials>c__AnonStorey2:<>m__0(Material) (at Assets/Scripts/Importing/Conversion/Geometry.cs:586)
System.Linq.Enumerable:ToArray(IEnumerable`1)
SanAndreasUnity.Importing.Conversion.Geometry:GetMaterials(MaterialFlags, Action`1) (at Assets/Scripts/Importing/Conversion/Geometry.cs:589)
SanAndreasUnity.Importing.Conversion.Geometry:GetMaterials(ObjectFlag, Action`1) (at Assets/Scripts/Importing/Conversion/Geometry.cs:568)
SanAndreasUnity.Behaviours.World.StaticGeometry:OnLoad() (at Assets/Scripts/Behaviours/World/StaticGeometry.cs:130)
SanAndreasUnity.Behaviours.MapObject:Show() (at Assets/Scripts/Behaviours/MapObject.cs:114)
SanAndreasUnity.Behaviours.World.Division:LoadWhile(Func`1) (at Assets/Scripts/Behaviours/World/Division.cs:301)
SanAndreasUnity.Behaviours.World.Cell:Update() (at Assets/Scripts/Behaviours/World/Cell.cs:127)


[07:17:08] Main/Warning: Unable to find texture vgnfirestat1_256UnityEngine.Debug:LogWarningFormat(String, Object[])
SanAndreasUnity.Importing.Conversion.Geometry:Convert(Material, TextureDictionary[], MaterialFlags) (at Assets/Scripts/Importing/Conversion/Geometry.cs:216)
SanAndreasUnity.Importing.Conversion.<GetMaterials>c__AnonStorey2:<>m__0(Material) (at Assets/Scripts/Importing/Conversion/Geometry.cs:586)
System.Linq.Enumerable:ToArray(IEnumerable`1)
SanAndreasUnity.Importing.Conversion.Geometry:GetMaterials(MaterialFlags, Action`1) (at Assets/Scripts/Importing/Conversion/Geometry.cs:589)
SanAndreasUnity.Importing.Conversion.Geometry:GetMaterials(ObjectFlag, Action`1) (at Assets/Scripts/Importing/Conversion/Geometry.cs:568)
SanAndreasUnity.Behaviours.World.StaticGeometry:OnLoad() (at Assets/Scripts/Behaviours/World/StaticGeometry.cs:130)
SanAndreasUnity.Behaviours.MapObject:Show() (at Assets/Scripts/Behaviours/MapObject.cs:114)
SanAndreasUnity.Behaviours.World.Division:LoadWhile(Func`1) (at Assets/Scripts/Behaviours/World/Division.cs:301)
SanAndreasUnity.Behaviours.World.Cell:Update() (at Assets/Scripts/Behaviours/World/Cell.cs:127)


[07:17:08] Main/Warning: Unable to find texture alleywall3UnityEngine.Debug:LogWarningFormat(String, Object[])
SanAndreasUnity.Importing.Conversion.Geometry:Convert(Material, TextureDictionary[], MaterialFlags) (at Assets/Scripts/Importing/Conversion/Geometry.cs:216)
SanAndreasUnity.Importing.Conversion.<GetMaterials>c__AnonStorey2:<>m__0(Material) (at Assets/Scripts/Importing/Conversion/Geometry.cs:586)
System.Linq.Enumerable:ToArray(IEnumerable`1)
SanAndreasUnity.Importing.Conversion.Geometry:GetMaterials(MaterialFlags, Action`1) (at Assets/Scripts/Importing/Conversion/Geometry.cs:589)
SanAndreasUnity.Importing.Conversion.Geometry:GetMaterials(ObjectFlag, Action`1) (at Assets/Scripts/Importing/Conversion/Geometry.cs:568)
SanAndreasUnity.Behaviours.World.StaticGeometry:OnLoad() (at Assets/Scripts/Behaviours/World/StaticGeometry.cs:130)
SanAndreasUnity.Behaviours.MapObject:Show() (at Assets/Scripts/Behaviours/MapObject.cs:114)
SanAndreasUnity.Behaviours.World.Division:LoadWhile(Func`1) (at Assets/Scripts/Behaviours/World/Division.cs:301)
SanAndreasUnity.Behaviours.World.Cell:Update() (at Assets/Scripts/Behaviours/World/Cell.cs:127)


[07:17:08] Main/Warning: Unable to find texture garageledge01_64UnityEngine.Debug:LogWarningFormat(String, Object[])
SanAndreasUnity.Importing.Conversion.Geometry:Convert(Material, TextureDictionary[], MaterialFlags) (at Assets/Scripts/Importing/Conversion/Geometry.cs:216)
SanAndreasUnity.Importing.Conversion.<GetMaterials>c__AnonStorey2:<>m__0(Material) (at Assets/Scripts/Importing/Conversion/Geometry.cs:586)
System.Linq.Enumerable:ToArray(IEnumerable`1)
SanAndreasUnity.Importing.Conversion.Geometry:GetMaterials(MaterialFlags, Action`1) (at Assets/Scripts/Importing/Conversion/Geometry.cs:589)
SanAndreasUnity.Importing.Conversion.Geometry:GetMaterials(ObjectFlag, Action`1) (at Assets/Scripts/Importing/Conversion/Geometry.cs:568)
SanAndreasUnity.Behaviours.World.StaticGeometry:OnLoad() (at Assets/Scripts/Behaviours/World/StaticGeometry.cs:130)
SanAndreasUnity.Behaviours.MapObject:Show() (at Assets/Scripts/Behaviours/MapObject.cs:114)
SanAndreasUnity.Behaviours.World.Division:LoadWhile(Func`1) (at Assets/Scripts/Behaviours/World/Division.cs:301)
SanAndreasUnity.Behaviours.World.Cell:Update() (at Assets/Scripts/Behaviours/World/Cell.cs:127)


[07:17:08] Main/Warning: Unable to find texture GrassUnityEngine.Debug:LogWarningFormat(String, Object[])
SanAndreasUnity.Importing.Conversion.Geometry:Convert(Material, TextureDictionary[], MaterialFlags) (at Assets/Scripts/Importing/Conversion/Geometry.cs:216)
SanAndreasUnity.Importing.Conversion.<GetMaterials>c__AnonStorey2:<>m__0(Material) (at Assets/Scripts/Importing/Conversion/Geometry.cs:586)
System.Linq.Enumerable:ToArray(IEnumerable`1)
SanAndreasUnity.Importing.Conversion.Geometry:GetMaterials(MaterialFlags, Action`1) (at Assets/Scripts/Importing/Conversion/Geometry.cs:589)
SanAndreasUnity.Importing.Conversion.Geometry:GetMaterials(ObjectFlag, Action`1) (at Assets/Scripts/Importing/Conversion/Geometry.cs:568)
SanAndreasUnity.Behaviours.World.StaticGeometry:OnLoad() (at Assets/Scripts/Behaviours/World/StaticGeometry.cs:130)
SanAndreasUnity.Behaviours.MapObject:Show() (at Assets/Scripts/Behaviours/MapObject.cs:114)
SanAndreasUnity.Behaviours.World.Division:LoadWhile(Func`1) (at Assets/Scripts/Behaviours/World/Division.cs:301)
SanAndreasUnity.Behaviours.World.Cell:Update() (at Assets/Scripts/Behaviours/World/Cell.cs:127)


[07:17:08] Main/Warning: Unable to find texture sw_wind12UnityEngine.Debug:LogWarningFormat(String, Object[])
SanAndreasUnity.Importing.Conversion.Geometry:Convert(Material, TextureDictionary[], MaterialFlags) (at Assets/Scripts/Importing/Conversion/Geometry.cs:216)
SanAndreasUnity.Importing.Conversion.<GetMaterials>c__AnonStorey2:<>m__0(Material) (at Assets/Scripts/Importing/Conversion/Geometry.cs:586)
System.Linq.Enumerable:ToArray(IEnumerable`1)
SanAndreasUnity.Importing.Conversion.Geometry:GetMaterials(MaterialFlags, Action`1) (at Assets/Scripts/Importing/Conversion/Geometry.cs:589)
SanAndreasUnity.Importing.Conversion.Geometry:GetMaterials(ObjectFlag, Action`1) (at Assets/Scripts/Importing/Conversion/Geometry.cs:568)
SanAndreasUnity.Behaviours.World.StaticGeometry:OnLoad() (at Assets/Scripts/Behaviours/World/StaticGeometry.cs:130)
SanAndreasUnity.Behaviours.MapObject:Show() (at Assets/Scripts/Behaviours/MapObject.cs:114)
SanAndreasUnity.Behaviours.World.Division:LoadWhile(Func`1) (at Assets/Scripts/Behaviours/World/Division.cs:301)
SanAndreasUnity.Behaviours.World.Cell:Update() (at Assets/Scripts/Behaviours/World/Cell.cs:127)


[07:17:08] Main/Warning: Unable to find texture GB_nastybar20UnityEngine.Debug:LogWarningFormat(String, Object[])
SanAndreasUnity.Importing.Conversion.Geometry:Convert(Material, TextureDictionary[], MaterialFlags) (at Assets/Scripts/Importing/Conversion/Geometry.cs:216)
SanAndreasUnity.Importing.Conversion.<GetMaterials>c__AnonStorey2:<>m__0(Material) (at Assets/Scripts/Importing/Conversion/Geometry.cs:586)
System.Linq.Enumerable:ToArray(IEnumerable`1)
SanAndreasUnity.Importing.Conversion.Geometry:GetMaterials(MaterialFlags, Action`1) (at Assets/Scripts/Importing/Conversion/Geometry.cs:589)
SanAndreasUnity.Importing.Conversion.Geometry:GetMaterials(ObjectFlag, Action`1) (at Assets/Scripts/Importing/Conversion/Geometry.cs:568)
SanAndreasUnity.Behaviours.World.StaticGeometry:OnLoad() (at Assets/Scripts/Behaviours/World/StaticGeometry.cs:130)
SanAndreasUnity.Behaviours.MapObject:Show() (at Assets/Scripts/Behaviours/MapObject.cs:114)
SanAndreasUnity.Behaviours.World.Division:LoadWhile(Func`1) (at Assets/Scripts/Behaviours/World/Division.cs:301)
SanAndreasUnity.Behaviours.World.Cell:Update() (at Assets/Scripts/Behaviours/World/Cell.cs:127)


[07:17:11] Main/Log: [disconnect] 127.0.0.1:4147 exception: Se ha forzado la interrupción de una conexión existente por el host remoto
