[12:15:57] Main/Log: Name: Player => None
[12:15:57] Main/Log: Name: Player => None
[12:15:57] Main/Log: Name: Player => None
[12:15:57] Main/Log: Name: Player => None
[12:15:57] Main/Log: Name: Player => None
[12:15:57] Main/Log: Name: PlayerModel => None
[12:15:57] Main/Log: Name: PlayerModel => None
[12:15:57] Main/Log: Name: PlayerModel => None
[12:15:57] Main/Log: Name: PlayerModel => None
[12:15:57] Main/Log: Name: PlayerModel => None
[12:15:57] Main/Log: Name: PlayerModel => None
[12:15:57] Main/Log: Name: PlayerModel => None
[12:15:57] Main/Log: Name: PlayerModel => None
[12:15:57] Main/Log: Name: PlayerModel => None
[12:15:57] Main/Log: Name: PlayerModel => None
[12:15:57] Main/Log: Name: unnamed => None
[12:15:57] Main/Log: Name: unnamed => None
[12:15:57] Main/Log: Name: Root => None
[12:15:57] Main/Log: Name: Root => None
[12:15:57] Main/Log: Name:  Pelvis => None
[12:15:57] Main/Log: Name:  Pelvis => None
[12:15:57] Main/Log: Name:  Pelvis => None
[12:15:57] Main/Log: Name:  R Thigh => None
[12:15:57] Main/Log: Name:  R Thigh => None
[12:15:57] Main/Log: Name:  R Calf => None
[12:15:57] Main/Log: Name:  R Calf => None
[12:15:57] Main/Log: Name:  R Foot => None
[12:15:57] Main/Log: Name:  R Foot => None
[12:15:57] Main/Log: Name:  R Toe0 => None
[12:15:57] Main/Log: Name:  R Toe0 => None
[12:15:57] Main/Log: Name:  L Thigh => None
[12:15:57] Main/Log: Name:  L Thigh => None
[12:15:57] Main/Log: Name:  L Calf => None
[12:15:57] Main/Log: Name:  L Calf => None
[12:15:57] Main/Log: Name:  L Foot => None
[12:15:57] Main/Log: Name:  L Foot => None
[12:15:57] Main/Log: Name:  L Toe0 => None
[12:15:57] Main/Log: Name:  L Toe0 => None
[12:15:57] Main/Log: Name:  Spine => None
[12:15:57] Main/Log: Name:  Spine => None
[12:15:57] Main/Log: Name: Belly => None
[12:15:57] Main/Log: Name: Belly => None
[12:15:57] Main/Log: Name:  Spine1 => None
[12:15:57] Main/Log: Name:  Spine1 => None
[12:15:57] Main/Log: Name: R breast => None
[12:15:57] Main/Log: Name: R breast => None
[12:15:57] Main/Log: Name: L breast => None
[12:15:57] Main/Log: Name: L breast => None
[12:15:57] Main/Log: Name:  Neck => None
[12:15:57] Main/Log: Name:  Neck => None
[12:15:57] Main/Log: Name: Bip01 R Clavicle => None
[12:15:57] Main/Log: Name: Bip01 R Clavicle => None
[12:15:57] Main/Log: Name:  R UpperArm => None
[12:15:57] Main/Log: Name:  R UpperArm => None
[12:15:57] Main/Log: Name:  R ForeArm => None
[12:15:57] Main/Log: Name:  R ForeArm => None
[12:15:57] Main/Log: Name:  R Hand => None
[12:15:57] Main/Log: Name:  R Hand => None
[12:15:57] Main/Log: Name:  R Finger => None
[12:15:57] Main/Log: Name:  R Finger => None
[12:15:57] Main/Log: Name: R Finger01 => None
[12:15:57] Main/Log: Name: R Finger01 => None
[12:15:57] Main/Log: Name: Bip01 L Clavicle => None
[12:15:57] Main/Log: Name: Bip01 L Clavicle => None
[12:15:57] Main/Log: Name:  L UpperArm => None
[12:15:57] Main/Log: Name:  L UpperArm => None
[12:15:57] Main/Log: Name:  L ForeArm => None
[12:15:57] Main/Log: Name:  L ForeArm => None
[12:15:57] Main/Log: Name:  L Hand => None
[12:15:57] Main/Log: Name:  L Hand => None
[12:15:57] Main/Log: Name:  L Finger => None
[12:15:57] Main/Log: Name:  L Finger => None
[12:15:57] Main/Log: Name: L Finger01 => None
[12:15:57] Main/Log: Name: L Finger01 => None
[12:15:57] Main/Log: Name:  Head => None
[12:15:57] Main/Log: Name:  Head => None
[12:15:57] Main/Log: Name: R Brow => None
[12:15:57] Main/Log: Name: R Brow => None
[12:15:57] Main/Log: Name: L Brow => None
[12:15:57] Main/Log: Name: L Brow => None
[12:15:57] Main/Log: Name: Jaw => None
[12:15:57] Main/Log: Name: Jaw => None
[12:15:57] Main/Log: Name: Camera => None
[12:15:57] Main/Log: Name: Camera => None
[12:15:57] Main/Log: Name: Camera => None
[12:15:57] Main/Log: Name: Camera => None
[12:15:57] Main/Log: DirectX: 45
[12:15:57] Main/Log: Max FPS: -1
[12:15:57] Main/Log: 0
[12:15:57] Main/Log: Started loading GTA.
[12:15:57] Main/Log: 0
[12:15:57] Main/Log: Loading loose archive: D:/JUEGOS/KPS GTA San Andreas
[12:15:57] Main/Log: Loading image archive: D:/JUEGOS/KPS GTA San Andreas/models/gta3.img
[12:15:57] Main/Log: New image archive extension: ".dff" for: "bbb_lr_slv1.dff"
[12:15:57] Main/Log: New image archive extension: ".col" for: "veh_mods.col"
[12:15:57] Main/Log: New image archive extension: ".txd" for: "bistro.txd"
[12:15:57] Main/Log: New image archive extension: ".ipl" for: "levelmap_stream0.ipl"
[12:15:57] Main/Log: New image archive extension: ".ifp" for: "levelxre.ifp"
[12:15:57] Main/Log: New image archive extension: ".dat" for: "nodes0.dat"
[12:15:57] Main/Log: Loading image archive: D:/JUEGOS/KPS GTA San Andreas/models/gta_int.img
[12:15:57] Main/Log: New image archive extension: ".dff" for: "ammo_box_c2.dff"
[12:15:57] Main/Log: New image archive extension: ".txd" for: "barrier.txd"
[12:15:57] Main/Log: New image archive extension: ".col" for: "proc_int.col"
[12:15:57] Main/Log: New image archive extension: ".ifp" for: "props2.ifp"
[12:15:57] Main/Log: New image archive extension: ".ipl" for: "int_la_stream0.ipl"
[12:15:57] Main/Log: Loading image archive: D:/JUEGOS/KPS GTA San Andreas/models/player.img
[12:15:57] Main/Log: New image archive extension: ".dff" for: "afro.dff"
[12:15:57] Main/Log: New image archive extension: ".txd" for: "10ls.txd"
[12:15:57] Main/Log: Loading image archive: D:/JUEGOS/KPS GTA San Andreas/anim/anim.img
[12:15:57] Main/Log: New image archive extension: ".ifp" for: "airport.ifp"
[12:15:57] Main/Log: Loading image archive: D:/JUEGOS/KPS GTA San Andreas/anim/cuts.img
[12:15:57] Main/Log: New image archive extension: ".ifp" for: "bcesa4w.ifp"
[12:15:57] Main/Log: New image archive extension: ".cut" for: "bcesa4w.cut"
[12:15:57] Main/Log: New image archive extension: ".dat" for: "bcesa4w.dat"
[12:15:57] Main/Log: Loading image archive: D:/JUEGOS/KPS GTA San Andreas/models/cutscene.img
[12:15:57] Main/Log: New image archive extension: ".dff" for: "beer_girla.dff"
[12:15:57] Main/Log: New image archive extension: ".txd" for: "beer_girla.txd"
[12:15:57] Main/Log: Loading image archive: D:/JUEGOS/KPS GTA San Andreas/data/paths/carrec.img
[12:15:57] Main/Log: New image archive extension: ".rrr" for: "carrec001.rrr"
[12:15:57] Main/Log: Loading image archive: D:/JUEGOS/KPS GTA San Andreas/data/script/script.img
[12:15:57] Main/Log: New image archive extension: ".scm" for: "aaa.scm"
[12:15:57] Main/Log: Archive load time: 659.32 ms
[12:15:57] Main/Log: 0
[12:15:57] Main/Log: 0
[12:15:57] Main/Log: 0
[12:15:57] Main/Log: 0
[12:15:57] Main/Log: 0
[12:15:57] Main/Log: 0
[12:15:57] Main/Log: 0
[12:15:57] Main/Log: 0
[12:15:57] Main/Log: 0
[12:15:57] Main/Log: 0
[12:15:57] Main/Log: 0
[12:15:57] Main/Log: 0
[12:15:57] Main/Log: 0
[12:15:57] Main/Log: 0
[12:15:57] Main/Log: 0
[12:15:57] Main/Log: 0
[12:15:57] Main/Warning: Error while reading peds.col at 0x1834 (28%)
             Stacktrace: UnityEngine.Debug:LogWarningFormat(String, Object[])
                         SanAndreasUnity.Importing.Collision.CollisionFile:Load(String) (at Assets/Scripts/Importing/Collision/CollisionFile.cs:72)
                         SanAndreasUnity.Behaviours.Loader:StaticUpdate() (at Assets/Scripts/Behaviours/Loader.cs:88)
                         SanAndreasUnity.Behaviours.Loader:Update() (at Assets/Scripts/Behaviours/Loader.cs:172)

[12:15:57] Main/Warning: The requested value 'OLL?' was not found.
             Stacktrace: UnityEngine.Debug:LogWarning(Object)
                         SanAndreasUnity.Importing.Collision.CollisionFile:Load(String) (at Assets/Scripts/Importing/Collision/CollisionFile.cs:74)
                         SanAndreasUnity.Behaviours.Loader:StaticUpdate() (at Assets/Scripts/Behaviours/Loader.cs:88)
                         SanAndreasUnity.Behaviours.Loader:Update() (at Assets/Scripts/Behaviours/Loader.cs:172)

[12:15:57] Main/Log: Known problem (size off by one). Attempting to fix by adjusting read pointer...
[12:15:57] Main/Warning: Error while reading peds.col at 0x232f (41%)
             Stacktrace: UnityEngine.Debug:LogWarningFormat(String, Object[])
                         SanAndreasUnity.Importing.Collision.CollisionFile:Load(String) (at Assets/Scripts/Importing/Collision/CollisionFile.cs:72)
                         SanAndreasUnity.Behaviours.Loader:StaticUpdate() (at Assets/Scripts/Behaviours/Loader.cs:88)
                         SanAndreasUnity.Behaviours.Loader:Update() (at Assets/Scripts/Behaviours/Loader.cs:172)

[12:15:57] Main/Warning: The requested value 'OLL?' was not found.
             Stacktrace: UnityEngine.Debug:LogWarning(Object)
                         SanAndreasUnity.Importing.Collision.CollisionFile:Load(String) (at Assets/Scripts/Importing/Collision/CollisionFile.cs:74)
                         SanAndreasUnity.Behaviours.Loader:StaticUpdate() (at Assets/Scripts/Behaviours/Loader.cs:88)
                         SanAndreasUnity.Behaviours.Loader:Update() (at Assets/Scripts/Behaviours/Loader.cs:172)

[12:15:57] Main/Log: Known problem (size off by one). Attempting to fix by adjusting read pointer...
[12:15:57] Main/Log: Known problem (duplicate ct_man2 collision). Skipping...
[12:15:57] Main/Warning: Error while reading peds.col at 0x4c12 (90%)
             Stacktrace: UnityEngine.Debug:LogWarningFormat(String, Object[])
                         SanAndreasUnity.Importing.Collision.CollisionFile:Load(String) (at Assets/Scripts/Importing/Collision/CollisionFile.cs:72)
                         SanAndreasUnity.Behaviours.Loader:StaticUpdate() (at Assets/Scripts/Behaviours/Loader.cs:88)
                         SanAndreasUnity.Behaviours.Loader:Update() (at Assets/Scripts/Behaviours/Loader.cs:172)

[12:15:57] Main/Warning: The requested value 'OLL?' was not found.
             Stacktrace: UnityEngine.Debug:LogWarning(Object)
                         SanAndreasUnity.Importing.Collision.CollisionFile:Load(String) (at Assets/Scripts/Importing/Collision/CollisionFile.cs:74)
                         SanAndreasUnity.Behaviours.Loader:StaticUpdate() (at Assets/Scripts/Behaviours/Loader.cs:88)
                         SanAndreasUnity.Behaviours.Loader:Update() (at Assets/Scripts/Behaviours/Loader.cs:172)

[12:15:57] Main/Log: Known problem (size off by one). Attempting to fix by adjusting read pointer...
[12:15:58] Main/Log: Number of collision files 254
[12:15:58] Main/Log: Collision load time: 228.71 ms
[12:15:58] Main/Log: 0
[12:15:58] Main/Log: 0
[12:15:58] Main/Log: 0
[12:15:58] Main/Log: 0
[12:15:58] Main/Log: 0
[12:15:58] Main/Log: 0
[12:15:58] Main/Log: 0
[12:15:58] Main/Log: 0
[12:15:58] Main/Log: 0
[12:15:58] Main/Log: 0
[12:15:58] Main/Log: 0
[12:15:58] Main/Log: 0
[12:15:58] Main/Log: 0
[12:15:59] Main/Log: Item info load time: 1045.25 ms
[12:15:59] Main/Log: 0
[12:15:59] Main/Log: 0
[12:15:59] Main/Log: 0
[12:15:59] Main/Log: 0
[12:15:59] Main/Log: 0
[12:15:59] Main/Log: 0
[12:15:59] Main/Log: 0
[12:15:59] Main/Log: 0
[12:15:59] Main/Log: 0
[12:15:59] Main/Log: 0
[12:15:59] Main/Log: 0
[12:15:59] Main/Log: 0
[12:15:59] Main/Log: 0
[12:15:59] Main/Log: 0
[12:15:59] Main/Log: 0
[12:15:59] Main/Log: 0
[12:15:59] Main/Log: Handling info load time: 17.67 ms
[12:15:59] Main/Log: 0
[12:15:59] Main/Log: 0
[12:15:59] Main/Log: Animation group info load time: 4.87 ms
[12:15:59] Main/Log: 0
[12:15:59] Main/Log: Entries: 199
[12:15:59] Main/Log: Car color info load time: 12.08 ms
[12:15:59] Main/Log: 0
[12:15:59] Main/Warning: Invalid texture used for cursor - check importer settings
             Stacktrace: UnityEngine.Cursor:SetCursor(Texture2D, Vector2, CursorMode)
                         SanAndreasUnity.Behaviours.Loader:StaticUpdate() (at Assets/Scripts/Behaviours/Loader.cs:160)
                         SanAndreasUnity.Behaviours.Loader:Update() (at Assets/Scripts/Behaviours/Loader.cs:172)

[12:15:59] Main/Log: special texture load time: 39.90 ms
[12:15:59] Main/Log: GTA loading finished.
[12:16:02] Main/Log: Num static geometries 45088.
[12:16:02] Main/Log: Num parked vehicles 1045.
[12:16:02] Main/Log: Cell partitioning time: 3539.85 ms
[12:16:02] Main/Log: Loading water file: "D:/JUEGOS/KPS GTA San Andreas/data/water.dat" with 307 faces
[12:16:02] Main/Log: Water load time: 32.59 ms
[12:16:02] Main/Log: Noise gen time: 21.93 ms
[12:16:02] Main/Log: Loading pedestrian model after startup.
[12:16:03] Main/Log: 0
[12:16:03] Main/Log: 0
[12:16:03] Main/Log: 0
[12:16:03] Main/Log: 0
[12:16:03] Main/Log: 0
[12:16:03] Main/Log: 0
[12:16:03] Main/Log: 0
[12:16:03] Main/Log: 0
[12:16:03] Main/Log: 0
[12:16:03] Main/Log: 0
[12:16:03] Main/Log: 0
[12:16:03] Main/Log: 0
[12:16:03] Main/Log: 0
[12:16:03] Main/Log: 0
[12:16:03] Main/Log: 0
[12:16:03] Main/Log: 0
[12:16:03] Main/Log: 0
[12:16:03] Main/Log: 0
[12:16:03] Main/Log: 0
[12:16:03] Main/Warning: Unable to find texture ceaserwall03_256
             Stacktrace: UnityEngine.Debug:LogWarningFormat(String, Object[])
                         SanAndreasUnity.Importing.Conversion.Geometry:Convert(Material, TextureDictionary[], MaterialFlags) (at Assets/Scripts/Importing/Conversion/Geometry.cs:216)
                         SanAndreasUnity.Importing.Conversion.<GetMaterials>c__AnonStorey2:<>m__0(Material) (at Assets/Scripts/Importing/Conversion/Geometry.cs:586)
                         System.Linq.Enumerable:ToArray(IEnumerable`1)
                         SanAndreasUnity.Importing.Conversion.Geometry:GetMaterials(MaterialFlags, Action`1) (at Assets/Scripts/Importing/Conversion/Geometry.cs:589)
                         SanAndreasUnity.Importing.Conversion.Geometry:GetMaterials(ObjectFlag, Action`1) (at Assets/Scripts/Importing/Conversion/Geometry.cs:568)
                         SanAndreasUnity.Behaviours.World.StaticGeometry:OnLoad() (at Assets/Scripts/Behaviours/World/StaticGeometry.cs:130)
                         SanAndreasUnity.Behaviours.MapObject:Show() (at Assets/Scripts/Behaviours/MapObject.cs:114)
                         SanAndreasUnity.Behaviours.World.Division:LoadWhile(Func`1) (at Assets/Scripts/Behaviours/World/Division.cs:301)
                         SanAndreasUnity.Behaviours.World.Cell:Update() (at Assets/Scripts/Behaviours/World/Cell.cs:127)

[12:16:03] Main/Log: 0
[12:16:03] Main/Log: 0
[12:16:03] Main/Log: 0
[12:16:03] Main/Log: 0
[12:16:03] Main/Exception: ArgumentException: File "vegaswaterfall02.dff" is not a Clump!
                           Parameter name: name

               Stacktrace: SanAndreasUnity.Importing.Archive.ArchiveManager.ReadFile[Clump] (System.String name) (at Assets/Scripts/Importing/Archive/ArchiveManager.cs:70)
                           SanAndreasUnity.Importing.Conversion.Geometry.Load (System.String modelName, SanAndreasUnity.Importing.Conversion.TextureDictionary[] txds) (at Assets/Scripts/Importing/Conversion/Geometry.cs:510)
                           SanAndreasUnity.Importing.Conversion.Geometry.Load (System.String modelName, System.String[] texDictNames) (at Assets/Scripts/Importing/Conversion/Geometry.cs:498)
                           SanAndreasUnity.Behaviours.World.StaticGeometry.OnLoad () (at Assets/Scripts/Behaviours/World/StaticGeometry.cs:118)
                           SanAndreasUnity.Behaviours.MapObject.Show () (at Assets/Scripts/Behaviours/MapObject.cs:114)
                           SanAndreasUnity.Behaviours.World.Division.LoadWhile (System.Func`1 predicate) (at Assets/Scripts/Behaviours/World/Division.cs:301)
                           SanAndreasUnity.Behaviours.World.Cell.Update () (at Assets/Scripts/Behaviours/World/Cell.cs:127)

[12:16:03] Main/Log: 0
[12:16:03] Main/Warning: Tried to re-add casinoblock41a_lod (diffuse casinoblock41nt_lod vs casinoblock41dy_lod)
             Stacktrace: UnityEngine.Debug:LogWarningFormat(String, Object[])
                         SanAndreasUnity.Importing.Conversion.TextureDictionary:.ctor(TextureDictionary) (at Assets/Scripts/Importing/Conversion/TextureDictionary.cs:311)
                         SanAndreasUnity.Importing.Conversion.TextureDictionary:Load(String) (at Assets/Scripts/Importing/Conversion/TextureDictionary.cs:221)
                         SanAndreasUnity.Importing.Conversion.Geometry:<Load>m__6(String) (at Assets/Scripts/Importing/Conversion/Geometry.cs:498)
                         System.Linq.Enumerable:ToArray(IEnumerable`1)
                         SanAndreasUnity.Importing.Conversion.Geometry:Load(String, String[]) (at Assets/Scripts/Importing/Conversion/Geometry.cs:498)
                         SanAndreasUnity.Behaviours.World.StaticGeometry:OnLoad() (at Assets/Scripts/Behaviours/World/StaticGeometry.cs:118)
                         SanAndreasUnity.Behaviours.MapObject:Show() (at Assets/Scripts/Behaviours/MapObject.cs:114)
                         SanAndreasUnity.Behaviours.World.Division:LoadWhile(Func`1) (at Assets/Scripts/Behaviours/World/Division.cs:301)
                         SanAndreasUnity.Behaviours.World.Cell:Update() (at Assets/Scripts/Behaviours/World/Cell.cs:127)

[12:16:03] Main/Log: 0
[12:16:03] Main/Log: 0
[12:16:03] Main/Log: 0
[12:16:03] Main/Log: 0
[12:16:03] Main/Log: 0
[12:16:03] Main/Warning: No wheels defined for INTRUDR!
             Stacktrace: UnityEngine.Debug:LogWarningFormat(String, Object[])
                         SanAndreasUnity.Behaviours.Vehicles.Vehicle:Initialize(VehicleDef, Int32[]) (at Assets/Scripts/Behaviours/Vehicles/Vehicle_Spawning.cs:337)
                         SanAndreasUnity.Behaviours.Vehicles.Vehicle:Create(Int32, Int32[], Vector3, Quaternion) (at Assets/Scripts/Behaviours/Vehicles/Vehicle_Spawning.cs:120)
                         SanAndreasUnity.Behaviours.Vehicles.Vehicle:Create(VehicleSpawner) (at Assets/Scripts/Behaviours/Vehicles/Vehicle_Spawning.cs:102)
                         SanAndreasUnity.Behaviours.Vehicles.VehicleSpawner:OnLoad() (at Assets/Scripts/Behaviours/Vehicles/VehicleSpawner.cs:50)
                         SanAndreasUnity.Behaviours.MapObject:Show() (at Assets/Scripts/Behaviours/MapObject.cs:114)
                         SanAndreasUnity.Behaviours.World.Division:LoadWhile(Func`1) (at Assets/Scripts/Behaviours/World/Division.cs:301)
                         SanAndreasUnity.Behaviours.World.Cell:Update() (at Assets/Scripts/Behaviours/World/Cell.cs:127)

[12:16:03] Main/Log: 0
[12:16:03] Main/Log: 0
[12:16:03] Main/Log: 0
[12:16:03] Main/Log: 0
[12:16:03] Main/Log: 0
[12:16:03] Main/Log: 0
[12:16:03] Main/Log: 0
[12:16:03] Main/Log: 0
[12:16:03] Main/Log: 0
[12:16:03] Main/Log: 0
[12:16:03] Main/Log: 0
[12:16:03] Main/Log: 0
[12:16:03] Main/Log: 0
[12:16:03] Main/Log: 0
[12:16:03] Main/Log: 0
[12:16:03] Main/Log: 0
[12:16:03] Main/Log: 0
[12:16:03] Main/Log: 0
[12:16:03] Main/Log: 0
[12:16:03] Main/Log: 0
[12:16:03] Main/Log: 0
[12:16:03] Main/Log: 0
[12:16:03] Main/Log: 0
[12:16:03] Main/Log: 0
[12:16:03] Main/Log: 0
[12:16:03] Main/Log: 0
[12:16:04] Main/Log: 0
[12:16:04] Main/Log: 0
[12:16:04] Main/Warning: No wheels defined for BUCCANE!
             Stacktrace: UnityEngine.Debug:LogWarningFormat(String, Object[])
                         SanAndreasUnity.Behaviours.Vehicles.Vehicle:Initialize(VehicleDef, Int32[]) (at Assets/Scripts/Behaviours/Vehicles/Vehicle_Spawning.cs:337)
                         SanAndreasUnity.Behaviours.Vehicles.Vehicle:Create(Int32, Int32[], Vector3, Quaternion) (at Assets/Scripts/Behaviours/Vehicles/Vehicle_Spawning.cs:120)
                         SanAndreasUnity.Behaviours.Vehicles.Vehicle:Create(VehicleSpawner) (at Assets/Scripts/Behaviours/Vehicles/Vehicle_Spawning.cs:102)
                         SanAndreasUnity.Behaviours.Vehicles.VehicleSpawner:OnLoad() (at Assets/Scripts/Behaviours/Vehicles/VehicleSpawner.cs:50)
                         SanAndreasUnity.Behaviours.MapObject:Show() (at Assets/Scripts/Behaviours/MapObject.cs:114)
                         SanAndreasUnity.Behaviours.World.Division:LoadWhile(Func`1) (at Assets/Scripts/Behaviours/World/Division.cs:301)
                         SanAndreasUnity.Behaviours.World.Cell:Update() (at Assets/Scripts/Behaviours/World/Cell.cs:127)

[12:16:04] Main/Log: 0
[12:16:04] Main/Log: 0
[12:16:04] Main/Log: 0
[12:16:04] Main/Log: 0
[12:16:04] Main/Log: 0
[12:16:04] Main/Log: 0
[12:16:04] Main/Log: 0
[12:16:04] Main/Log: 0
[12:16:04] Main/Log: 0
[12:16:04] Main/Log: 0
[12:16:04] Main/Log: 0
[12:16:04] Main/Log: 0
[12:16:04] Main/Warning: Unable to find texture cparkvgn2_256
             Stacktrace: UnityEngine.Debug:LogWarningFormat(String, Object[])
                         SanAndreasUnity.Importing.Conversion.Geometry:Convert(Material, TextureDictionary[], MaterialFlags) (at Assets/Scripts/Importing/Conversion/Geometry.cs:216)
                         SanAndreasUnity.Importing.Conversion.<GetMaterials>c__AnonStorey2:<>m__0(Material) (at Assets/Scripts/Importing/Conversion/Geometry.cs:586)
                         System.Linq.Enumerable:ToArray(IEnumerable`1)
                         SanAndreasUnity.Importing.Conversion.Geometry:GetMaterials(MaterialFlags, Action`1) (at Assets/Scripts/Importing/Conversion/Geometry.cs:589)
                         SanAndreasUnity.Importing.Conversion.Geometry:GetMaterials(ObjectFlag, Action`1) (at Assets/Scripts/Importing/Conversion/Geometry.cs:568)
                         SanAndreasUnity.Behaviours.World.StaticGeometry:OnLoad() (at Assets/Scripts/Behaviours/World/StaticGeometry.cs:130)
                         SanAndreasUnity.Behaviours.MapObject:Show() (at Assets/Scripts/Behaviours/MapObject.cs:114)
                         SanAndreasUnity.Behaviours.World.Division:LoadWhile(Func`1) (at Assets/Scripts/Behaviours/World/Division.cs:301)
                         SanAndreasUnity.Behaviours.World.Cell:Update() (at Assets/Scripts/Behaviours/World/Cell.cs:127)

[12:16:04] Main/Log: 0
[12:16:04] Main/Log: 0
[12:16:04] Main/Log: 0
[12:16:04] Main/Log: 0
[12:16:04] Main/Warning: Unable to find texture miragewall5_256
             Stacktrace: UnityEngine.Debug:LogWarningFormat(String, Object[])
                         SanAndreasUnity.Importing.Conversion.Geometry:Convert(Material, TextureDictionary[], MaterialFlags) (at Assets/Scripts/Importing/Conversion/Geometry.cs:216)
                         SanAndreasUnity.Importing.Conversion.<GetMaterials>c__AnonStorey2:<>m__0(Material) (at Assets/Scripts/Importing/Conversion/Geometry.cs:586)
                         System.Linq.Enumerable:ToArray(IEnumerable`1)
                         SanAndreasUnity.Importing.Conversion.Geometry:GetMaterials(MaterialFlags, Action`1) (at Assets/Scripts/Importing/Conversion/Geometry.cs:589)
                         SanAndreasUnity.Importing.Conversion.Geometry:GetMaterials(ObjectFlag, Action`1) (at Assets/Scripts/Importing/Conversion/Geometry.cs:568)
                         SanAndreasUnity.Behaviours.World.StaticGeometry:OnLoad() (at Assets/Scripts/Behaviours/World/StaticGeometry.cs:130)
                         SanAndreasUnity.Behaviours.MapObject:Show() (at Assets/Scripts/Behaviours/MapObject.cs:114)
                         SanAndreasUnity.Behaviours.World.Division:LoadWhile(Func`1) (at Assets/Scripts/Behaviours/World/Division.cs:301)
                         SanAndreasUnity.Behaviours.World.Cell:Update() (at Assets/Scripts/Behaviours/World/Cell.cs:127)

[12:16:04] Main/Warning: Unable to find texture miragedoor1_256
             Stacktrace: UnityEngine.Debug:LogWarningFormat(String, Object[])
                         SanAndreasUnity.Importing.Conversion.Geometry:Convert(Material, TextureDictionary[], MaterialFlags) (at Assets/Scripts/Importing/Conversion/Geometry.cs:216)
                         SanAndreasUnity.Importing.Conversion.<GetMaterials>c__AnonStorey2:<>m__0(Material) (at Assets/Scripts/Importing/Conversion/Geometry.cs:586)
                         System.Linq.Enumerable:ToArray(IEnumerable`1)
                         SanAndreasUnity.Importing.Conversion.Geometry:GetMaterials(MaterialFlags, Action`1) (at Assets/Scripts/Importing/Conversion/Geometry.cs:589)
                         SanAndreasUnity.Importing.Conversion.Geometry:GetMaterials(ObjectFlag, Action`1) (at Assets/Scripts/Importing/Conversion/Geometry.cs:568)
                         SanAndreasUnity.Behaviours.World.StaticGeometry:OnLoad() (at Assets/Scripts/Behaviours/World/StaticGeometry.cs:130)
                         SanAndreasUnity.Behaviours.MapObject:Show() (at Assets/Scripts/Behaviours/MapObject.cs:114)
                         SanAndreasUnity.Behaviours.World.Division:LoadWhile(Func`1) (at Assets/Scripts/Behaviours/World/Division.cs:301)
                         SanAndreasUnity.Behaviours.World.Cell:Update() (at Assets/Scripts/Behaviours/World/Cell.cs:127)

[12:16:04] Main/Warning: Unable to find texture ws_rooftarmac1
             Stacktrace: UnityEngine.Debug:LogWarningFormat(String, Object[])
                         SanAndreasUnity.Importing.Conversion.Geometry:Convert(Material, TextureDictionary[], MaterialFlags) (at Assets/Scripts/Importing/Conversion/Geometry.cs:216)
                         SanAndreasUnity.Importing.Conversion.<GetMaterials>c__AnonStorey2:<>m__0(Material) (at Assets/Scripts/Importing/Conversion/Geometry.cs:586)
                         System.Linq.Enumerable:ToArray(IEnumerable`1)
                         SanAndreasUnity.Importing.Conversion.Geometry:GetMaterials(MaterialFlags, Action`1) (at Assets/Scripts/Importing/Conversion/Geometry.cs:589)
                         SanAndreasUnity.Importing.Conversion.Geometry:GetMaterials(ObjectFlag, Action`1) (at Assets/Scripts/Importing/Conversion/Geometry.cs:568)
                         SanAndreasUnity.Behaviours.World.StaticGeometry:OnLoad() (at Assets/Scripts/Behaviours/World/StaticGeometry.cs:130)
                         SanAndreasUnity.Behaviours.MapObject:Show() (at Assets/Scripts/Behaviours/MapObject.cs:114)
                         SanAndreasUnity.Behaviours.World.Division:LoadWhile(Func`1) (at Assets/Scripts/Behaviours/World/Division.cs:301)
                         SanAndreasUnity.Behaviours.World.Cell:Update() (at Assets/Scripts/Behaviours/World/Cell.cs:127)

[12:16:04] Main/Warning: Unable to find texture ceaserwall03_256
             Stacktrace: UnityEngine.Debug:LogWarningFormat(String, Object[])
                         SanAndreasUnity.Importing.Conversion.Geometry:Convert(Material, TextureDictionary[], MaterialFlags) (at Assets/Scripts/Importing/Conversion/Geometry.cs:216)
                         SanAndreasUnity.Importing.Conversion.<GetMaterials>c__AnonStorey2:<>m__0(Material) (at Assets/Scripts/Importing/Conversion/Geometry.cs:586)
                         System.Linq.Enumerable:ToArray(IEnumerable`1)
                         SanAndreasUnity.Importing.Conversion.Geometry:GetMaterials(MaterialFlags, Action`1) (at Assets/Scripts/Importing/Conversion/Geometry.cs:589)
                         SanAndreasUnity.Importing.Conversion.Geometry:GetMaterials(ObjectFlag, Action`1) (at Assets/Scripts/Importing/Conversion/Geometry.cs:568)
                         SanAndreasUnity.Behaviours.World.StaticGeometry:OnLoad() (at Assets/Scripts/Behaviours/World/StaticGeometry.cs:130)
                         SanAndreasUnity.Behaviours.MapObject:Show() (at Assets/Scripts/Behaviours/MapObject.cs:114)
                         SanAndreasUnity.Behaviours.World.Division:LoadWhile(Func`1) (at Assets/Scripts/Behaviours/World/Division.cs:301)
                         SanAndreasUnity.Behaviours.World.Cell:Update() (at Assets/Scripts/Behaviours/World/Cell.cs:127)

[12:16:04] Main/Warning: Unable to find texture vgnlowbildwal1_256
             Stacktrace: UnityEngine.Debug:LogWarningFormat(String, Object[])
                         SanAndreasUnity.Importing.Conversion.Geometry:Convert(Material, TextureDictionary[], MaterialFlags) (at Assets/Scripts/Importing/Conversion/Geometry.cs:216)
                         SanAndreasUnity.Importing.Conversion.<GetMaterials>c__AnonStorey2:<>m__0(Material) (at Assets/Scripts/Importing/Conversion/Geometry.cs:586)
                         System.Linq.Enumerable:ToArray(IEnumerable`1)
                         SanAndreasUnity.Importing.Conversion.Geometry:GetMaterials(MaterialFlags, Action`1) (at Assets/Scripts/Importing/Conversion/Geometry.cs:589)
                         SanAndreasUnity.Importing.Conversion.Geometry:GetMaterials(ObjectFlag, Action`1) (at Assets/Scripts/Importing/Conversion/Geometry.cs:568)
                         SanAndreasUnity.Behaviours.World.StaticGeometry:OnLoad() (at Assets/Scripts/Behaviours/World/StaticGeometry.cs:130)
                         SanAndreasUnity.Behaviours.MapObject:Show() (at Assets/Scripts/Behaviours/MapObject.cs:114)
                         SanAndreasUnity.Behaviours.World.Division:LoadWhile(Func`1) (at Assets/Scripts/Behaviours/World/Division.cs:301)
                         SanAndreasUnity.Behaviours.World.Cell:Update() (at Assets/Scripts/Behaviours/World/Cell.cs:127)

[12:16:04] Main/Log: 0
[12:16:04] Main/Log: 0
[12:16:04] Main/Warning: Unable to find texture ceaserwall03_256
             Stacktrace: UnityEngine.Debug:LogWarningFormat(String, Object[])
                         SanAndreasUnity.Importing.Conversion.Geometry:Convert(Material, TextureDictionary[], MaterialFlags) (at Assets/Scripts/Importing/Conversion/Geometry.cs:216)
                         SanAndreasUnity.Importing.Conversion.<GetMaterials>c__AnonStorey2:<>m__0(Material) (at Assets/Scripts/Importing/Conversion/Geometry.cs:586)
                         System.Linq.Enumerable:ToArray(IEnumerable`1)
                         SanAndreasUnity.Importing.Conversion.Geometry:GetMaterials(MaterialFlags, Action`1) (at Assets/Scripts/Importing/Conversion/Geometry.cs:589)
                         SanAndreasUnity.Importing.Conversion.Geometry:GetMaterials(ObjectFlag, Action`1) (at Assets/Scripts/Importing/Conversion/Geometry.cs:568)
                         SanAndreasUnity.Behaviours.World.StaticGeometry:OnLoad() (at Assets/Scripts/Behaviours/World/StaticGeometry.cs:130)
                         SanAndreasUnity.Behaviours.MapObject:Show() (at Assets/Scripts/Behaviours/MapObject.cs:114)
                         SanAndreasUnity.Behaviours.World.Division:LoadWhile(Func`1) (at Assets/Scripts/Behaviours/World/Division.cs:301)
                         SanAndreasUnity.Behaviours.World.Cell:Update() (at Assets/Scripts/Behaviours/World/Cell.cs:127)

[12:16:04] Main/Warning: Unable to find texture greyground256128
             Stacktrace: UnityEngine.Debug:LogWarningFormat(String, Object[])
                         SanAndreasUnity.Importing.Conversion.Geometry:Convert(Material, TextureDictionary[], MaterialFlags) (at Assets/Scripts/Importing/Conversion/Geometry.cs:216)
                         SanAndreasUnity.Importing.Conversion.<GetMaterials>c__AnonStorey2:<>m__0(Material) (at Assets/Scripts/Importing/Conversion/Geometry.cs:586)
                         System.Linq.Enumerable:ToArray(IEnumerable`1)
                         SanAndreasUnity.Importing.Conversion.Geometry:GetMaterials(MaterialFlags, Action`1) (at Assets/Scripts/Importing/Conversion/Geometry.cs:589)
                         SanAndreasUnity.Importing.Conversion.Geometry:GetMaterials(ObjectFlag, Action`1) (at Assets/Scripts/Importing/Conversion/Geometry.cs:568)
                         SanAndreasUnity.Behaviours.World.StaticGeometry:OnLoad() (at Assets/Scripts/Behaviours/World/StaticGeometry.cs:130)
                         SanAndreasUnity.Behaviours.MapObject:Show() (at Assets/Scripts/Behaviours/MapObject.cs:114)
                         SanAndreasUnity.Behaviours.World.Division:LoadWhile(Func`1) (at Assets/Scripts/Behaviours/World/Division.cs:301)
                         SanAndreasUnity.Behaviours.World.Cell:Update() (at Assets/Scripts/Behaviours/World/Cell.cs:127)

[12:16:04] Main/Log: 0
[12:16:04] Main/Log: 0
[12:16:04] Main/Log: 0
[12:16:04] Main/Log: 0
[12:16:04] Main/Log: 0
[12:16:04] Main/Log: 0
[12:16:04] Main/Log: 0
[12:16:04] Main/Log: 0
[12:16:04] Main/Log: 0
[12:16:04] Main/Log: 0
[12:16:04] Main/Log: 0
[12:16:04] Main/Log: 0
[12:16:04] Main/Log: 0
[12:16:04] Main/Log: 0
[12:16:04] Main/Warning: Unable to find texture sw_brewbrick01
             Stacktrace: UnityEngine.Debug:LogWarningFormat(String, Object[])
                         SanAndreasUnity.Importing.Conversion.Geometry:Convert(Material, TextureDictionary[], MaterialFlags) (at Assets/Scripts/Importing/Conversion/Geometry.cs:216)
                         SanAndreasUnity.Importing.Conversion.<GetMaterials>c__AnonStorey2:<>m__0(Material) (at Assets/Scripts/Importing/Conversion/Geometry.cs:586)
                         System.Linq.Enumerable:ToArray(IEnumerable`1)
                         SanAndreasUnity.Importing.Conversion.Geometry:GetMaterials(MaterialFlags, Action`1) (at Assets/Scripts/Importing/Conversion/Geometry.cs:589)
                         SanAndreasUnity.Importing.Conversion.Geometry:GetMaterials(ObjectFlag, Action`1) (at Assets/Scripts/Importing/Conversion/Geometry.cs:568)
                         SanAndreasUnity.Behaviours.World.StaticGeometry:OnLoad() (at Assets/Scripts/Behaviours/World/StaticGeometry.cs:130)
                         SanAndreasUnity.Behaviours.MapObject:Show() (at Assets/Scripts/Behaviours/MapObject.cs:114)
                         SanAndreasUnity.Behaviours.World.Division:LoadWhile(Func`1) (at Assets/Scripts/Behaviours/World/Division.cs:301)
                         SanAndreasUnity.Behaviours.World.Cell:Update() (at Assets/Scripts/Behaviours/World/Cell.cs:127)

[12:16:04] Main/Log: 0
[12:16:04] Main/Warning: Unable to find texture vegaspavement2_256
             Stacktrace: UnityEngine.Debug:LogWarningFormat(String, Object[])
                         SanAndreasUnity.Importing.Conversion.Geometry:Convert(Material, TextureDictionary[], MaterialFlags) (at Assets/Scripts/Importing/Conversion/Geometry.cs:216)
                         SanAndreasUnity.Importing.Conversion.<GetMaterials>c__AnonStorey2:<>m__0(Material) (at Assets/Scripts/Importing/Conversion/Geometry.cs:586)
                         System.Linq.Enumerable:ToArray(IEnumerable`1)
                         SanAndreasUnity.Importing.Conversion.Geometry:GetMaterials(MaterialFlags, Action`1) (at Assets/Scripts/Importing/Conversion/Geometry.cs:589)
                         SanAndreasUnity.Importing.Conversion.Geometry:GetMaterials(ObjectFlag, Action`1) (at Assets/Scripts/Importing/Conversion/Geometry.cs:568)
                         SanAndreasUnity.Behaviours.World.StaticGeometry:OnLoad() (at Assets/Scripts/Behaviours/World/StaticGeometry.cs:130)
                         SanAndreasUnity.Behaviours.MapObject:Show() (at Assets/Scripts/Behaviours/MapObject.cs:114)
                         SanAndreasUnity.Behaviours.World.Division:LoadWhile(Func`1) (at Assets/Scripts/Behaviours/World/Division.cs:301)
                         SanAndreasUnity.Behaviours.World.Cell:Update() (at Assets/Scripts/Behaviours/World/Cell.cs:127)

[12:16:04] Main/Warning: Unable to find texture highshopwall1256
             Stacktrace: UnityEngine.Debug:LogWarningFormat(String, Object[])
                         SanAndreasUnity.Importing.Conversion.Geometry:Convert(Material, TextureDictionary[], MaterialFlags) (at Assets/Scripts/Importing/Conversion/Geometry.cs:216)
                         SanAndreasUnity.Importing.Conversion.<GetMaterials>c__AnonStorey2:<>m__0(Material) (at Assets/Scripts/Importing/Conversion/Geometry.cs:586)
                         System.Linq.Enumerable:ToArray(IEnumerable`1)
                         SanAndreasUnity.Importing.Conversion.Geometry:GetMaterials(MaterialFlags, Action`1) (at Assets/Scripts/Importing/Conversion/Geometry.cs:589)
                         SanAndreasUnity.Importing.Conversion.Geometry:GetMaterials(ObjectFlag, Action`1) (at Assets/Scripts/Importing/Conversion/Geometry.cs:568)
                         SanAndreasUnity.Behaviours.World.StaticGeometry:OnLoad() (at Assets/Scripts/Behaviours/World/StaticGeometry.cs:130)
                         SanAndreasUnity.Behaviours.MapObject:Show() (at Assets/Scripts/Behaviours/MapObject.cs:114)
                         SanAndreasUnity.Behaviours.World.Division:LoadWhile(Func`1) (at Assets/Scripts/Behaviours/World/Division.cs:301)
                         SanAndreasUnity.Behaviours.World.Cell:Update() (at Assets/Scripts/Behaviours/World/Cell.cs:127)

[12:16:04] Main/Warning: Unable to find texture vegaspavement2_256
             Stacktrace: UnityEngine.Debug:LogWarningFormat(String, Object[])
                         SanAndreasUnity.Importing.Conversion.Geometry:Convert(Material, TextureDictionary[], MaterialFlags) (at Assets/Scripts/Importing/Conversion/Geometry.cs:216)
                         SanAndreasUnity.Importing.Conversion.<GetMaterials>c__AnonStorey2:<>m__0(Material) (at Assets/Scripts/Importing/Conversion/Geometry.cs:586)
                         System.Linq.Enumerable:ToArray(IEnumerable`1)
                         SanAndreasUnity.Importing.Conversion.Geometry:GetMaterials(MaterialFlags, Action`1) (at Assets/Scripts/Importing/Conversion/Geometry.cs:589)
                         SanAndreasUnity.Importing.Conversion.Geometry:GetMaterials(ObjectFlag, Action`1) (at Assets/Scripts/Importing/Conversion/Geometry.cs:568)
                         SanAndreasUnity.Behaviours.World.StaticGeometry:OnLoad() (at Assets/Scripts/Behaviours/World/StaticGeometry.cs:130)
                         SanAndreasUnity.Behaviours.MapObject:Show() (at Assets/Scripts/Behaviours/MapObject.cs:114)
                         SanAndreasUnity.Behaviours.World.Division:LoadWhile(Func`1) (at Assets/Scripts/Behaviours/World/Division.cs:301)
                         SanAndreasUnity.Behaviours.World.Cell:Update() (at Assets/Scripts/Behaviours/World/Cell.cs:127)

[12:16:04] Main/Log: 0
[12:16:04] Main/Log: 0
[12:16:04] Main/Log: 0
[12:16:04] Main/Warning: Unable to find texture vgnacmotel5_128
             Stacktrace: UnityEngine.Debug:LogWarningFormat(String, Object[])
                         SanAndreasUnity.Importing.Conversion.Geometry:Convert(Material, TextureDictionary[], MaterialFlags) (at Assets/Scripts/Importing/Conversion/Geometry.cs:216)
                         SanAndreasUnity.Importing.Conversion.<GetMaterials>c__AnonStorey2:<>m__0(Material) (at Assets/Scripts/Importing/Conversion/Geometry.cs:586)
                         System.Linq.Enumerable:ToArray(IEnumerable`1)
                         SanAndreasUnity.Importing.Conversion.Geometry:GetMaterials(MaterialFlags, Action`1) (at Assets/Scripts/Importing/Conversion/Geometry.cs:589)
                         SanAndreasUnity.Importing.Conversion.Geometry:GetMaterials(ObjectFlag, Action`1) (at Assets/Scripts/Importing/Conversion/Geometry.cs:568)
                         SanAndreasUnity.Behaviours.World.StaticGeometry:OnLoad() (at Assets/Scripts/Behaviours/World/StaticGeometry.cs:130)
                         SanAndreasUnity.Behaviours.MapObject:Show() (at Assets/Scripts/Behaviours/MapObject.cs:114)
                         SanAndreasUnity.Behaviours.World.Division:LoadWhile(Func`1) (at Assets/Scripts/Behaviours/World/Division.cs:301)
                         SanAndreasUnity.Behaviours.World.Cell:Update() (at Assets/Scripts/Behaviours/World/Cell.cs:127)

[12:16:04] Main/Warning: Unable to find texture vgnacmotel2_256
             Stacktrace: UnityEngine.Debug:LogWarningFormat(String, Object[])
                         SanAndreasUnity.Importing.Conversion.Geometry:Convert(Material, TextureDictionary[], MaterialFlags) (at Assets/Scripts/Importing/Conversion/Geometry.cs:216)
                         SanAndreasUnity.Importing.Conversion.<GetMaterials>c__AnonStorey2:<>m__0(Material) (at Assets/Scripts/Importing/Conversion/Geometry.cs:586)
                         System.Linq.Enumerable:ToArray(IEnumerable`1)
                         SanAndreasUnity.Importing.Conversion.Geometry:GetMaterials(MaterialFlags, Action`1) (at Assets/Scripts/Importing/Conversion/Geometry.cs:589)
                         SanAndreasUnity.Importing.Conversion.Geometry:GetMaterials(ObjectFlag, Action`1) (at Assets/Scripts/Importing/Conversion/Geometry.cs:568)
                         SanAndreasUnity.Behaviours.World.StaticGeometry:OnLoad() (at Assets/Scripts/Behaviours/World/StaticGeometry.cs:130)
                         SanAndreasUnity.Behaviours.MapObject:Show() (at Assets/Scripts/Behaviours/MapObject.cs:114)
                         SanAndreasUnity.Behaviours.World.Division:LoadWhile(Func`1) (at Assets/Scripts/Behaviours/World/Division.cs:301)
                         SanAndreasUnity.Behaviours.World.Cell:Update() (at Assets/Scripts/Behaviours/World/Cell.cs:127)

[12:16:04] Main/Log: 0
[12:16:04] Main/Log: 0
[12:16:04] Main/Log: 0
[12:16:04] Main/Log: 0
[12:16:04] Main/Log: 0
[12:16:04] Main/Log: 0
[12:16:04] Main/Log: 0
[12:16:04] Main/Log: 0
[12:16:04] Main/Log: 0
[12:16:04] Main/Log: 0
[12:16:04] Main/Log: 0
[12:16:04] Main/Log: 0
[12:16:05] Main/Log: 0
[12:16:05] Main/Warning: Unable to find texture vgnburger_256_lod
             Stacktrace: UnityEngine.Debug:LogWarningFormat(String, Object[])
                         SanAndreasUnity.Importing.Conversion.Geometry:Convert(Material, TextureDictionary[], MaterialFlags) (at Assets/Scripts/Importing/Conversion/Geometry.cs:216)
                         SanAndreasUnity.Importing.Conversion.<GetMaterials>c__AnonStorey2:<>m__0(Material) (at Assets/Scripts/Importing/Conversion/Geometry.cs:586)
                         System.Linq.Enumerable:ToArray(IEnumerable`1)
                         SanAndreasUnity.Importing.Conversion.Geometry:GetMaterials(MaterialFlags, Action`1) (at Assets/Scripts/Importing/Conversion/Geometry.cs:589)
                         SanAndreasUnity.Importing.Conversion.Geometry:GetMaterials(ObjectFlag, Action`1) (at Assets/Scripts/Importing/Conversion/Geometry.cs:568)
                         SanAndreasUnity.Behaviours.World.StaticGeometry:OnLoad() (at Assets/Scripts/Behaviours/World/StaticGeometry.cs:130)
                         SanAndreasUnity.Behaviours.MapObject:Show() (at Assets/Scripts/Behaviours/MapObject.cs:114)
                         SanAndreasUnity.Behaviours.World.Division:LoadWhile(Func`1) (at Assets/Scripts/Behaviours/World/Division.cs:301)
                         SanAndreasUnity.Behaviours.World.Cell:Update() (at Assets/Scripts/Behaviours/World/Cell.cs:127)

[12:16:05] Main/Warning: Unable to find texture pizza_wellstacked_lod
             Stacktrace: UnityEngine.Debug:LogWarningFormat(String, Object[])
                         SanAndreasUnity.Importing.Conversion.Geometry:Convert(Material, TextureDictionary[], MaterialFlags) (at Assets/Scripts/Importing/Conversion/Geometry.cs:216)
                         SanAndreasUnity.Importing.Conversion.<GetMaterials>c__AnonStorey2:<>m__0(Material) (at Assets/Scripts/Importing/Conversion/Geometry.cs:586)
                         System.Linq.Enumerable:ToArray(IEnumerable`1)
                         SanAndreasUnity.Importing.Conversion.Geometry:GetMaterials(MaterialFlags, Action`1) (at Assets/Scripts/Importing/Conversion/Geometry.cs:589)
                         SanAndreasUnity.Importing.Conversion.Geometry:GetMaterials(ObjectFlag, Action`1) (at Assets/Scripts/Importing/Conversion/Geometry.cs:568)
                         SanAndreasUnity.Behaviours.World.StaticGeometry:OnLoad() (at Assets/Scripts/Behaviours/World/StaticGeometry.cs:130)
                         SanAndreasUnity.Behaviours.MapObject:Show() (at Assets/Scripts/Behaviours/MapObject.cs:114)
                         SanAndreasUnity.Behaviours.World.Division:LoadWhile(Func`1) (at Assets/Scripts/Behaviours/World/Division.cs:301)
                         SanAndreasUnity.Behaviours.World.Cell:Update() (at Assets/Scripts/Behaviours/World/Cell.cs:127)

[12:16:05] Main/Warning: Unable to find texture elcid3_256
             Stacktrace: UnityEngine.Debug:LogWarningFormat(String, Object[])
                         SanAndreasUnity.Importing.Conversion.Geometry:Convert(Material, TextureDictionary[], MaterialFlags) (at Assets/Scripts/Importing/Conversion/Geometry.cs:216)
                         SanAndreasUnity.Importing.Conversion.<GetMaterials>c__AnonStorey2:<>m__0(Material) (at Assets/Scripts/Importing/Conversion/Geometry.cs:586)
                         System.Linq.Enumerable:ToArray(IEnumerable`1)
                         SanAndreasUnity.Importing.Conversion.Geometry:GetMaterials(MaterialFlags, Action`1) (at Assets/Scripts/Importing/Conversion/Geometry.cs:589)
                         SanAndreasUnity.Importing.Conversion.Geometry:GetMaterials(ObjectFlag, Action`1) (at Assets/Scripts/Importing/Conversion/Geometry.cs:568)
                         SanAndreasUnity.Behaviours.World.StaticGeometry:OnLoad() (at Assets/Scripts/Behaviours/World/StaticGeometry.cs:130)
                         SanAndreasUnity.Behaviours.MapObject:Show() (at Assets/Scripts/Behaviours/MapObject.cs:114)
                         SanAndreasUnity.Behaviours.World.Division:LoadWhile(Func`1) (at Assets/Scripts/Behaviours/World/Division.cs:301)
                         SanAndreasUnity.Behaviours.World.Cell:Update() (at Assets/Scripts/Behaviours/World/Cell.cs:127)

[12:16:05] Main/Warning: Unable to find texture bluapartwall1_256
             Stacktrace: UnityEngine.Debug:LogWarningFormat(String, Object[])
                         SanAndreasUnity.Importing.Conversion.Geometry:Convert(Material, TextureDictionary[], MaterialFlags) (at Assets/Scripts/Importing/Conversion/Geometry.cs:216)
                         SanAndreasUnity.Importing.Conversion.<GetMaterials>c__AnonStorey2:<>m__0(Material) (at Assets/Scripts/Importing/Conversion/Geometry.cs:586)
                         System.Linq.Enumerable:ToArray(IEnumerable`1)
                         SanAndreasUnity.Importing.Conversion.Geometry:GetMaterials(MaterialFlags, Action`1) (at Assets/Scripts/Importing/Conversion/Geometry.cs:589)
                         SanAndreasUnity.Importing.Conversion.Geometry:GetMaterials(ObjectFlag, Action`1) (at Assets/Scripts/Importing/Conversion/Geometry.cs:568)
                         SanAndreasUnity.Behaviours.World.StaticGeometry:OnLoad() (at Assets/Scripts/Behaviours/World/StaticGeometry.cs:130)
                         SanAndreasUnity.Behaviours.MapObject:Show() (at Assets/Scripts/Behaviours/MapObject.cs:114)
                         SanAndreasUnity.Behaviours.World.Division:LoadWhile(Func`1) (at Assets/Scripts/Behaviours/World/Division.cs:301)
                         SanAndreasUnity.Behaviours.World.Cell:Update() (at Assets/Scripts/Behaviours/World/Cell.cs:127)

[12:16:05] Main/Log: 0
[12:16:05] Main/Log: 0
[12:16:05] Main/Warning: Unable to find texture vgnhsewall1_256
             Stacktrace: UnityEngine.Debug:LogWarningFormat(String, Object[])
                         SanAndreasUnity.Importing.Conversion.Geometry:Convert(Material, TextureDictionary[], MaterialFlags) (at Assets/Scripts/Importing/Conversion/Geometry.cs:216)
                         SanAndreasUnity.Importing.Conversion.<GetMaterials>c__AnonStorey2:<>m__0(Material) (at Assets/Scripts/Importing/Conversion/Geometry.cs:586)
                         System.Linq.Enumerable:ToArray(IEnumerable`1)
                         SanAndreasUnity.Importing.Conversion.Geometry:GetMaterials(MaterialFlags, Action`1) (at Assets/Scripts/Importing/Conversion/Geometry.cs:589)
                         SanAndreasUnity.Importing.Conversion.Geometry:GetMaterials(ObjectFlag, Action`1) (at Assets/Scripts/Importing/Conversion/Geometry.cs:568)
                         SanAndreasUnity.Behaviours.World.StaticGeometry:OnLoad() (at Assets/Scripts/Behaviours/World/StaticGeometry.cs:130)
                         SanAndreasUnity.Behaviours.MapObject:Show() (at Assets/Scripts/Behaviours/MapObject.cs:114)
                         SanAndreasUnity.Behaviours.World.Division:LoadWhile(Func`1) (at Assets/Scripts/Behaviours/World/Division.cs:301)
                         SanAndreasUnity.Behaviours.World.Cell:Update() (at Assets/Scripts/Behaviours/World/Cell.cs:127)

[12:16:05] Main/Log: 0
[12:16:05] Main/Warning: Unable to find texture alleywall3
             Stacktrace: UnityEngine.Debug:LogWarningFormat(String, Object[])
                         SanAndreasUnity.Importing.Conversion.Geometry:Convert(Material, TextureDictionary[], MaterialFlags) (at Assets/Scripts/Importing/Conversion/Geometry.cs:216)
                         SanAndreasUnity.Importing.Conversion.<GetMaterials>c__AnonStorey2:<>m__0(Material) (at Assets/Scripts/Importing/Conversion/Geometry.cs:586)
                         System.Linq.Enumerable:ToArray(IEnumerable`1)
                         SanAndreasUnity.Importing.Conversion.Geometry:GetMaterials(MaterialFlags, Action`1) (at Assets/Scripts/Importing/Conversion/Geometry.cs:589)
                         SanAndreasUnity.Importing.Conversion.Geometry:GetMaterials(ObjectFlag, Action`1) (at Assets/Scripts/Importing/Conversion/Geometry.cs:568)
                         SanAndreasUnity.Behaviours.World.StaticGeometry:OnLoad() (at Assets/Scripts/Behaviours/World/StaticGeometry.cs:130)
                         SanAndreasUnity.Behaviours.MapObject:Show() (at Assets/Scripts/Behaviours/MapObject.cs:114)
                         SanAndreasUnity.Behaviours.World.Division:LoadWhile(Func`1) (at Assets/Scripts/Behaviours/World/Division.cs:301)
                         SanAndreasUnity.Behaviours.World.Cell:Update() (at Assets/Scripts/Behaviours/World/Cell.cs:127)

[12:16:05] Main/Warning: Unable to find texture garageledge01_64
             Stacktrace: UnityEngine.Debug:LogWarningFormat(String, Object[])
                         SanAndreasUnity.Importing.Conversion.Geometry:Convert(Material, TextureDictionary[], MaterialFlags) (at Assets/Scripts/Importing/Conversion/Geometry.cs:216)
                         SanAndreasUnity.Importing.Conversion.<GetMaterials>c__AnonStorey2:<>m__0(Material) (at Assets/Scripts/Importing/Conversion/Geometry.cs:586)
                         System.Linq.Enumerable:ToArray(IEnumerable`1)
                         SanAndreasUnity.Importing.Conversion.Geometry:GetMaterials(MaterialFlags, Action`1) (at Assets/Scripts/Importing/Conversion/Geometry.cs:589)
                         SanAndreasUnity.Importing.Conversion.Geometry:GetMaterials(ObjectFlag, Action`1) (at Assets/Scripts/Importing/Conversion/Geometry.cs:568)
                         SanAndreasUnity.Behaviours.World.StaticGeometry:OnLoad() (at Assets/Scripts/Behaviours/World/StaticGeometry.cs:130)
                         SanAndreasUnity.Behaviours.MapObject:Show() (at Assets/Scripts/Behaviours/MapObject.cs:114)
                         SanAndreasUnity.Behaviours.World.Division:LoadWhile(Func`1) (at Assets/Scripts/Behaviours/World/Division.cs:301)
                         SanAndreasUnity.Behaviours.World.Cell:Update() (at Assets/Scripts/Behaviours/World/Cell.cs:127)

[12:16:05] Main/Log: 0
[12:16:05] Main/Log: 0
[12:16:05] Main/Warning: Unable to find texture vgnfirestat1_256
             Stacktrace: UnityEngine.Debug:LogWarningFormat(String, Object[])
                         SanAndreasUnity.Importing.Conversion.Geometry:Convert(Material, TextureDictionary[], MaterialFlags) (at Assets/Scripts/Importing/Conversion/Geometry.cs:216)
                         SanAndreasUnity.Importing.Conversion.<GetMaterials>c__AnonStorey2:<>m__0(Material) (at Assets/Scripts/Importing/Conversion/Geometry.cs:586)
                         System.Linq.Enumerable:ToArray(IEnumerable`1)
                         SanAndreasUnity.Importing.Conversion.Geometry:GetMaterials(MaterialFlags, Action`1) (at Assets/Scripts/Importing/Conversion/Geometry.cs:589)
                         SanAndreasUnity.Importing.Conversion.Geometry:GetMaterials(ObjectFlag, Action`1) (at Assets/Scripts/Importing/Conversion/Geometry.cs:568)
                         SanAndreasUnity.Behaviours.World.StaticGeometry:OnLoad() (at Assets/Scripts/Behaviours/World/StaticGeometry.cs:130)
                         SanAndreasUnity.Behaviours.MapObject:Show() (at Assets/Scripts/Behaviours/MapObject.cs:114)
                         SanAndreasUnity.Behaviours.World.Division:LoadWhile(Func`1) (at Assets/Scripts/Behaviours/World/Division.cs:301)
                         SanAndreasUnity.Behaviours.World.Cell:Update() (at Assets/Scripts/Behaviours/World/Cell.cs:127)

[12:16:05] Main/Log: 0
[12:16:05] Main/Warning: Unable to find texture vgnhsewall1_256
             Stacktrace: UnityEngine.Debug:LogWarningFormat(String, Object[])
                         SanAndreasUnity.Importing.Conversion.Geometry:Convert(Material, TextureDictionary[], MaterialFlags) (at Assets/Scripts/Importing/Conversion/Geometry.cs:216)
                         SanAndreasUnity.Importing.Conversion.<GetMaterials>c__AnonStorey2:<>m__0(Material) (at Assets/Scripts/Importing/Conversion/Geometry.cs:586)
                         System.Linq.Enumerable:ToArray(IEnumerable`1)
                         SanAndreasUnity.Importing.Conversion.Geometry:GetMaterials(MaterialFlags, Action`1) (at Assets/Scripts/Importing/Conversion/Geometry.cs:589)
                         SanAndreasUnity.Importing.Conversion.Geometry:GetMaterials(ObjectFlag, Action`1) (at Assets/Scripts/Importing/Conversion/Geometry.cs:568)
                         SanAndreasUnity.Behaviours.World.StaticGeometry:OnLoad() (at Assets/Scripts/Behaviours/World/StaticGeometry.cs:130)
                         SanAndreasUnity.Behaviours.MapObject:Show() (at Assets/Scripts/Behaviours/MapObject.cs:114)
                         SanAndreasUnity.Behaviours.World.Division:LoadWhile(Func`1) (at Assets/Scripts/Behaviours/World/Division.cs:301)
                         SanAndreasUnity.Behaviours.World.Cell:Update() (at Assets/Scripts/Behaviours/World/Cell.cs:127)

[12:16:05] Main/Log: 0
[12:16:05] Main/Log: 0
[12:16:05] Main/Warning: Unable to find texture Grass
             Stacktrace: UnityEngine.Debug:LogWarningFormat(String, Object[])
                         SanAndreasUnity.Importing.Conversion.Geometry:Convert(Material, TextureDictionary[], MaterialFlags) (at Assets/Scripts/Importing/Conversion/Geometry.cs:216)
                         SanAndreasUnity.Importing.Conversion.<GetMaterials>c__AnonStorey2:<>m__0(Material) (at Assets/Scripts/Importing/Conversion/Geometry.cs:586)
                         System.Linq.Enumerable:ToArray(IEnumerable`1)
                         SanAndreasUnity.Importing.Conversion.Geometry:GetMaterials(MaterialFlags, Action`1) (at Assets/Scripts/Importing/Conversion/Geometry.cs:589)
                         SanAndreasUnity.Importing.Conversion.Geometry:GetMaterials(ObjectFlag, Action`1) (at Assets/Scripts/Importing/Conversion/Geometry.cs:568)
                         SanAndreasUnity.Behaviours.World.StaticGeometry:OnLoad() (at Assets/Scripts/Behaviours/World/StaticGeometry.cs:130)
                         SanAndreasUnity.Behaviours.MapObject:Show() (at Assets/Scripts/Behaviours/MapObject.cs:114)
                         SanAndreasUnity.Behaviours.World.Division:LoadWhile(Func`1) (at Assets/Scripts/Behaviours/World/Division.cs:301)
                         SanAndreasUnity.Behaviours.World.Cell:Update() (at Assets/Scripts/Behaviours/World/Cell.cs:127)

[12:16:05] Main/Log: 0
[12:16:05] Main/Warning: Unable to find texture sw_wind12
             Stacktrace: UnityEngine.Debug:LogWarningFormat(String, Object[])
                         SanAndreasUnity.Importing.Conversion.Geometry:Convert(Material, TextureDictionary[], MaterialFlags) (at Assets/Scripts/Importing/Conversion/Geometry.cs:216)
                         SanAndreasUnity.Importing.Conversion.<GetMaterials>c__AnonStorey2:<>m__0(Material) (at Assets/Scripts/Importing/Conversion/Geometry.cs:586)
                         System.Linq.Enumerable:ToArray(IEnumerable`1)
                         SanAndreasUnity.Importing.Conversion.Geometry:GetMaterials(MaterialFlags, Action`1) (at Assets/Scripts/Importing/Conversion/Geometry.cs:589)
                         SanAndreasUnity.Importing.Conversion.Geometry:GetMaterials(ObjectFlag, Action`1) (at Assets/Scripts/Importing/Conversion/Geometry.cs:568)
                         SanAndreasUnity.Behaviours.World.StaticGeometry:OnLoad() (at Assets/Scripts/Behaviours/World/StaticGeometry.cs:130)
                         SanAndreasUnity.Behaviours.MapObject:Show() (at Assets/Scripts/Behaviours/MapObject.cs:114)
                         SanAndreasUnity.Behaviours.World.Division:LoadWhile(Func`1) (at Assets/Scripts/Behaviours/World/Division.cs:301)
                         SanAndreasUnity.Behaviours.World.Cell:Update() (at Assets/Scripts/Behaviours/World/Cell.cs:127)

[12:16:05] Main/Warning: Unable to find texture GB_nastybar20
             Stacktrace: UnityEngine.Debug:LogWarningFormat(String, Object[])
                         SanAndreasUnity.Importing.Conversion.Geometry:Convert(Material, TextureDictionary[], MaterialFlags) (at Assets/Scripts/Importing/Conversion/Geometry.cs:216)
                         SanAndreasUnity.Importing.Conversion.<GetMaterials>c__AnonStorey2:<>m__0(Material) (at Assets/Scripts/Importing/Conversion/Geometry.cs:586)
                         System.Linq.Enumerable:ToArray(IEnumerable`1)
                         SanAndreasUnity.Importing.Conversion.Geometry:GetMaterials(MaterialFlags, Action`1) (at Assets/Scripts/Importing/Conversion/Geometry.cs:589)
                         SanAndreasUnity.Importing.Conversion.Geometry:GetMaterials(ObjectFlag, Action`1) (at Assets/Scripts/Importing/Conversion/Geometry.cs:568)
                         SanAndreasUnity.Behaviours.World.StaticGeometry:OnLoad() (at Assets/Scripts/Behaviours/World/StaticGeometry.cs:130)
                         SanAndreasUnity.Behaviours.MapObject:Show() (at Assets/Scripts/Behaviours/MapObject.cs:114)
                         SanAndreasUnity.Behaviours.World.Division:LoadWhile(Func`1) (at Assets/Scripts/Behaviours/World/Division.cs:301)
                         SanAndreasUnity.Behaviours.World.Cell:Update() (at Assets/Scripts/Behaviours/World/Cell.cs:127)

[12:16:05] Main/Log: 0
[12:16:05] Main/Log: 0
[12:16:05] Main/Log: 0
[12:16:05] Main/Log: 0
[12:16:05] Main/Log: 0
[12:16:05] Main/Log: 0
[12:16:05] Main/Log: 0
[12:16:05] Main/Log: 0
[12:16:05] Main/Log: 0
[12:16:05] Main/Log: 0
[12:16:05] Main/Log: 0
[12:16:05] Main/Log: 0
[12:16:05] Main/Log: 0
[12:16:05] Main/Log: 0
[12:16:05] Main/Log: 0
[12:16:05] Main/Log: 0
[12:16:05] Main/Log: 0
[12:16:05] Main/Log: 0
[12:16:05] Main/Log: 0
[12:16:05] Main/Log: 0
[12:16:05] Main/Log: 0
[12:16:05] Main/Log: 0
[12:16:05] Main/Log: 0
[12:16:05] Main/Log: 0
[12:16:05] Main/Log: 0
[12:16:05] Main/Log: 0
[12:16:05] Main/Log: 0
[12:16:05] Main/Log: 0
[12:16:05] Main/Log: 0
[12:16:05] Main/Log: 0
[12:16:05] Main/Log: 0
[12:16:05] Main/Log: 0
[12:16:05] Main/Log: 0
[12:16:05] Main/Log: 0
[12:16:05] Main/Log: 0
[12:16:05] Main/Log: 0
[12:16:05] Main/Log: 0
[12:16:05] Main/Log: 0
[12:16:05] Main/Log: 0
[12:16:05] Main/Log: 0
[12:16:06] Main/Log: 0
[12:16:06] Main/Log: 0
[12:16:06] Main/Log: 0
[12:16:06] Main/Log: 0
[12:16:06] Main/Log: 0
[12:16:06] Main/Log: 0
[12:16:06] Main/Log: 0
[12:16:06] Main/Log: 0
[12:16:06] Main/Log: 0
[12:16:06] Main/Log: 0
[12:16:06] Main/Log: 0
[12:16:06] Main/Log: 0
[12:16:06] Main/Log: 0
[12:16:06] Main/Log: 0
[12:16:06] Main/Log: 0
[12:16:06] Main/Log: 0
[12:16:06] Main/Log: 0
[12:16:06] Main/Log: 0
[12:16:06] Main/Log: 0
[12:16:06] Main/Log: 0
[12:16:06] Main/Log: 0
[12:16:06] Main/Log: 0
[12:16:06] Main/Log: 0
[12:16:06] Main/Log: 0
[12:16:06] Main/Log: 0
[12:16:06] Main/Log: 0
[12:16:06] Main/Log: 0
[12:16:06] Main/Log: 0
[12:16:06] Main/Log: 0
[12:16:06] Main/Log: 0
[12:16:06] Main/Log: 0
[12:16:06] Main/Log: 0
[12:16:06] Main/Log: 0
[12:16:06] Main/Log: 0
[12:16:06] Main/Log: 0
[12:16:06] Main/Log: 0
[12:16:06] Main/Log: 0
[12:16:06] Main/Log: 0
[12:16:06] Main/Log: 0
[12:16:06] Main/Log: 0
[12:16:06] Main/Log: 0
[12:16:06] Main/Log: 0
[12:16:06] Main/Log: 0
[12:16:06] Main/Log: 0
[12:16:06] Main/Log: 0
[12:16:06] Main/Log: 0
[12:16:06] Main/Log: 0
[12:16:06] Main/Log: 0
[12:16:06] Main/Log: 0
[12:16:06] Main/Log: 0
[12:16:06] Main/Log: 0
[12:16:07] Main/Log: 0
[12:16:07] Main/Log: 0
[12:16:07] Main/Log: 0
[12:16:07] Main/Log: 0
[12:16:07] Main/Log: 0
[12:16:07] Main/Log: 0
[12:16:07] Main/Log: 0
[12:16:07] Main/Log: 0
[12:16:07] Main/Log: 0
[12:16:07] Main/Log: 0
[12:16:07] Main/Log: 0
[12:16:07] Main/Log: 0
[12:16:07] Main/Log: 0
[12:16:07] Main/Log: 0
[12:16:07] Main/Log: 0
[12:16:07] Main/Log: 0
[12:16:07] Main/Log: 0
[12:16:07] Main/Log: 0
[12:16:07] Main/Log: 0
[12:16:07] Main/Log: 0
[12:16:07] Main/Log: 0
[12:16:07] Main/Log: 0
[12:16:07] Main/Log: 0
[12:16:07] Main/Log: 0
[12:16:07] Main/Log: 0
[12:16:07] Main/Log: 0
[12:16:07] Main/Log: 0
[12:16:07] Main/Log: 0
[12:16:07] Main/Log: 0
[12:16:07] Main/Log: 0
[12:16:07] Main/Log: 0
[12:16:07] Main/Log: 0
[12:16:07] Main/Log: 0
[12:16:07] Main/Log: 0
[12:16:07] Main/Log: 0
[12:16:07] Main/Log: 0
[12:16:07] Main/Log: 0
[12:16:07] Main/Log: 0
[12:16:07] Main/Log: 0
[12:16:07] Main/Log: 0
[12:16:07] Main/Log: 0
[12:16:07] Main/Log: 0
[12:16:07] Main/Log: 0
[12:16:07] Main/Log: 0
[12:16:07] Main/Log: 0
[12:16:07] Main/Log: 0
[12:16:07] Main/Log: 0
[12:16:07] Main/Log: 0
[12:16:07] Main/Log: 0
[12:16:08] Main/Log: 0
[12:16:08] Main/Log: 0
[12:16:08] Main/Log: 0
[12:16:08] Main/Log: 0
[12:16:08] Main/Log: 0
[12:16:08] Main/Log: 0
[12:16:08] Main/Log: 0
[12:16:08] Main/Log: 0
[12:16:08] Main/Log: 0
[12:16:08] Main/Log: 0
[12:16:08] Main/Log: 0
[12:16:08] Main/Log: 0
[12:16:08] Main/Log: 0
[12:16:08] Main/Log: 0
[12:16:08] Main/Log: 0
[12:16:08] Main/Log: 0
[12:16:08] Main/Log: 0
[12:16:08] Main/Log: 0
[12:16:08] Main/Log: 0
[12:16:08] Main/Log: 0
[12:16:08] Main/Log: 0
[12:16:08] Main/Log: 0
[12:16:08] Main/Log: 0
[12:16:08] Main/Log: 0
[12:16:08] Main/Log: 0
[12:16:08] Main/Log: 0
[12:16:08] Main/Log: 0
[12:16:08] Main/Log: 0
[12:16:08] Main/Log: 0
[12:16:08] Main/Log: 0
[12:16:08] Main/Log: 0
[12:16:08] Main/Log: 0
[12:16:08] Main/Log: 0
[12:16:08] Main/Log: 0
[12:16:08] Main/Log: 0
[12:16:08] Main/Log: 0
[12:16:08] Main/Log: 0
[12:16:08] Main/Log: 0
[12:16:08] Main/Log: 0
[12:16:08] Main/Log: 0
[12:16:08] Main/Log: 0
[12:16:08] Main/Log: 0
[12:16:08] Main/Log: 0
[12:16:08] Main/Log: 0
[12:16:08] Main/Log: 0
[12:16:08] Main/Log: 0
[12:16:08] Main/Log: 0
[12:16:08] Main/Log: 0
[12:16:08] Main/Log: 0
[12:16:08] Main/Log: 0
[12:16:09] Main/Log: 0
[12:16:09] Main/Log: 0
[12:16:09] Main/Log: 0
[12:16:09] Main/Log: 0
[12:16:09] Main/Log: 0
[12:16:09] Main/Log: 0
[12:16:09] Main/Log: 0
[12:16:09] Main/Log: 0
[12:16:09] Main/Log: 0
[12:16:09] Main/Log: 0
[12:16:09] Main/Log: 0
[12:16:09] Main/Log: 0
[12:16:09] Main/Log: 0
[12:16:09] Main/Log: 0
[12:16:09] Main/Log: 0
[12:16:09] Main/Log: 0
[12:16:09] Main/Log: 0
[12:16:09] Main/Log: 0
[12:16:09] Main/Log: 0
[12:16:09] Main/Log: 0
[12:16:09] Main/Log: 0
[12:16:09] Main/Log: 0
[12:16:09] Main/Log: 0
[12:16:09] Main/Log: 0
[12:16:09] Main/Log: 0
[12:16:09] Main/Log: 0
[12:16:09] Main/Log: 0
[12:16:09] Main/Log: 0
[12:16:09] Main/Log: 0
[12:16:09] Main/Log: 0
[12:16:09] Main/Log: 0
[12:16:09] Main/Log: 0
[12:16:09] Main/Log: 0
[12:16:09] Main/Log: 0
[12:16:09] Main/Log: 0
[12:16:09] Main/Log: 0
[12:16:09] Main/Log: 0
[12:16:09] Main/Log: 0
[12:16:09] Main/Log: 0
[12:16:09] Main/Log: 0
[12:16:09] Main/Log: 0
[12:16:09] Main/Log: Time set to Midnight! (62876.55)
[12:16:09] Main/Log: 0.7465706
[12:16:09] Main/Log: 0.7465708
[12:16:09] Main/Log: 0.7465708
[12:16:09] Main/Log: 0.746571
[12:16:09] Main/Log: 0.7465712
[12:16:09] Main/Log: 0.7465712
[12:16:09] Main/Log: 0.7465714
[12:16:09] Main/Log: 0.7465715
[12:16:09] Main/Log: 0.7465715
[12:16:10] Main/Log: 0.7465717
[12:16:10] Main/Log: 0.7465718
[12:16:10] Main/Log: 0.7465718
[12:16:10] Main/Log: 0.746572
[12:16:10] Main/Log: 0.7465722
[12:16:10] Main/Log: 0.7465722
[12:16:10] Main/Log: 0.7465724
[12:16:10] Main/Log: 0.7465724
[12:16:10] Main/Log: 0.7465726
[12:16:10] Main/Log: 0.7465727
[12:16:10] Main/Log: 0.7465727
[12:16:10] Main/Log: 0.7465729
[12:16:10] Main/Log: 0.746573
[12:16:10] Main/Log: 0.746573
[12:16:10] Main/Log: 0.7465732
[12:16:10] Main/Log: 0.7465734
[12:16:10] Main/Log: 0.7465734
[12:16:10] Main/Log: 0.7465736
[12:16:10] Main/Log: 0.7465736
[12:16:10] Main/Log: 0.7465737
[12:16:10] Main/Log: 0.7465739
[12:16:10] Main/Log: 0.7465739
[12:16:10] Main/Log: 0.746574
[12:16:10] Main/Log: 0.7465742
[12:16:10] Main/Log: 0.7465742
[12:16:10] Main/Log: 0.7465744
[12:16:10] Main/Log: 0.7465746
[12:16:10] Main/Log: 0.7465746
[12:16:10] Main/Log: 0.7465748
[12:16:10] Main/Log: 0.7465749
[12:16:10] Main/Log: 0.7465749
[12:16:10] Main/Log: 0.7465751
[12:16:10] Main/Log: 0.7465751
[12:16:10] Main/Log: 0.7465752
[12:16:10] Main/Log: 0.7465754
[12:16:10] Main/Log: 0.7465754
[12:16:10] Main/Log: 0.7465756
[12:16:10] Main/Log: 0.7465758
[12:16:10] Main/Log: 0.7465758
[12:16:10] Main/Log: 0.746576
[12:16:10] Main/Log: 0.7465761
[12:16:10] Main/Log: 0.7465761
[12:16:10] Main/Log: 0.7465762
[12:16:10] Main/Log: 0.7465762
[12:16:10] Main/Log: 0.7465764
[12:16:10] Main/Log: 0.7465766
[12:16:10] Main/Log: 0.7465766
[12:16:10] Main/Log: 0.7465768
[12:16:10] Main/Log: 0.746577
[12:16:10] Main/Log: 0.746577
[12:16:11] Main/Log: 0.7465771
[12:16:11] Main/Log: 0.7465773
[12:16:11] Main/Log: 0.7465773
[12:16:11] Main/Log: 0.7465774
[12:16:11] Main/Log: 0.7465776
[12:16:11] Main/Log: 0.7465776
[12:16:11] Main/Log: 0.7465778
[12:16:11] Main/Log: 0.7465778
[12:16:11] Main/Log: 0.746578
[12:16:11] Main/Log: 0.7465782
[12:16:11] Main/Log: 0.7465782
[12:16:11] Main/Log: 0.7465783
[12:16:11] Main/Log: 0.7465785
[12:16:11] Main/Log: 0.7465785
[12:16:11] Main/Log: 0.7465786
[12:16:11] Main/Log: 0.7465788
[12:16:11] Main/Log: 0.7465788
[12:16:11] Main/Log: 0.746579
[12:16:11] Main/Log: 0.746579
[12:16:11] Main/Log: 0.7465792
[12:16:11] Main/Log: 0.7465793
[12:16:11] Main/Log: 0.7465793
[12:16:11] Main/Log: 0.7465795
[12:16:11] Main/Log: 0.7465796
[12:16:11] Main/Log: 0.7465796
[12:16:11] Main/Log: 0.7465798
[12:16:11] Main/Log: 0.74658
[12:16:11] Main/Log: 0.74658
[12:16:11] Main/Log: 0.7465802
[12:16:11] Main/Log: 0.7465804
[12:16:11] Main/Log: 0.7465804
[12:16:11] Main/Log: 0.7465805
[12:16:11] Main/Log: 0.7465805
[12:16:11] Main/Log: 0.7465807
[12:16:11] Main/Log: 0.7465808
[12:16:11] Main/Log: 0.7465808
[12:16:11] Main/Log: 0.746581
[12:16:11] Main/Log: 0.7465812
[12:16:11] Main/Log: 0.7465812
[12:16:11] Main/Log: 0.7465814
[12:16:11] Main/Log: 0.7465815
[12:16:11] Main/Log: 0.7465815
[12:16:11] Main/Log: 0.7465817
[12:16:11] Main/Log: 0.7465817
[12:16:11] Main/Log: 0.7465819
[12:16:11] Main/Log: 0.746582
[12:16:11] Main/Log: 0.746582
[12:16:11] Main/Log: 0.7465822
[12:16:11] Main/Log: 0.7465824
[12:16:11] Main/Log: 0.7465824
[12:16:11] Main/Log: 0.7465826
[12:16:12] Main/Log: 0.7465827
[12:16:12] Main/Log: 0.7465827
[12:16:12] Main/Log: 0.7465829
[12:16:12] Main/Log: 0.746583
[12:16:12] Main/Log: 0.746583
[12:16:12] Main/Log: 0.7465832
[12:16:12] Main/Log: 0.7465832
[12:16:12] Main/Log: 0.7465834
[12:16:12] Main/Log: 0.7465836
[12:16:12] Main/Log: 0.7465836
[12:16:12] Main/Log: 0.7465837
[12:16:12] Main/Log: 0.7465839
[12:16:12] Main/Log: 0.7465839
[12:16:12] Main/Log: 0.7465841
[12:16:12] Main/Log: 0.7465842
[12:16:12] Main/Log: 0.7465842
[12:16:12] Main/Log: 0.7465844
[12:16:12] Main/Log: 0.7465844
[12:16:12] Main/Log: 0.7465846
[12:16:12] Main/Log: 0.7465848
[12:16:12] Main/Log: 0.7465848
[12:16:12] Main/Log: 0.7465849
[12:16:12] Main/Log: 0.7465851
[12:16:12] Main/Log: 0.7465851
[12:16:12] Main/Log: 0.7465852
[12:16:12] Main/Log: 0.7465854
[12:16:12] Main/Log: 0.7465854
[12:16:12] Main/Log: 0.7465856
[12:16:12] Main/Log: 0.7465858
[12:16:12] Main/Log: 0.7465858
[12:16:12] Main/Log: 0.7465859
[12:16:12] Main/Log: 0.7465859
[12:16:12] Main/Log: 0.7465861
[12:16:12] Main/Log: 0.7465863
[12:16:12] Main/Log: 0.7465863
[12:16:12] Main/Log: 0.7465864
[12:16:12] Main/Log: 0.7465866
[12:16:12] Main/Log: 0.7465866
[12:16:12] Main/Log: 0.7465868
[12:16:12] Main/Log: 0.7465869
[12:16:12] Main/Log: 0.7465869
[12:16:12] Main/Log: 0.7465871
[12:16:12] Main/Log: 0.7465871
[12:17:18] Main/Log: 0.7465873
[12:17:18] Main/Log: 0.7465875
[12:17:18] Main/Log: 0.7465875
[12:17:18] Main/Log: 0.7465876
[12:17:18] Main/Log: 0.7465878
[12:17:18] Main/Log: 0.7465878
[12:17:18] Main/Log: 0.746588
[12:17:18] Main/Log: 0.7465881
[12:17:18] Main/Log: 0.7465881
[12:17:18] Main/Log: 0.7465883
[12:17:18] Main/Log: 0.7465885
[12:17:18] Main/Log: 0.7465885
[12:17:18] Main/Log: 0.7465886
[12:17:18] Main/Log: 0.7465886
[12:17:18] Main/Log: 0.7465888
[12:17:18] Main/Log: 0.746589
[12:17:18] Main/Log: 0.746589
[12:17:18] Main/Log: 0.7465891
[12:17:18] Main/Log: 0.7465893
[12:17:18] Main/Log: 0.7465893
[12:17:18] Main/Log: 0.7465895
[12:17:18] Main/Log: 0.7465897
[12:17:18] Main/Log: 0.7465897
[12:17:18] Main/Log: 0.7465898
[12:17:18] Main/Log: 0.7465898
[12:17:19] Main/Log: 0.74659
[12:17:19] Main/Log: 0.7465902
[12:17:19] Main/Log: 0.7465902
[12:17:19] Main/Log: 0.7465903
[12:17:19] Main/Log: 0.7465905
[12:17:19] Main/Log: 0.7465905
[12:17:19] Main/Log: 0.7465907
[12:17:19] Main/Log: 0.7465909
[12:17:19] Main/Log: 0.7465909
[12:17:19] Main/Log: 0.746591
[12:17:19] Main/Log: 0.7465912
[12:17:19] Main/Log: 0.7465912
[12:17:19] Main/Log: 0.7465913
[12:17:19] Main/Log: 0.7465913
[12:17:19] Main/Log: 0.7465915
[12:17:19] Main/Log: 0.7465917
[12:17:19] Main/Log: 0.7465917
[12:17:19] Main/Log: 0.7465919
[12:17:19] Main/Log: 0.746592
[12:17:19] Main/Log: 0.746592
[12:17:19] Main/Log: 0.7465922
[12:17:19] Main/Log: 0.7465924
[12:17:19] Main/Log: 0.7465924
[12:17:19] Main/Log: 0.7465925
[12:17:19] Main/Log: 0.7465925
[12:17:19] Main/Log: 0.7465927
[12:17:19] Main/Log: 0.7465929
[12:17:19] Main/Log: 0.7465929
[12:17:19] Main/Log: 0.7465931
[12:17:19] Main/Log: 0.7465932
[12:17:19] Main/Log: 0.7465932
[12:17:19] Main/Log: 0.7465934
[12:17:19] Main/Log: 0.7465935
[12:17:19] Main/Log: 0.7465935
[12:17:19] Main/Log: 0.7465937
[12:17:19] Main/Log: 0.7465939
[12:17:19] Main/Log: 0.7465939
[12:17:19] Main/Log: 0.7465941
[12:17:19] Main/Log: 0.7465941
[12:17:19] Main/Log: 0.7465943
[12:17:19] Main/Log: 0.7465944
[12:17:19] Main/Log: 0.7465944
[12:17:19] Main/Log: 0.7465945
[12:17:19] Main/Log: 0.7465947
[12:17:19] Main/Log: 0.7465947
[12:17:19] Main/Log: 0.7465949
[12:17:19] Main/Log: 0.7465951
[12:17:19] Main/Log: 0.7465951
[12:17:19] Main/Log: 0.7465953
[12:17:19] Main/Log: 0.7465953
[12:17:19] Main/Log: 0.7465954
[12:17:20] Main/Log: 0.7465956
[12:17:20] Main/Log: 0.7465956
[12:17:20] Main/Log: 0.7465957
[12:17:20] Main/Log: 0.7465959
[12:17:20] Main/Log: 0.7465959
[12:17:20] Main/Log: 0.7465961
[12:17:20] Main/Log: 0.7465963
[12:17:20] Main/Log: 0.7465963
[12:17:20] Main/Log: 0.7465965
[12:17:20] Main/Log: 0.7465966
[12:17:20] Main/Log: 0.7465966
[12:17:20] Main/Log: 0.7465968
[12:17:20] Main/Log: 0.7465968
[12:17:20] Main/Log: 0.7465969
[12:17:20] Main/Log: 0.7465971
[12:17:20] Main/Log: 0.7465971
[12:17:20] Main/Log: 0.7465973
[12:17:20] Main/Log: 0.7465975
[12:17:20] Main/Log: 0.7465975
[12:17:20] Main/Log: 0.7465976
[12:17:20] Main/Log: 0.7465978
[12:17:20] Main/Log: 0.7465978
[12:17:20] Main/Log: 0.7465979
[12:17:20] Main/Log: 0.7465979
[12:17:20] Main/Log: 0.7465981
[12:17:20] Main/Log: 0.7465983
[12:17:20] Main/Log: 0.7465983
[12:17:20] Main/Log: 0.7465985
[12:17:20] Main/Log: 0.7465987
[12:17:20] Main/Log: 0.7465987
[12:17:20] Main/Log: 0.7465988
[12:17:20] Main/Log: 0.746599
[12:17:20] Main/Log: 0.746599
[12:17:20] Main/Log: 0.7465991
[12:17:20] Main/Log: 0.7465993
[12:17:20] Main/Log: 0.7465993
[12:17:20] Main/Log: 0.7465995
[12:17:20] Main/Log: 0.7465995
[12:17:20] Main/Log: 0.7465997
[12:17:20] Main/Log: 0.7465999
[12:17:20] Main/Log: 0.7465999
[12:17:20] Main/Log: 0.7466
[12:17:20] Main/Log: 0.7466002
[12:17:20] Main/Log: 0.7466002
[12:17:20] Main/Log: 0.7466003
[12:17:20] Main/Log: 0.7466005
[12:17:20] Main/Log: 0.7466005
[12:17:20] Main/Log: 0.7466007
[12:17:20] Main/Log: 0.7466007
[12:17:20] Main/Log: 0.7466009
[12:17:21] Main/Log: 0.746601
[12:17:21] Main/Log: 0.746601
[12:17:21] Main/Log: 0.7466012
[12:17:21] Main/Log: 0.7466013
[12:17:21] Main/Log: 0.7466013
[12:17:21] Main/Log: 0.7466015
[12:17:21] Main/Log: 0.7466017
[12:17:21] Main/Log: 0.7466017
[12:17:21] Main/Log: 0.7466019
[12:17:21] Main/Log: 0.7466021
[12:17:21] Main/Log: 0.7466021
[12:17:21] Main/Log: 0.7466022
[12:17:21] Main/Log: 0.7466022
[12:17:21] Main/Log: 0.7466024
[12:17:21] Main/Log: 0.7466025
[12:17:21] Main/Log: 0.7466025
[12:17:21] Main/Log: 0.7466027
[12:17:21] Main/Log: 0.7466029
[12:17:21] Main/Log: 0.7466029
